<?xml version="1.0" encoding="UTF-8"?>
<TestRun id="42ab6095-8f2f-4163-a597-01d899750530" name="DES01@DESENVOLVIMENTO 2010-11-10 17:04:57" runUser="DESENVOLVIMENTO\DES01" xmlns="http://microsoft.com/schemas/VisualStudio/TeamTest/2010">
  <TestSettings name="Local" id="ea351624-5c13-458c-b8cd-d92029f9404a">
    <Description>These are default test settings for a local test run.</Description>
    <Deployment enabled="false" runDeploymentRoot="DES01_DESENVOLVIMENTO 2010-11-10 17_04_57">
      <DeploymentItem filename="D:\GeradorDeCodigoTDD\GeradorDeCodigo\GeradorDeCodigo.Infra\bin\Debug\GeradorDeCodigo.Infra.dll" />
      <DeploymentItem filename="C:\Program Files\Gallio\bin\Gallio.dll" />
      <DeploymentItem filename="D:\GeradorDeCodigoTDD\GeradorDeCodigo\GeradorDeCodigo.Dominio\bin\Debug\GeradorDeCodigo.Dominio.dll" />
      <DeploymentItem filename="C:\Program Files\Gallio\bin\MbUnit.dll" />
    </Deployment>
    <Execution>
      <TestTypeSpecific />
      <AgentRule name="Execution Agents">
      </AgentRule>
    </Execution>
  </TestSettings>
  <Times creation="2010-11-10T17:04:57.1540050-02:00" queuing="2010-11-10T17:04:58.5430845-02:00" start="2010-11-10T17:04:58.6530908-02:00" finish="2010-11-10T17:05:21.6364053-02:00" />
  <ResultSummary outcome="Aborted">
    <Counters total="59" executed="57" passed="-1" error="0" failed="0" timeout="0" aborted="57" inconclusive="0" passedButRunAborted="1" notRunnable="0" notExecuted="0" disconnected="0" warning="0" completed="0" inProgress="0" pending="0" />
  </ResultSummary>
  <TestDefinitions>
    <GallioTestElement name="Passado_so_Souce_ID_Passaword_Tem_que_retorna_string_conexao" storage="D:\GeradorDeCodigoTDD\GeradorDeCodigo\GeradorDeCodigo.Teste\bin\Debug\GeradorDeCodigo.Teste.dll" id="33356139-6264-6635-3862-663733633462" d3p1:Gallio.TestId="9a53db5f8bf73c4b" d3p1:Gallio.AssemblyName="GeradorDeCodigo.Teste, Version=1.0.0.0, Culture=neutral, PublicKeyToken=null" d3p1:Gallio.NamespaceName="GeradorDeCodigo.Infra.Conexao" d3p1:Gallio.TypeName="GeradorDeCodigo.Infra.Conexao.StringConexaoTeste" d3p1:Gallio.MemberName="Passado_so_Souce_ID_Passaword_Tem_que_retorna_string_conexao" d3p1:Gallio.ParameterName="" d3p1:Gallio.Path="D:\GeradorDeCodigoTDD\GeradorDeCodigo\GeradorDeCodigo.Teste\Infra\Conexao\StringConexaoTeste.cs" d3p1:Gallio.Line="32" d3p1:Gallio.Column="0" xmlns:d3p1="http://www.gallio.org/">
      <Execution id="853b5014-b65e-4a60-97e5-d865b0ab36fa" />
      <Properties>
        <Property>
          <Key>TestKind</Key>
          <Value>Test</Value>
        </Property>
      </Properties>
    </GallioTestElement>
    <GallioTestElement name="Retorna_se_um_campo_e_obrigatorio_de_tabela_do_banco_Northwind" storage="D:\GeradorDeCodigoTDD\GeradorDeCodigo\GeradorDeCodigo.Teste\bin\Debug\GeradorDeCodigo.Teste.dll" id="30646463-3332-3237-3639-353335666438" d3p1:Gallio.TestId="cdd0237269535fd8" d3p1:Gallio.AssemblyName="GeradorDeCodigo.Teste, Version=1.0.0.0, Culture=neutral, PublicKeyToken=null" d3p1:Gallio.NamespaceName="GeradorDeCodigo.Teste.Infra.MetadadosTeste" d3p1:Gallio.TypeName="GeradorDeCodigo.Teste.Infra.MetadadosTeste.TabelasECamposSqlServerTeste" d3p1:Gallio.MemberName="Retorna_se_um_campo_e_obrigatorio_de_tabela_do_banco_Northwind" d3p1:Gallio.ParameterName="" d3p1:Gallio.Path="D:\GeradorDeCodigoTDD\GeradorDeCodigo\GeradorDeCodigo.Teste\Infra\MetadadosTeste\TabelasECamposSqlServerTeste.cs" d3p1:Gallio.Line="141" d3p1:Gallio.Column="0" xmlns:d3p1="http://www.gallio.org/">
      <Execution id="57d4fa0c-ea4e-4142-83d6-7b40ae90c754" />
      <Properties>
        <Property>
          <Key>TestKind</Key>
          <Value>Test</Value>
        </Property>
      </Properties>
    </GallioTestElement>
    <GallioTestElement name="Passando_o_nome_de_uma_tabela_que_nao_existe_ele_retorna_falso" storage="D:\GeradorDeCodigoTDD\GeradorDeCodigo\GeradorDeCodigo.Teste\bin\Debug\GeradorDeCodigo.Teste.dll" id="32353762-3334-6634-3034-373765316530" d3p1:Gallio.TestId="b752434f0477e1e0" d3p1:Gallio.AssemblyName="GeradorDeCodigo.Teste, Version=1.0.0.0, Culture=neutral, PublicKeyToken=null" d3p1:Gallio.NamespaceName="GeradorDeCodigo.Teste.Infra.MetadadosTeste" d3p1:Gallio.TypeName="GeradorDeCodigo.Teste.Infra.MetadadosTeste.TabelasECamposSqlServerTeste" d3p1:Gallio.MemberName="Passando_o_nome_de_uma_tabela_que_nao_existe_ele_retorna_falso" d3p1:Gallio.ParameterName="" d3p1:Gallio.Path="D:\GeradorDeCodigoTDD\GeradorDeCodigo\GeradorDeCodigo.Teste\Infra\MetadadosTeste\TabelasECamposSqlServerTeste.cs" d3p1:Gallio.Line="34" d3p1:Gallio.Column="0" xmlns:d3p1="http://www.gallio.org/">
      <Execution id="505e36b7-d83c-4323-8cce-2fdc308c52fc" />
      <Properties>
        <Property>
          <Key>TestKind</Key>
          <Value>Test</Value>
        </Property>
      </Properties>
    </GallioTestElement>
    <GallioTestElement name="Passando_source_e_base_ele_retrona_uma_conexao" storage="D:\GeradorDeCodigoTDD\GeradorDeCodigo\GeradorDeCodigo.Teste\bin\Debug\GeradorDeCodigo.Teste.dll" id="62623361-6230-3536-6364-333337666265" d3p1:Gallio.TestId="a3bb0b65cd337fbe" d3p1:Gallio.AssemblyName="GeradorDeCodigo.Teste, Version=1.0.0.0, Culture=neutral, PublicKeyToken=null" d3p1:Gallio.NamespaceName="GeradorDeCodigo.Teste.Infra.Conexao" d3p1:Gallio.TypeName="GeradorDeCodigo.Teste.Infra.Conexao.ConexaoSqlServerTeste" d3p1:Gallio.MemberName="Passando_source_e_base_ele_retrona_uma_conexao" d3p1:Gallio.ParameterName="" d3p1:Gallio.Path="D:\GeradorDeCodigoTDD\GeradorDeCodigo\GeradorDeCodigo.Teste\Infra\Conexao\ConexaoSqlServerTeste.cs" d3p1:Gallio.Line="14" d3p1:Gallio.Column="0" xmlns:d3p1="http://www.gallio.org/">
      <Execution id="b9dec848-c00f-424f-b18d-b4c6ebc08bbc" />
      <Properties>
        <Property>
          <Key>TestKind</Key>
          <Value>Test</Value>
        </Property>
      </Properties>
    </GallioTestElement>
    <GallioTestElement name="Retorna_o_tipo_de_dado_Csharp_classe_reverente" storage="D:\GeradorDeCodigoTDD\GeradorDeCodigo\GeradorDeCodigo.Teste\bin\Debug\GeradorDeCodigo.Teste.dll" id="34643835-6264-6130-3934-653539313033" d3p1:Gallio.TestId="58d4db0a94e59103" d3p1:Gallio.AssemblyName="GeradorDeCodigo.Teste, Version=1.0.0.0, Culture=neutral, PublicKeyToken=null" d3p1:Gallio.NamespaceName="GeradorDeCodigo.Teste.Domino.GeraArquivo" d3p1:Gallio.TypeName="GeradorDeCodigo.Teste.Domino.GeraArquivo.GeraArquivoTeste" d3p1:Gallio.MemberName="Retorna_o_tipo_de_dado_Csharp_classe_reverente" d3p1:Gallio.ParameterName="" d3p1:Gallio.Path="D:\GeradorDeCodigoTDD\GeradorDeCodigo\GeradorDeCodigo.Teste\Domino\GeraArquivo\GeraArquivoTeste.cs" d3p1:Gallio.Line="189" d3p1:Gallio.Column="0" xmlns:d3p1="http://www.gallio.org/">
      <Execution id="9d1912be-3af1-444a-99ce-40f34793f123" />
      <Properties>
        <Property>
          <Key>TestKind</Key>
          <Value>Test</Value>
        </Property>
      </Properties>
    </GallioTestElement>
    <GallioTestElement name="Passado_uma_string_Passa_so_a_primeira_letra_para_maisculo_e_retiro_o_uderline" storage="D:\GeradorDeCodigoTDD\GeradorDeCodigo\GeradorDeCodigo.Teste\bin\Debug\GeradorDeCodigo.Teste.dll" id="35383833-6536-3038-3939-626363323833" d3p1:Gallio.TestId="38856e8099bcc283" d3p1:Gallio.AssemblyName="GeradorDeCodigo.Teste, Version=1.0.0.0, Culture=neutral, PublicKeyToken=null" d3p1:Gallio.NamespaceName="GeradorDeCodigo.Teste.Domino.TrataNomeTeste" d3p1:Gallio.TypeName="GeradorDeCodigo.Teste.Domino.TrataNomeTeste.TrataNomeTeste" d3p1:Gallio.MemberName="Passado_uma_string_Passa_so_a_primeira_letra_para_maisculo_e_retiro_o_uderline" d3p1:Gallio.ParameterName="" d3p1:Gallio.Path="D:\GeradorDeCodigoTDD\GeradorDeCodigo\GeradorDeCodigo.Teste\Domino\TrataNomeTeste\TrataNomeTeste.cs" d3p1:Gallio.Line="69" d3p1:Gallio.Column="0" xmlns:d3p1="http://www.gallio.org/">
      <Execution id="23c76a90-7e34-4994-92ec-c07d066f0bd7" />
      <Properties>
        <Property>
          <Key>TestKind</Key>
          <Value>Test</Value>
        </Property>
      </Properties>
    </GallioTestElement>
    <GallioTestElement name="Retorna_o_drive_a_ser_usado_pelo_NHibernate" storage="D:\GeradorDeCodigoTDD\GeradorDeCodigo\GeradorDeCodigo.Teste\bin\Debug\GeradorDeCodigo.Teste.dll" id="38333435-3866-3130-3162-616430326336" d3p1:Gallio.TestId="5438f8011bad02c6" d3p1:Gallio.AssemblyName="GeradorDeCodigo.Teste, Version=1.0.0.0, Culture=neutral, PublicKeyToken=null" d3p1:Gallio.NamespaceName="GeradorDeCodigo.Teste.Infra.MetadadosTeste" d3p1:Gallio.TypeName="GeradorDeCodigo.Teste.Infra.MetadadosTeste.TabelasECamposSqlServerTeste" d3p1:Gallio.MemberName="Retorna_o_drive_a_ser_usado_pelo_NHibernate" d3p1:Gallio.ParameterName="" d3p1:Gallio.Path="D:\GeradorDeCodigoTDD\GeradorDeCodigo\GeradorDeCodigo.Teste\Infra\MetadadosTeste\TabelasECamposSqlServerTeste.cs" d3p1:Gallio.Line="114" d3p1:Gallio.Column="0" xmlns:d3p1="http://www.gallio.org/">
      <Execution id="201d612c-07e7-455c-94b3-51716601732d" />
      <Properties>
        <Property>
          <Key>TestKind</Key>
          <Value>Test</Value>
        </Property>
      </Properties>
    </GallioTestElement>
    <GallioTestElement name="Retorna_o_campo_chaveEstrageira_de_tabela_do_banco_Northwind" storage="D:\GeradorDeCodigoTDD\GeradorDeCodigo\GeradorDeCodigo.Teste\bin\Debug\GeradorDeCodigo.Teste.dll" id="63373763-3439-3966-3330-633433653937" d3p1:Gallio.TestId="c77c94f930c43e97" d3p1:Gallio.AssemblyName="GeradorDeCodigo.Teste, Version=1.0.0.0, Culture=neutral, PublicKeyToken=null" d3p1:Gallio.NamespaceName="GeradorDeCodigo.Teste.Infra.MetadadosTeste" d3p1:Gallio.TypeName="GeradorDeCodigo.Teste.Infra.MetadadosTeste.TabelasECamposSqlServerTeste" d3p1:Gallio.MemberName="Retorna_o_campo_chaveEstrageira_de_tabela_do_banco_Northwind" d3p1:Gallio.ParameterName="" d3p1:Gallio.Path="D:\GeradorDeCodigoTDD\GeradorDeCodigo\GeradorDeCodigo.Teste\Infra\MetadadosTeste\TabelasECamposSqlServerTeste.cs" d3p1:Gallio.Line="16707566" d3p1:Gallio.Column="0" xmlns:d3p1="http://www.gallio.org/">
      <Execution id="9fc163c5-32b9-4eaa-ba2b-1f93a1ae0802" />
      <Properties>
        <Property>
          <Key>TestKind</Key>
          <Value>Test</Value>
        </Property>
      </Properties>
    </GallioTestElement>
    <GallioTestElement name="Passado_uma_string_para_minisculo_e_retira_uderline" storage="D:\GeradorDeCodigoTDD\GeradorDeCodigo\GeradorDeCodigo.Teste\bin\Debug\GeradorDeCodigo.Teste.dll" id="33363532-3534-6439-6466-653133383535" d3p1:Gallio.TestId="2563459ddfe13855" d3p1:Gallio.AssemblyName="GeradorDeCodigo.Teste, Version=1.0.0.0, Culture=neutral, PublicKeyToken=null" d3p1:Gallio.NamespaceName="GeradorDeCodigo.Teste.Domino.TrataNomeTeste" d3p1:Gallio.TypeName="GeradorDeCodigo.Teste.Domino.TrataNomeTeste.TrataNomeTeste" d3p1:Gallio.MemberName="Passado_uma_string_para_minisculo_e_retira_uderline" d3p1:Gallio.ParameterName="" d3p1:Gallio.Path="D:\GeradorDeCodigoTDD\GeradorDeCodigo\GeradorDeCodigo.Teste\Domino\TrataNomeTeste\TrataNomeTeste.cs" d3p1:Gallio.Line="21" d3p1:Gallio.Column="0" xmlns:d3p1="http://www.gallio.org/">
      <Execution id="e4f78169-49b5-47ad-bedb-3056a0fd03f7" />
      <Properties>
        <Property>
          <Key>TestKind</Key>
          <Value>Test</Value>
        </Property>
      </Properties>
    </GallioTestElement>
    <GallioTestElement name="Retorna_uma_exception_GetOracle_se_passa_source_Catalog_id_password_vazio" storage="D:\GeradorDeCodigoTDD\GeradorDeCodigo\GeradorDeCodigo.Teste\bin\Debug\GeradorDeCodigo.Teste.dll" id="65316534-3033-6337-3634-346562616333" d3p1:Gallio.TestId="4e1e307c644ebac3" d3p1:Gallio.AssemblyName="GeradorDeCodigo.Teste, Version=1.0.0.0, Culture=neutral, PublicKeyToken=null" d3p1:Gallio.NamespaceName="GeradorDeCodigo.Infra.Conexao" d3p1:Gallio.TypeName="GeradorDeCodigo.Infra.Conexao.StringConexaoTeste" d3p1:Gallio.MemberName="Retorna_uma_exception_GetOracle_se_passa_source_Catalog_id_password_vazio" d3p1:Gallio.ParameterName="" d3p1:Gallio.Path="D:\GeradorDeCodigoTDD\GeradorDeCodigo\GeradorDeCodigo.Teste\Infra\Conexao\StringConexaoTeste.cs" d3p1:Gallio.Line="81" d3p1:Gallio.Column="0" xmlns:d3p1="http://www.gallio.org/">
      <Execution id="860e85c3-fc7f-42ea-b525-f202abecb192" />
      <Properties>
        <Property>
          <Key>TestKind</Key>
          <Value>Test</Value>
        </Property>
      </Properties>
    </GallioTestElement>
    <GallioTestElement name="verifica_se_existe_diretorio" storage="D:\GeradorDeCodigoTDD\GeradorDeCodigo\GeradorDeCodigo.Teste\bin\Debug\GeradorDeCodigo.Teste.dll" id="66303835-6263-6664-3137-353133326431" d3p1:Gallio.TestId="580fcbdf175132d1" d3p1:Gallio.AssemblyName="GeradorDeCodigo.Teste, Version=1.0.0.0, Culture=neutral, PublicKeyToken=null" d3p1:Gallio.NamespaceName="GeradorDeCodigo.Teste.Domino.GeraArquivo" d3p1:Gallio.TypeName="GeradorDeCodigo.Teste.Domino.GeraArquivo.GeraArquivoTeste" d3p1:Gallio.MemberName="verifica_se_existe_diretorio" d3p1:Gallio.ParameterName="" d3p1:Gallio.Path="D:\GeradorDeCodigoTDD\GeradorDeCodigo\GeradorDeCodigo.Teste\Domino\GeraArquivo\GeraArquivoTeste.cs" d3p1:Gallio.Line="24" d3p1:Gallio.Column="0" xmlns:d3p1="http://www.gallio.org/">
      <Execution id="93b74d11-1b37-4b3a-b84c-14a1ffc675c8" />
      <Properties>
        <Property>
          <Key>TestKind</Key>
          <Value>Test</Value>
        </Property>
      </Properties>
    </GallioTestElement>
    <GallioTestElement name="Passado_uma_string_para_minisculo_e_retira_uderline_e_nao_retira_S_no_fim" storage="D:\GeradorDeCodigoTDD\GeradorDeCodigo\GeradorDeCodigo.Teste\bin\Debug\GeradorDeCodigo.Teste.dll" id="33303765-3366-6532-6537-363564393161" d3p1:Gallio.TestId="e703f32ee765d91a" d3p1:Gallio.AssemblyName="GeradorDeCodigo.Teste, Version=1.0.0.0, Culture=neutral, PublicKeyToken=null" d3p1:Gallio.NamespaceName="GeradorDeCodigo.Teste.Domino.TrataNomeTeste" d3p1:Gallio.TypeName="GeradorDeCodigo.Teste.Domino.TrataNomeTeste.TrataNomeTeste" d3p1:Gallio.MemberName="Passado_uma_string_para_minisculo_e_retira_uderline_e_nao_retira_S_no_fim" d3p1:Gallio.ParameterName="" d3p1:Gallio.Path="D:\GeradorDeCodigoTDD\GeradorDeCodigo\GeradorDeCodigo.Teste\Domino\TrataNomeTeste\TrataNomeTeste.cs" d3p1:Gallio.Line="39" d3p1:Gallio.Column="0" xmlns:d3p1="http://www.gallio.org/">
      <Execution id="7b03a086-de17-4a33-85ba-54d13abcf566" />
      <Properties>
        <Property>
          <Key>TestKind</Key>
          <Value>Test</Value>
        </Property>
      </Properties>
    </GallioTestElement>
    <GallioTestElement name="Passado_so_Souce_Catalog_ID_Passaword_Tem_que_retorna_string_conexao" storage="D:\GeradorDeCodigoTDD\GeradorDeCodigo\GeradorDeCodigo.Teste\bin\Debug\GeradorDeCodigo.Teste.dll" id="35363263-3639-3962-3266-383839666362" d3p1:Gallio.TestId="c26596b92f889fcb" d3p1:Gallio.AssemblyName="GeradorDeCodigo.Teste, Version=1.0.0.0, Culture=neutral, PublicKeyToken=null" d3p1:Gallio.NamespaceName="GeradorDeCodigo.Infra.Conexao" d3p1:Gallio.TypeName="GeradorDeCodigo.Infra.Conexao.StringConexaoTeste" d3p1:Gallio.MemberName="Passado_so_Souce_Catalog_ID_Passaword_Tem_que_retorna_string_conexao" d3p1:Gallio.ParameterName="" d3p1:Gallio.Path="D:\GeradorDeCodigoTDD\GeradorDeCodigo\GeradorDeCodigo.Teste\Infra\Conexao\StringConexaoTeste.cs" d3p1:Gallio.Line="45" d3p1:Gallio.Column="0" xmlns:d3p1="http://www.gallio.org/">
      <Execution id="44bd5c72-96d7-4fe5-8371-2d97afb6c77b" />
      <Properties>
        <Property>
          <Key>TestKind</Key>
          <Value>Test</Value>
        </Property>
      </Properties>
    </GallioTestElement>
    <GallioTestElement name="passado_uma_lista_string_cria_os_arquivos" storage="D:\GeradorDeCodigoTDD\GeradorDeCodigo\GeradorDeCodigo.Teste\bin\Debug\GeradorDeCodigo.Teste.dll" id="31383335-3837-3834-3536-393065333832" d3p1:Gallio.TestId="538178485690e382" d3p1:Gallio.AssemblyName="GeradorDeCodigo.Teste, Version=1.0.0.0, Culture=neutral, PublicKeyToken=null" d3p1:Gallio.NamespaceName="GeradorDeCodigo.Teste.Domino.GeraArquivo" d3p1:Gallio.TypeName="GeradorDeCodigo.Teste.Domino.GeraArquivo.GeraArquivoTeste" d3p1:Gallio.MemberName="passado_uma_lista_string_cria_os_arquivos" d3p1:Gallio.ParameterName="" d3p1:Gallio.Path="D:\GeradorDeCodigoTDD\GeradorDeCodigo\GeradorDeCodigo.Teste\Domino\GeraArquivo\GeraArquivoTeste.cs" d3p1:Gallio.Line="56" d3p1:Gallio.Column="0" xmlns:d3p1="http://www.gallio.org/">
      <Execution id="eafcb72c-eb3b-4a90-83c7-bd9ccea3cab7" />
      <Properties>
        <Property>
          <Key>TestKind</Key>
          <Value>Test</Value>
        </Property>
      </Properties>
    </GallioTestElement>
    <GallioTestElement name="passa_um_tipo_do_banco_de_dados_retorna_um_tipo_do_CShap" storage="D:\GeradorDeCodigoTDD\GeradorDeCodigo\GeradorDeCodigo.Teste\bin\Debug\GeradorDeCodigo.Teste.dll" id="66663865-3532-6431-3139-323232356631" d3p1:Gallio.TestId="e8ff251d192225f1" d3p1:Gallio.AssemblyName="GeradorDeCodigo.Teste, Version=1.0.0.0, Culture=neutral, PublicKeyToken=null" d3p1:Gallio.NamespaceName="GeradorDeCodigo.Teste.Domino.GeraArquivo" d3p1:Gallio.TypeName="GeradorDeCodigo.Teste.Domino.GeraArquivo.GeraArquivoTeste" d3p1:Gallio.MemberName="passa_um_tipo_do_banco_de_dados_retorna_um_tipo_do_CShap" d3p1:Gallio.ParameterName="" d3p1:Gallio.Path="D:\GeradorDeCodigoTDD\GeradorDeCodigo\GeradorDeCodigo.Teste\Domino\GeraArquivo\GeraArquivoTeste.cs" d3p1:Gallio.Line="157" d3p1:Gallio.Column="0" xmlns:d3p1="http://www.gallio.org/">
      <Execution id="de2ea7c7-d200-4843-b7ae-7a391a5fa133" />
      <Properties>
        <Property>
          <Key>TestKind</Key>
          <Value>Test</Value>
        </Property>
      </Properties>
    </GallioTestElement>
    <GallioTestElement name="Retorna_o_tipo_dado_do_campo_de_acordo_com_banco_Northwind" storage="D:\GeradorDeCodigoTDD\GeradorDeCodigo\GeradorDeCodigo.Teste\bin\Debug\GeradorDeCodigo.Teste.dll" id="62303737-3831-3730-3964-653033633038" d3p1:Gallio.TestId="770b18079de03c08" d3p1:Gallio.AssemblyName="GeradorDeCodigo.Teste, Version=1.0.0.0, Culture=neutral, PublicKeyToken=null" d3p1:Gallio.NamespaceName="GeradorDeCodigo.Teste.Infra.MetadadosTeste" d3p1:Gallio.TypeName="GeradorDeCodigo.Teste.Infra.MetadadosTeste.TabelasECamposSqlServerTeste" d3p1:Gallio.MemberName="Retorna_o_tipo_dado_do_campo_de_acordo_com_banco_Northwind" d3p1:Gallio.ParameterName="" d3p1:Gallio.Path="D:\GeradorDeCodigoTDD\GeradorDeCodigo\GeradorDeCodigo.Teste\Infra\MetadadosTeste\TabelasECamposSqlServerTeste.cs" d3p1:Gallio.Line="210" d3p1:Gallio.Column="0" xmlns:d3p1="http://www.gallio.org/">
      <Execution id="d0fb0c35-bf51-4148-994c-3a117bb66fdd" />
      <Properties>
        <Property>
          <Key>TestKind</Key>
          <Value>Test</Value>
        </Property>
      </Properties>
    </GallioTestElement>
    <GallioTestElement name="Passado_so_Souce_Tem_que_retorna_string_conexao" storage="D:\GeradorDeCodigoTDD\GeradorDeCodigo\GeradorDeCodigo.Teste\bin\Debug\GeradorDeCodigo.Teste.dll" id="32356131-3233-3933-3764-333938396464" d3p1:Gallio.TestId="1a5232397d3989dd" d3p1:Gallio.AssemblyName="GeradorDeCodigo.Teste, Version=1.0.0.0, Culture=neutral, PublicKeyToken=null" d3p1:Gallio.NamespaceName="GeradorDeCodigo.Infra.Conexao" d3p1:Gallio.TypeName="GeradorDeCodigo.Infra.Conexao.StringConexaoTeste" d3p1:Gallio.MemberName="Passado_so_Souce_Tem_que_retorna_string_conexao" d3p1:Gallio.ParameterName="" d3p1:Gallio.Path="D:\GeradorDeCodigoTDD\GeradorDeCodigo\GeradorDeCodigo.Teste\Infra\Conexao\StringConexaoTeste.cs" d3p1:Gallio.Line="12" d3p1:Gallio.Column="0" xmlns:d3p1="http://www.gallio.org/">
      <Execution id="c14ee249-7894-49f1-8c7e-34904a1eb79c" />
      <Properties>
        <Property>
          <Key>TestKind</Key>
          <Value>Test</Value>
        </Property>
      </Properties>
    </GallioTestElement>
    <GallioTestElement name="verifica_se_existe_diretorio_e_cria" storage="D:\GeradorDeCodigoTDD\GeradorDeCodigo\GeradorDeCodigo.Teste\bin\Debug\GeradorDeCodigo.Teste.dll" id="33653234-6331-3335-6633-343339646265" d3p1:Gallio.TestId="42e31c53f3439dbe" d3p1:Gallio.AssemblyName="GeradorDeCodigo.Teste, Version=1.0.0.0, Culture=neutral, PublicKeyToken=null" d3p1:Gallio.NamespaceName="GeradorDeCodigo.Teste.Domino.GeraArquivo" d3p1:Gallio.TypeName="GeradorDeCodigo.Teste.Domino.GeraArquivo.GeraArquivoTeste" d3p1:Gallio.MemberName="verifica_se_existe_diretorio_e_cria" d3p1:Gallio.ParameterName="" d3p1:Gallio.Path="D:\GeradorDeCodigoTDD\GeradorDeCodigo\GeradorDeCodigo.Teste\Domino\GeraArquivo\GeraArquivoTeste.cs" d3p1:Gallio.Line="32" d3p1:Gallio.Column="0" xmlns:d3p1="http://www.gallio.org/">
      <Execution id="0f7e8f40-9b91-4324-a500-d773cd0d4c70" />
      <Properties>
        <Property>
          <Key>TestKind</Key>
          <Value>Test</Value>
        </Property>
      </Properties>
    </GallioTestElement>
    <GallioTestElement name="Retorna_o_dialeto_do_Banco_de_dados" storage="D:\GeradorDeCodigoTDD\GeradorDeCodigo\GeradorDeCodigo.Teste\bin\Debug\GeradorDeCodigo.Teste.dll" id="33636638-6462-6364-6233-373632623964" d3p1:Gallio.TestId="8fc3bddcb3762b9d" d3p1:Gallio.AssemblyName="GeradorDeCodigo.Teste, Version=1.0.0.0, Culture=neutral, PublicKeyToken=null" d3p1:Gallio.NamespaceName="GeradorDeCodigo.Teste.Infra.MetadadosTeste" d3p1:Gallio.TypeName="GeradorDeCodigo.Teste.Infra.MetadadosTeste.TabelasECamposSqlServerTeste" d3p1:Gallio.MemberName="Retorna_o_dialeto_do_Banco_de_dados" d3p1:Gallio.ParameterName="" d3p1:Gallio.Path="D:\GeradorDeCodigoTDD\GeradorDeCodigo\GeradorDeCodigo.Teste\Infra\MetadadosTeste\TabelasECamposSqlServerTeste.cs" d3p1:Gallio.Line="107" d3p1:Gallio.Column="0" xmlns:d3p1="http://www.gallio.org/">
      <Execution id="d7bfa018-84df-4837-9195-f9ff5f2dbc0b" />
      <Properties>
        <Property>
          <Key>TestKind</Key>
          <Value>Test</Value>
        </Property>
      </Properties>
    </GallioTestElement>
    <GallioTestElement name="Passado_uma_string_para_minisculo_e_retira_uderline_e_S_no_fim" storage="D:\GeradorDeCodigoTDD\GeradorDeCodigo\GeradorDeCodigo.Teste\bin\Debug\GeradorDeCodigo.Teste.dll" id="65386532-6261-6366-3930-393439336562" d3p1:Gallio.TestId="2e8eabfc909493eb" d3p1:Gallio.AssemblyName="GeradorDeCodigo.Teste, Version=1.0.0.0, Culture=neutral, PublicKeyToken=null" d3p1:Gallio.NamespaceName="GeradorDeCodigo.Teste.Domino.TrataNomeTeste" d3p1:Gallio.TypeName="GeradorDeCodigo.Teste.Domino.TrataNomeTeste.TrataNomeTeste" d3p1:Gallio.MemberName="Passado_uma_string_para_minisculo_e_retira_uderline_e_S_no_fim" d3p1:Gallio.ParameterName="" d3p1:Gallio.Path="D:\GeradorDeCodigoTDD\GeradorDeCodigo\GeradorDeCodigo.Teste\Domino\TrataNomeTeste\TrataNomeTeste.cs" d3p1:Gallio.Line="30" d3p1:Gallio.Column="0" xmlns:d3p1="http://www.gallio.org/">
      <Execution id="5d1a7204-282d-4537-9769-3ddfc86507ef" />
      <Properties>
        <Property>
          <Key>TestKind</Key>
          <Value>Test</Value>
        </Property>
      </Properties>
    </GallioTestElement>
    <GallioTestElement name="Passado_uma_string_Passa_so_a_primeira_letra_para_maisculo_e_retiro_o_uderline_e_o_S" storage="D:\GeradorDeCodigoTDD\GeradorDeCodigo\GeradorDeCodigo.Teste\bin\Debug\GeradorDeCodigo.Teste.dll" id="39316539-3932-3531-6432-326266373663" d3p1:Gallio.TestId="9e192915d22bf76c" d3p1:Gallio.AssemblyName="GeradorDeCodigo.Teste, Version=1.0.0.0, Culture=neutral, PublicKeyToken=null" d3p1:Gallio.NamespaceName="GeradorDeCodigo.Teste.Domino.TrataNomeTeste" d3p1:Gallio.TypeName="GeradorDeCodigo.Teste.Domino.TrataNomeTeste.TrataNomeTeste" d3p1:Gallio.MemberName="Passado_uma_string_Passa_so_a_primeira_letra_para_maisculo_e_retiro_o_uderline_e_o_S" d3p1:Gallio.ParameterName="" d3p1:Gallio.Path="D:\GeradorDeCodigoTDD\GeradorDeCodigo\GeradorDeCodigo.Teste\Domino\TrataNomeTeste\TrataNomeTeste.cs" d3p1:Gallio.Line="77" d3p1:Gallio.Column="0" xmlns:d3p1="http://www.gallio.org/">
      <Execution id="56b7365d-3931-4e74-996d-2d3ba0b99202" />
      <Properties>
        <Property>
          <Key>TestKind</Key>
          <Value>Test</Value>
        </Property>
      </Properties>
    </GallioTestElement>
    <GallioTestElement name="Retorna_uma_exception_se_passado_nome_vazio_e_retira_s" storage="D:\GeradorDeCodigoTDD\GeradorDeCodigo\GeradorDeCodigo.Teste\bin\Debug\GeradorDeCodigo.Teste.dll" id="63373332-6164-3935-6536-616337316435" d3p1:Gallio.TestId="237cda59e6ac71d5" d3p1:Gallio.AssemblyName="GeradorDeCodigo.Teste, Version=1.0.0.0, Culture=neutral, PublicKeyToken=null" d3p1:Gallio.NamespaceName="GeradorDeCodigo.Teste.Domino.TrataNomeTeste" d3p1:Gallio.TypeName="GeradorDeCodigo.Teste.Domino.TrataNomeTeste.TrataNomeTeste" d3p1:Gallio.MemberName="Retorna_uma_exception_se_passado_nome_vazio_e_retira_s" d3p1:Gallio.ParameterName="" d3p1:Gallio.Path="D:\GeradorDeCodigoTDD\GeradorDeCodigo\GeradorDeCodigo.Teste\Domino\TrataNomeTeste\TrataNomeTeste.cs" d3p1:Gallio.Line="16707566" d3p1:Gallio.Column="0" xmlns:d3p1="http://www.gallio.org/">
      <Execution id="70e4ae4f-f420-42f0-b58f-8721c1eac282" />
      <Properties>
        <Property>
          <Key>TestKind</Key>
          <Value>Test</Value>
        </Property>
      </Properties>
    </GallioTestElement>
    <GallioTestElement name="Retorna_uma_class_tipo_ConexaoSqlServe" storage="D:\GeradorDeCodigoTDD\GeradorDeCodigo\GeradorDeCodigo.Teste\bin\Debug\GeradorDeCodigo.Teste.dll" id="64663762-3535-3766-3130-386538623232" d3p1:Gallio.TestId="b7fd55f7108e8b22" d3p1:Gallio.AssemblyName="GeradorDeCodigo.Teste, Version=1.0.0.0, Culture=neutral, PublicKeyToken=null" d3p1:Gallio.NamespaceName="GeradorDeCodigo.Teste.Infra.Conexao" d3p1:Gallio.TypeName="GeradorDeCodigo.Teste.Infra.Conexao.FactoryConexaoTeste" d3p1:Gallio.MemberName="Retorna_uma_class_tipo_ConexaoSqlServe" d3p1:Gallio.ParameterName="" d3p1:Gallio.Path="D:\GeradorDeCodigoTDD\GeradorDeCodigo\GeradorDeCodigo.Teste\Infra\Conexao\FactoryConexaoTeste.cs" d3p1:Gallio.Line="44" d3p1:Gallio.Column="0" xmlns:d3p1="http://www.gallio.org/">
      <Execution id="75dc7ca1-1943-4364-91b9-13397b3afb84" />
      <Properties>
        <Property>
          <Key>TestKind</Key>
          <Value>Test</Value>
        </Property>
      </Properties>
    </GallioTestElement>
    <GallioTestElement name="Retorna_uma_exception_GetSqlServer_se_passa_source_id_password_vazio" storage="D:\GeradorDeCodigoTDD\GeradorDeCodigo\GeradorDeCodigo.Teste\bin\Debug\GeradorDeCodigo.Teste.dll" id="32313866-6134-6638-3634-393538643264" d3p1:Gallio.TestId="f8124a8f64958d2d" d3p1:Gallio.AssemblyName="GeradorDeCodigo.Teste, Version=1.0.0.0, Culture=neutral, PublicKeyToken=null" d3p1:Gallio.NamespaceName="GeradorDeCodigo.Infra.Conexao" d3p1:Gallio.TypeName="GeradorDeCodigo.Infra.Conexao.StringConexaoTeste" d3p1:Gallio.MemberName="Retorna_uma_exception_GetSqlServer_se_passa_source_id_password_vazio" d3p1:Gallio.ParameterName="" d3p1:Gallio.Path="D:\GeradorDeCodigoTDD\GeradorDeCodigo\GeradorDeCodigo.Teste\Infra\Conexao\StringConexaoTeste.cs" d3p1:Gallio.Line="72" d3p1:Gallio.Column="0" xmlns:d3p1="http://www.gallio.org/">
      <Execution id="c1358ad6-a50b-40b2-a573-4292f93b3b8c" />
      <Properties>
        <Property>
          <Key>TestKind</Key>
          <Value>Test</Value>
        </Property>
      </Properties>
    </GallioTestElement>
    <GallioTestElement name="Retorna_verdadeiro_se_campo_for_chave_de_uma_tabelas_do_banco_Northwind" storage="D:\GeradorDeCodigoTDD\GeradorDeCodigo\GeradorDeCodigo.Teste\bin\Debug\GeradorDeCodigo.Teste.dll" id="31356639-6364-6132-3266-626465343463" d3p1:Gallio.TestId="9f51dc2a2fbde44c" d3p1:Gallio.AssemblyName="GeradorDeCodigo.Teste, Version=1.0.0.0, Culture=neutral, PublicKeyToken=null" d3p1:Gallio.NamespaceName="GeradorDeCodigo.Teste.Infra.MetadadosTeste" d3p1:Gallio.TypeName="GeradorDeCodigo.Teste.Infra.MetadadosTeste.TabelasECamposSqlServerTeste" d3p1:Gallio.MemberName="Retorna_verdadeiro_se_campo_for_chave_de_uma_tabelas_do_banco_Northwind" d3p1:Gallio.ParameterName="" d3p1:Gallio.Path="D:\GeradorDeCodigoTDD\GeradorDeCodigo\GeradorDeCodigo.Teste\Infra\MetadadosTeste\TabelasECamposSqlServerTeste.cs" d3p1:Gallio.Line="85" d3p1:Gallio.Column="0" xmlns:d3p1="http://www.gallio.org/">
      <Execution id="8af5dc9c-38bd-4572-9728-71eb9fd9da9b" />
      <Properties>
        <Property>
          <Key>TestKind</Key>
          <Value>Test</Value>
        </Property>
      </Properties>
    </GallioTestElement>
    <GallioTestElement name="Passado_um_campo_e_uma_tabela_do_banco_Northwind_ele_retorna_se_e_Identity" storage="D:\GeradorDeCodigoTDD\GeradorDeCodigo\GeradorDeCodigo.Teste\bin\Debug\GeradorDeCodigo.Teste.dll" id="64356466-3863-3837-3766-313038303435" d3p1:Gallio.TestId="fd5dc8787f108045" d3p1:Gallio.AssemblyName="GeradorDeCodigo.Teste, Version=1.0.0.0, Culture=neutral, PublicKeyToken=null" d3p1:Gallio.NamespaceName="GeradorDeCodigo.Teste.Infra.MetadadosTeste" d3p1:Gallio.TypeName="GeradorDeCodigo.Teste.Infra.MetadadosTeste.TabelasECamposSqlServerTeste" d3p1:Gallio.MemberName="Passado_um_campo_e_uma_tabela_do_banco_Northwind_ele_retorna_se_e_Identity" d3p1:Gallio.ParameterName="" d3p1:Gallio.Path="D:\GeradorDeCodigoTDD\GeradorDeCodigo\GeradorDeCodigo.Teste\Infra\MetadadosTeste\TabelasECamposSqlServerTeste.cs" d3p1:Gallio.Line="168" d3p1:Gallio.Column="0" xmlns:d3p1="http://www.gallio.org/">
      <Execution id="09777d17-b807-497b-90f4-466fd09efc95" />
      <Properties>
        <Property>
          <Key>TestKind</Key>
          <Value>Test</Value>
        </Property>
      </Properties>
    </GallioTestElement>
    <GallioTestElement name="Retorna_uma_exception_para_tipo_vazinho" storage="D:\GeradorDeCodigoTDD\GeradorDeCodigo\GeradorDeCodigo.Teste\bin\Debug\GeradorDeCodigo.Teste.dll" id="30623638-3332-3839-3437-616239626262" d3p1:Gallio.TestId="86b0239847ab9bbb" d3p1:Gallio.AssemblyName="GeradorDeCodigo.Teste, Version=1.0.0.0, Culture=neutral, PublicKeyToken=null" d3p1:Gallio.NamespaceName="GeradorDeCodigo.Teste.Domino.GeraArquivo" d3p1:Gallio.TypeName="GeradorDeCodigo.Teste.Domino.GeraArquivo.GeraArquivoTeste" d3p1:Gallio.MemberName="Retorna_uma_exception_para_tipo_vazinho" d3p1:Gallio.ParameterName="" d3p1:Gallio.Path="D:\GeradorDeCodigoTDD\GeradorDeCodigo\GeradorDeCodigo.Teste\Domino\GeraArquivo\GeraArquivoTeste.cs" d3p1:Gallio.Line="16707566" d3p1:Gallio.Column="0" xmlns:d3p1="http://www.gallio.org/">
      <Execution id="0e194711-8712-4814-abd9-dd624c7426db" />
      <Properties>
        <Property>
          <Key>TestKind</Key>
          <Value>Test</Value>
        </Property>
      </Properties>
    </GallioTestElement>
    <GallioTestElement name="Retorna_uma_exception_para_cria_diretorio_se_caminho_vazinho" storage="D:\GeradorDeCodigoTDD\GeradorDeCodigo\GeradorDeCodigo.Teste\bin\Debug\GeradorDeCodigo.Teste.dll" id="64363634-3431-3561-3264-633432323233" d3p1:Gallio.TestId="466d14a52dc42223" d3p1:Gallio.AssemblyName="GeradorDeCodigo.Teste, Version=1.0.0.0, Culture=neutral, PublicKeyToken=null" d3p1:Gallio.NamespaceName="GeradorDeCodigo.Teste.Domino.GeraArquivo" d3p1:Gallio.TypeName="GeradorDeCodigo.Teste.Domino.GeraArquivo.GeraArquivoTeste" d3p1:Gallio.MemberName="Retorna_uma_exception_para_cria_diretorio_se_caminho_vazinho" d3p1:Gallio.ParameterName="" d3p1:Gallio.Path="D:\GeradorDeCodigoTDD\GeradorDeCodigo\GeradorDeCodigo.Teste\Domino\GeraArquivo\GeraArquivoTeste.cs" d3p1:Gallio.Line="16707566" d3p1:Gallio.Column="0" xmlns:d3p1="http://www.gallio.org/">
      <Execution id="a0297e65-0247-4e93-9d64-ee3735cd48d2" />
      <Properties>
        <Property>
          <Key>TestKind</Key>
          <Value>Test</Value>
        </Property>
      </Properties>
    </GallioTestElement>
    <GallioTestElement name="passado_um_arquivo_e_uma_StringBild_ele_escreve_no_arquivo" storage="D:\GeradorDeCodigoTDD\GeradorDeCodigo\GeradorDeCodigo.Teste\bin\Debug\GeradorDeCodigo.Teste.dll" id="32363435-3064-6563-3535-633439346265" d3p1:Gallio.TestId="5462d0ce55c494be" d3p1:Gallio.AssemblyName="GeradorDeCodigo.Teste, Version=1.0.0.0, Culture=neutral, PublicKeyToken=null" d3p1:Gallio.NamespaceName="GeradorDeCodigo.Teste.Domino.GeraArquivo" d3p1:Gallio.TypeName="GeradorDeCodigo.Teste.Domino.GeraArquivo.GeraArquivoTeste" d3p1:Gallio.MemberName="passado_um_arquivo_e_uma_StringBild_ele_escreve_no_arquivo" d3p1:Gallio.ParameterName="" d3p1:Gallio.Path="D:\GeradorDeCodigoTDD\GeradorDeCodigo\GeradorDeCodigo.Teste\Domino\GeraArquivo\GeraArquivoTeste.cs" d3p1:Gallio.Line="97" d3p1:Gallio.Column="0" xmlns:d3p1="http://www.gallio.org/">
      <Execution id="c4a480cf-bca3-4998-b02d-08e28f308d59" />
      <Properties>
        <Property>
          <Key>TestKind</Key>
          <Value>Test</Value>
        </Property>
      </Properties>
    </GallioTestElement>
    <GallioTestElement name="Retorana_verdadeiro_se_a_conexao_estiver_aberta" storage="D:\GeradorDeCodigoTDD\GeradorDeCodigo\GeradorDeCodigo.Teste\bin\Debug\GeradorDeCodigo.Teste.dll" id="37643537-6664-6630-3234-393466356520" d3p1:Gallio.TestId="75d7df0f2494f5e" d3p1:Gallio.AssemblyName="GeradorDeCodigo.Teste, Version=1.0.0.0, Culture=neutral, PublicKeyToken=null" d3p1:Gallio.NamespaceName="GeradorDeCodigo.Teste.Infra.Conexao" d3p1:Gallio.TypeName="GeradorDeCodigo.Teste.Infra.Conexao.ConexaoSqlServerTeste" d3p1:Gallio.MemberName="Retorana_verdadeiro_se_a_conexao_estiver_aberta" d3p1:Gallio.ParameterName="" d3p1:Gallio.Path="D:\GeradorDeCodigoTDD\GeradorDeCodigo\GeradorDeCodigo.Teste\Infra\Conexao\ConexaoSqlServerTeste.cs" d3p1:Gallio.Line="30" d3p1:Gallio.Column="0" xmlns:d3p1="http://www.gallio.org/">
      <Execution id="d70720b6-b0ef-4471-a89e-88690c4f688a" />
      <Properties>
        <Property>
          <Key>TestKind</Key>
          <Value>Test</Value>
        </Property>
      </Properties>
    </GallioTestElement>
    <GallioTestElement name="passando_lista_campos_ele_retorna_StringBilder_propetyAutomaticas_false" storage="D:\GeradorDeCodigoTDD\GeradorDeCodigo\GeradorDeCodigo.Teste\bin\Debug\GeradorDeCodigo.Teste.dll" id="65663261-3262-3739-3832-306437396632" d3p1:Gallio.TestId="a2feb297820d79f2" d3p1:Gallio.AssemblyName="GeradorDeCodigo.Teste, Version=1.0.0.0, Culture=neutral, PublicKeyToken=null" d3p1:Gallio.NamespaceName="GeradorDeCodigo.Teste.Domino.GeraArquivo" d3p1:Gallio.TypeName="GeradorDeCodigo.Teste.Domino.GeraArquivo.GeraArquivoTeste" d3p1:Gallio.MemberName="passando_lista_campos_ele_retorna_StringBilder_propetyAutomaticas_false" d3p1:Gallio.ParameterName="" d3p1:Gallio.Path="D:\GeradorDeCodigoTDD\GeradorDeCodigo\GeradorDeCodigo.Teste\Domino\GeraArquivo\GeraArquivoTeste.cs" d3p1:Gallio.Line="144" d3p1:Gallio.Column="0" xmlns:d3p1="http://www.gallio.org/">
      <Execution id="9bfa4e89-9ae1-4565-bd10-6df4a738c579" />
      <Properties>
        <Property>
          <Key>TestKind</Key>
          <Value>Test</Value>
        </Property>
      </Properties>
    </GallioTestElement>
    <GallioTestElement name="Retorna_o_tanho_de_um_campo_string_tabelas_do_banco_Northwind" storage="D:\GeradorDeCodigoTDD\GeradorDeCodigo\GeradorDeCodigo.Teste\bin\Debug\GeradorDeCodigo.Teste.dll" id="62373335-3032-6364-6234-613763376320" d3p1:Gallio.TestId="537b20dcb4a7c7c" d3p1:Gallio.AssemblyName="GeradorDeCodigo.Teste, Version=1.0.0.0, Culture=neutral, PublicKeyToken=null" d3p1:Gallio.NamespaceName="GeradorDeCodigo.Teste.Infra.MetadadosTeste" d3p1:Gallio.TypeName="GeradorDeCodigo.Teste.Infra.MetadadosTeste.TabelasECamposSqlServerTeste" d3p1:Gallio.MemberName="Retorna_o_tanho_de_um_campo_string_tabelas_do_banco_Northwind" d3p1:Gallio.ParameterName="" d3p1:Gallio.Path="D:\GeradorDeCodigoTDD\GeradorDeCodigo\GeradorDeCodigo.Teste\Infra\MetadadosTeste\TabelasECamposSqlServerTeste.cs" d3p1:Gallio.Line="121" d3p1:Gallio.Column="0" xmlns:d3p1="http://www.gallio.org/">
      <Execution id="cb9b718b-4e6f-49b7-98ff-86aaebc79d23" />
      <Properties>
        <Property>
          <Key>TestKind</Key>
          <Value>Test</Value>
        </Property>
      </Properties>
    </GallioTestElement>
    <GallioTestElement name="Passado_uma_string_para_minisculo" storage="D:\GeradorDeCodigoTDD\GeradorDeCodigo\GeradorDeCodigo.Teste\bin\Debug\GeradorDeCodigo.Teste.dll" id="61336661-3136-3139-6236-643537363934" d3p1:Gallio.TestId="af3a6191b6d57694" d3p1:Gallio.AssemblyName="GeradorDeCodigo.Teste, Version=1.0.0.0, Culture=neutral, PublicKeyToken=null" d3p1:Gallio.NamespaceName="GeradorDeCodigo.Teste.Domino.TrataNomeTeste" d3p1:Gallio.TypeName="GeradorDeCodigo.Teste.Domino.TrataNomeTeste.TrataNomeTeste" d3p1:Gallio.MemberName="Passado_uma_string_para_minisculo" d3p1:Gallio.ParameterName="" d3p1:Gallio.Path="D:\GeradorDeCodigoTDD\GeradorDeCodigo\GeradorDeCodigo.Teste\Domino\TrataNomeTeste\TrataNomeTeste.cs" d3p1:Gallio.Line="12" d3p1:Gallio.Column="0" xmlns:d3p1="http://www.gallio.org/">
      <Execution id="a811b69f-09da-45e7-ade0-648679f7ea5b" />
      <Properties>
        <Property>
          <Key>TestKind</Key>
          <Value>Test</Value>
        </Property>
      </Properties>
    </GallioTestElement>
    <GallioTestElement name="passado_uma_lista_string_cria_as_interface" storage="D:\GeradorDeCodigoTDD\GeradorDeCodigo\GeradorDeCodigo.Teste\bin\Debug\GeradorDeCodigo.Teste.dll" id="61646461-6230-6264-3531-643634303530" d3p1:Gallio.TestId="adda0bdb51d64050" d3p1:Gallio.AssemblyName="GeradorDeCodigo.Teste, Version=1.0.0.0, Culture=neutral, PublicKeyToken=null" d3p1:Gallio.NamespaceName="GeradorDeCodigo.Teste.Domino.GeraArquivo" d3p1:Gallio.TypeName="GeradorDeCodigo.Teste.Domino.GeraArquivo.GeraArquivoTeste" d3p1:Gallio.MemberName="passado_uma_lista_string_cria_as_interface" d3p1:Gallio.ParameterName="" d3p1:Gallio.Path="D:\GeradorDeCodigoTDD\GeradorDeCodigo\GeradorDeCodigo.Teste\Domino\GeraArquivo\GeraArquivoTeste.cs" d3p1:Gallio.Line="68" d3p1:Gallio.Column="0" xmlns:d3p1="http://www.gallio.org/">
      <Execution id="6728d88e-f88b-4ce9-a085-3920d67d4115" />
      <Properties>
        <Property>
          <Key>TestKind</Key>
          <Value>Test</Value>
        </Property>
      </Properties>
    </GallioTestElement>
    <GallioTestElement name="Retorna_uma_class_tipo_ConexaoOracle" storage="D:\GeradorDeCodigoTDD\GeradorDeCodigo\GeradorDeCodigo.Teste\bin\Debug\GeradorDeCodigo.Teste.dll" id="39633632-3239-3862-6363-303537303936" d3p1:Gallio.TestId="26c992b8cc057096" d3p1:Gallio.AssemblyName="GeradorDeCodigo.Teste, Version=1.0.0.0, Culture=neutral, PublicKeyToken=null" d3p1:Gallio.NamespaceName="GeradorDeCodigo.Teste.Infra.Conexao" d3p1:Gallio.TypeName="GeradorDeCodigo.Teste.Infra.Conexao.FactoryConexaoTeste" d3p1:Gallio.MemberName="Retorna_uma_class_tipo_ConexaoOracle" d3p1:Gallio.ParameterName="" d3p1:Gallio.Path="D:\GeradorDeCodigoTDD\GeradorDeCodigo\GeradorDeCodigo.Teste\Infra\Conexao\FactoryConexaoTeste.cs" d3p1:Gallio.Line="34" d3p1:Gallio.Column="0" xmlns:d3p1="http://www.gallio.org/">
      <Execution id="11c6fe19-d801-482e-9602-73c00036ac03" />
      <Properties>
        <Property>
          <Key>TestKind</Key>
          <Value>Test</Value>
        </Property>
      </Properties>
    </GallioTestElement>
    <GallioTestElement name="Retorna_uma_exception_para_cria_arquivo_se_caminho_vazinho" storage="D:\GeradorDeCodigoTDD\GeradorDeCodigo\GeradorDeCodigo.Teste\bin\Debug\GeradorDeCodigo.Teste.dll" id="37616638-3633-3638-6464-306665353237" d3p1:Gallio.TestId="8fa73686dd0fe527" d3p1:Gallio.AssemblyName="GeradorDeCodigo.Teste, Version=1.0.0.0, Culture=neutral, PublicKeyToken=null" d3p1:Gallio.NamespaceName="GeradorDeCodigo.Teste.Domino.GeraArquivo" d3p1:Gallio.TypeName="GeradorDeCodigo.Teste.Domino.GeraArquivo.GeraArquivoTeste" d3p1:Gallio.MemberName="Retorna_uma_exception_para_cria_arquivo_se_caminho_vazinho" d3p1:Gallio.ParameterName="" d3p1:Gallio.Path="D:\GeradorDeCodigoTDD\GeradorDeCodigo\GeradorDeCodigo.Teste\Domino\GeraArquivo\GeraArquivoTeste.cs" d3p1:Gallio.Line="16707566" d3p1:Gallio.Column="0" xmlns:d3p1="http://www.gallio.org/">
      <Execution id="34593d2f-36ec-45a4-af0b-064a3bd4e15e" />
      <Properties>
        <Property>
          <Key>TestKind</Key>
          <Value>Test</Value>
        </Property>
      </Properties>
    </GallioTestElement>
    <GallioTestElement name="Retorna_uma_exeption_caso_passe_Oracle_e_retorna_Sqlserver" storage="D:\GeradorDeCodigoTDD\GeradorDeCodigo\GeradorDeCodigo.Teste\bin\Debug\GeradorDeCodigo.Teste.dll" id="31633565-6630-3663-3234-376564316565" d3p1:Gallio.TestId="e5c10fc6247ed1ee" d3p1:Gallio.AssemblyName="GeradorDeCodigo.Teste, Version=1.0.0.0, Culture=neutral, PublicKeyToken=null" d3p1:Gallio.NamespaceName="GeradorDeCodigo.Teste.Infra.Conexao" d3p1:Gallio.TypeName="GeradorDeCodigo.Teste.Infra.Conexao.FactoryConexaoTeste" d3p1:Gallio.MemberName="Retorna_uma_exeption_caso_passe_Oracle_e_retorna_Sqlserver" d3p1:Gallio.ParameterName="" d3p1:Gallio.Path="D:\GeradorDeCodigoTDD\GeradorDeCodigo\GeradorDeCodigo.Teste\Infra\Conexao\FactoryConexaoTeste.cs" d3p1:Gallio.Line="16707566" d3p1:Gallio.Column="0" xmlns:d3p1="http://www.gallio.org/">
      <Execution id="c2b53fce-8ad9-4e8e-8018-d66232c04513" />
      <Properties>
        <Property>
          <Key>TestKind</Key>
          <Value>Test</Value>
        </Property>
      </Properties>
    </GallioTestElement>
    <GallioTestElement name="Passado_so_Souce_Catalog_Tem_que_retorna_string_conexao" storage="D:\GeradorDeCodigoTDD\GeradorDeCodigo\GeradorDeCodigo.Teste\bin\Debug\GeradorDeCodigo.Teste.dll" id="64383266-3736-3338-3533-383166353939" d3p1:Gallio.TestId="f28d67835381f599" d3p1:Gallio.AssemblyName="GeradorDeCodigo.Teste, Version=1.0.0.0, Culture=neutral, PublicKeyToken=null" d3p1:Gallio.NamespaceName="GeradorDeCodigo.Infra.Conexao" d3p1:Gallio.TypeName="GeradorDeCodigo.Infra.Conexao.StringConexaoTeste" d3p1:Gallio.MemberName="Passado_so_Souce_Catalog_Tem_que_retorna_string_conexao" d3p1:Gallio.ParameterName="" d3p1:Gallio.Path="D:\GeradorDeCodigoTDD\GeradorDeCodigo\GeradorDeCodigo.Teste\Infra\Conexao\StringConexaoTeste.cs" d3p1:Gallio.Line="21" d3p1:Gallio.Column="0" xmlns:d3p1="http://www.gallio.org/">
      <Execution id="b92189da-311d-427e-965d-b609a968f9a5" />
      <Properties>
        <Property>
          <Key>TestKind</Key>
          <Value>Test</Value>
        </Property>
      </Properties>
    </GallioTestElement>
    <GallioTestElement name="dado_uma_lista_string_cria_arquivo_no_diretorio" storage="D:\GeradorDeCodigoTDD\GeradorDeCodigo\GeradorDeCodigo.Teste\bin\Debug\GeradorDeCodigo.Teste.dll" id="64323338-6433-3038-3732-333061323061" d3p1:Gallio.TestId="832d3d807230a20a" d3p1:Gallio.AssemblyName="GeradorDeCodigo.Teste, Version=1.0.0.0, Culture=neutral, PublicKeyToken=null" d3p1:Gallio.NamespaceName="GeradorDeCodigo.Teste.Domino.GeraArquivo" d3p1:Gallio.TypeName="GeradorDeCodigo.Teste.Domino.GeraArquivo.GeraArquivoTeste" d3p1:Gallio.MemberName="dado_uma_lista_string_cria_arquivo_no_diretorio" d3p1:Gallio.ParameterName="" d3p1:Gallio.Path="D:\GeradorDeCodigoTDD\GeradorDeCodigo\GeradorDeCodigo.Teste\Domino\GeraArquivo\GeraArquivoTeste.cs" d3p1:Gallio.Line="44" d3p1:Gallio.Column="0" xmlns:d3p1="http://www.gallio.org/">
      <Execution id="9cd28eca-5d0e-4fdf-babb-e17dc944315a" />
      <Properties>
        <Property>
          <Key>TestKind</Key>
          <Value>Test</Value>
        </Property>
      </Properties>
    </GallioTestElement>
    <GallioTestElement name="Retorna_uma_exception_se_passado_nome_vazio" storage="D:\GeradorDeCodigoTDD\GeradorDeCodigo\GeradorDeCodigo.Teste\bin\Debug\GeradorDeCodigo.Teste.dll" id="30303034-3130-6563-6235-666430613839" d3p1:Gallio.TestId="400001ceb5fd0a89" d3p1:Gallio.AssemblyName="GeradorDeCodigo.Teste, Version=1.0.0.0, Culture=neutral, PublicKeyToken=null" d3p1:Gallio.NamespaceName="GeradorDeCodigo.Teste.Domino.TrataNomeTeste" d3p1:Gallio.TypeName="GeradorDeCodigo.Teste.Domino.TrataNomeTeste.TrataNomeTeste" d3p1:Gallio.MemberName="Retorna_uma_exception_se_passado_nome_vazio" d3p1:Gallio.ParameterName="" d3p1:Gallio.Path="D:\GeradorDeCodigoTDD\GeradorDeCodigo\GeradorDeCodigo.Teste\Domino\TrataNomeTeste\TrataNomeTeste.cs" d3p1:Gallio.Line="16707566" d3p1:Gallio.Column="0" xmlns:d3p1="http://www.gallio.org/">
      <Execution id="5258858a-313d-4304-9820-2e1872b99045" />
      <Properties>
        <Property>
          <Key>TestKind</Key>
          <Value>Test</Value>
        </Property>
      </Properties>
    </GallioTestElement>
    <GallioTestElement name="Retorna_a_tabela_do_campo_chaveEstrageira_de_tabela_do_banco_Northwind" storage="D:\GeradorDeCodigoTDD\GeradorDeCodigo\GeradorDeCodigo.Teste\bin\Debug\GeradorDeCodigo.Teste.dll" id="39613033-3837-6161-6335-616539643436" d3p1:Gallio.TestId="30a978aac5ae9d46" d3p1:Gallio.AssemblyName="GeradorDeCodigo.Teste, Version=1.0.0.0, Culture=neutral, PublicKeyToken=null" d3p1:Gallio.NamespaceName="GeradorDeCodigo.Teste.Infra.MetadadosTeste" d3p1:Gallio.TypeName="GeradorDeCodigo.Teste.Infra.MetadadosTeste.TabelasECamposSqlServerTeste" d3p1:Gallio.MemberName="Retorna_a_tabela_do_campo_chaveEstrageira_de_tabela_do_banco_Northwind" d3p1:Gallio.ParameterName="" d3p1:Gallio.Path="D:\GeradorDeCodigoTDD\GeradorDeCodigo\GeradorDeCodigo.Teste\Infra\MetadadosTeste\TabelasECamposSqlServerTeste.cs" d3p1:Gallio.Line="197" d3p1:Gallio.Column="0" xmlns:d3p1="http://www.gallio.org/">
      <Execution id="d9766c14-2db9-458b-b438-19940b320261" />
      <Properties>
        <Property>
          <Key>TestKind</Key>
          <Value>Test</Value>
        </Property>
      </Properties>
    </GallioTestElement>
    <GallioTestElement name="Passado_uma_tabela_do_banco_Northwind_ele_retorna_seus_relacionamentos" storage="D:\GeradorDeCodigoTDD\GeradorDeCodigo\GeradorDeCodigo.Teste\bin\Debug\GeradorDeCodigo.Teste.dll" id="65373936-3430-3764-3363-653437323639" d3p1:Gallio.TestId="697e04d73ce47269" d3p1:Gallio.AssemblyName="GeradorDeCodigo.Teste, Version=1.0.0.0, Culture=neutral, PublicKeyToken=null" d3p1:Gallio.NamespaceName="GeradorDeCodigo.Teste.Infra.MetadadosTeste" d3p1:Gallio.TypeName="GeradorDeCodigo.Teste.Infra.MetadadosTeste.TabelasECamposSqlServerTeste" d3p1:Gallio.MemberName="Passado_uma_tabela_do_banco_Northwind_ele_retorna_seus_relacionamentos" d3p1:Gallio.ParameterName="" d3p1:Gallio.Path="D:\GeradorDeCodigoTDD\GeradorDeCodigo\GeradorDeCodigo.Teste\Infra\MetadadosTeste\TabelasECamposSqlServerTeste.cs" d3p1:Gallio.Line="153" d3p1:Gallio.Column="0" xmlns:d3p1="http://www.gallio.org/">
      <Execution id="70b261ae-f605-48dd-806f-09d0e445a59b" />
      <Properties>
        <Property>
          <Key>TestKind</Key>
          <Value>Test</Value>
        </Property>
      </Properties>
    </GallioTestElement>
    <GallioTestElement name="Retorna_a_quantidade_de_campos_de_uma_tabelas_do_banco_Northwind" storage="D:\GeradorDeCodigoTDD\GeradorDeCodigo\GeradorDeCodigo.Teste\bin\Debug\GeradorDeCodigo.Teste.dll" id="39633232-6234-6166-3237-333439303663" d3p1:Gallio.TestId="22c94bfa2734906c" d3p1:Gallio.AssemblyName="GeradorDeCodigo.Teste, Version=1.0.0.0, Culture=neutral, PublicKeyToken=null" d3p1:Gallio.NamespaceName="GeradorDeCodigo.Teste.Infra.MetadadosTeste" d3p1:Gallio.TypeName="GeradorDeCodigo.Teste.Infra.MetadadosTeste.TabelasECamposSqlServerTeste" d3p1:Gallio.MemberName="Retorna_a_quantidade_de_campos_de_uma_tabelas_do_banco_Northwind" d3p1:Gallio.ParameterName="" d3p1:Gallio.Path="D:\GeradorDeCodigoTDD\GeradorDeCodigo\GeradorDeCodigo.Teste\Infra\MetadadosTeste\TabelasECamposSqlServerTeste.cs" d3p1:Gallio.Line="58" d3p1:Gallio.Column="0" xmlns:d3p1="http://www.gallio.org/">
      <Execution id="c72baec8-7072-42e9-85b5-c82cf9e79e2a" />
      <Properties>
        <Property>
          <Key>TestKind</Key>
          <Value>Test</Value>
        </Property>
      </Properties>
    </GallioTestElement>
    <GallioTestElement name="Retorna_uma_exception_para_tipo_que_nao_seja_bd" storage="D:\GeradorDeCodigoTDD\GeradorDeCodigo\GeradorDeCodigo.Teste\bin\Debug\GeradorDeCodigo.Teste.dll" id="33303038-3937-3165-6439-623831643137" d3p1:Gallio.TestId="800379e1d9b81d17" d3p1:Gallio.AssemblyName="GeradorDeCodigo.Teste, Version=1.0.0.0, Culture=neutral, PublicKeyToken=null" d3p1:Gallio.NamespaceName="GeradorDeCodigo.Teste.Domino.GeraArquivo" d3p1:Gallio.TypeName="GeradorDeCodigo.Teste.Domino.GeraArquivo.GeraArquivoTeste" d3p1:Gallio.MemberName="Retorna_uma_exception_para_tipo_que_nao_seja_bd" d3p1:Gallio.ParameterName="" d3p1:Gallio.Path="D:\GeradorDeCodigoTDD\GeradorDeCodigo\GeradorDeCodigo.Teste\Domino\GeraArquivo\GeraArquivoTeste.cs" d3p1:Gallio.Line="16707566" d3p1:Gallio.Column="0" xmlns:d3p1="http://www.gallio.org/">
      <Execution id="440d0ad8-f2fa-44ec-8d77-c1d80ad02322" />
      <Properties>
        <Property>
          <Key>TestKind</Key>
          <Value>Test</Value>
        </Property>
      </Properties>
    </GallioTestElement>
    <GallioTestElement name="Retorna_uma_class_ConexaoSqlServer" storage="D:\GeradorDeCodigoTDD\GeradorDeCodigo\GeradorDeCodigo.Teste\bin\Debug\GeradorDeCodigo.Teste.dll" id="62393162-3532-3465-3430-376630313932" d3p1:Gallio.TestId="b19b25e4407f0192" d3p1:Gallio.AssemblyName="GeradorDeCodigo.Teste, Version=1.0.0.0, Culture=neutral, PublicKeyToken=null" d3p1:Gallio.NamespaceName="GeradorDeCodigo.Teste.Infra.Conexao" d3p1:Gallio.TypeName="GeradorDeCodigo.Teste.Infra.Conexao.FactoryConexaoTeste" d3p1:Gallio.MemberName="Retorna_uma_class_ConexaoSqlServer" d3p1:Gallio.ParameterName="" d3p1:Gallio.Path="D:\GeradorDeCodigoTDD\GeradorDeCodigo\GeradorDeCodigo.Teste\Infra\Conexao\FactoryConexaoTeste.cs" d3p1:Gallio.Line="15" d3p1:Gallio.Column="0" xmlns:d3p1="http://www.gallio.org/">
      <Execution id="af2bcbf9-2a87-4ab6-b76d-7405e4d2f650" />
      <Properties>
        <Property>
          <Key>TestKind</Key>
          <Value>Test</Value>
        </Property>
      </Properties>
    </GallioTestElement>
    <GallioTestElement name="Retorna_a_quantidade_de_campos_chaves_de_uma_tabelas_do_banco_Northwind" storage="D:\GeradorDeCodigoTDD\GeradorDeCodigo\GeradorDeCodigo.Teste\bin\Debug\GeradorDeCodigo.Teste.dll" id="62303138-3631-3537-3931-376332376261" d3p1:Gallio.TestId="810b1675917c27ba" d3p1:Gallio.AssemblyName="GeradorDeCodigo.Teste, Version=1.0.0.0, Culture=neutral, PublicKeyToken=null" d3p1:Gallio.NamespaceName="GeradorDeCodigo.Teste.Infra.MetadadosTeste" d3p1:Gallio.TypeName="GeradorDeCodigo.Teste.Infra.MetadadosTeste.TabelasECamposSqlServerTeste" d3p1:Gallio.MemberName="Retorna_a_quantidade_de_campos_chaves_de_uma_tabelas_do_banco_Northwind" d3p1:Gallio.ParameterName="" d3p1:Gallio.Path="D:\GeradorDeCodigoTDD\GeradorDeCodigo\GeradorDeCodigo.Teste\Infra\MetadadosTeste\TabelasECamposSqlServerTeste.cs" d3p1:Gallio.Line="65" d3p1:Gallio.Column="0" xmlns:d3p1="http://www.gallio.org/">
      <Execution id="43c48453-24b4-4e98-a3c2-4880dc92cefb" />
      <Properties>
        <Property>
          <Key>TestKind</Key>
          <Value>Test</Value>
        </Property>
      </Properties>
    </GallioTestElement>
    <GallioTestElement name="Retorna_falso_se_campo_for_chave_de_uma_tabelas_do_banco_Northwind" storage="D:\GeradorDeCodigoTDD\GeradorDeCodigo\GeradorDeCodigo.Teste\bin\Debug\GeradorDeCodigo.Teste.dll" id="35653164-3166-3563-3265-616139653366" d3p1:Gallio.TestId="d1e5f1c52eaa9e3f" d3p1:Gallio.AssemblyName="GeradorDeCodigo.Teste, Version=1.0.0.0, Culture=neutral, PublicKeyToken=null" d3p1:Gallio.NamespaceName="GeradorDeCodigo.Teste.Infra.MetadadosTeste" d3p1:Gallio.TypeName="GeradorDeCodigo.Teste.Infra.MetadadosTeste.TabelasECamposSqlServerTeste" d3p1:Gallio.MemberName="Retorna_falso_se_campo_for_chave_de_uma_tabelas_do_banco_Northwind" d3p1:Gallio.ParameterName="" d3p1:Gallio.Path="D:\GeradorDeCodigoTDD\GeradorDeCodigo\GeradorDeCodigo.Teste\Infra\MetadadosTeste\TabelasECamposSqlServerTeste.cs" d3p1:Gallio.Line="96" d3p1:Gallio.Column="0" xmlns:d3p1="http://www.gallio.org/">
      <Execution id="297226e6-d87d-43c8-be66-780bb44a8c10" />
      <Properties>
        <Property>
          <Key>TestKind</Key>
          <Value>Test</Value>
        </Property>
      </Properties>
    </GallioTestElement>
    <GallioTestElement name="Retorna_uma_exception_GetSqlServer_se_passa_source_catalog_vazio" storage="D:\GeradorDeCodigoTDD\GeradorDeCodigo\GeradorDeCodigo.Teste\bin\Debug\GeradorDeCodigo.Teste.dll" id="39373233-6331-6336-3039-616236303065" d3p1:Gallio.TestId="32791c6c09ab600e" d3p1:Gallio.AssemblyName="GeradorDeCodigo.Teste, Version=1.0.0.0, Culture=neutral, PublicKeyToken=null" d3p1:Gallio.NamespaceName="GeradorDeCodigo.Infra.Conexao" d3p1:Gallio.TypeName="GeradorDeCodigo.Infra.Conexao.StringConexaoTeste" d3p1:Gallio.MemberName="Retorna_uma_exception_GetSqlServer_se_passa_source_catalog_vazio" d3p1:Gallio.ParameterName="" d3p1:Gallio.Path="D:\GeradorDeCodigoTDD\GeradorDeCodigo\GeradorDeCodigo.Teste\Infra\Conexao\StringConexaoTeste.cs" d3p1:Gallio.Line="64" d3p1:Gallio.Column="0" xmlns:d3p1="http://www.gallio.org/">
      <Execution id="96ac14e6-9c89-4db5-8fa2-aab6bb332c1a" />
      <Properties>
        <Property>
          <Key>TestKind</Key>
          <Value>Test</Value>
        </Property>
      </Properties>
    </GallioTestElement>
    <GallioTestElement name="Retorna_uma_exception_passando_uma_string_vazia" storage="D:\GeradorDeCodigoTDD\GeradorDeCodigo\GeradorDeCodigo.Teste\bin\Debug\GeradorDeCodigo.Teste.dll" id="62376364-3761-6633-6261-616133653666" d3p1:Gallio.TestId="dc7ba73fbaaa3e6f" d3p1:Gallio.AssemblyName="GeradorDeCodigo.Teste, Version=1.0.0.0, Culture=neutral, PublicKeyToken=null" d3p1:Gallio.NamespaceName="GeradorDeCodigo.Teste.Infra.MetadadosTeste" d3p1:Gallio.TypeName="GeradorDeCodigo.Teste.Infra.MetadadosTeste.TabelasECamposSqlServerTeste" d3p1:Gallio.MemberName="Retorna_uma_exception_passando_uma_string_vazia" d3p1:Gallio.ParameterName="" d3p1:Gallio.Path="D:\GeradorDeCodigoTDD\GeradorDeCodigo\GeradorDeCodigo.Teste\Infra\MetadadosTeste\TabelasECamposSqlServerTeste.cs" d3p1:Gallio.Line="43" d3p1:Gallio.Column="0" xmlns:d3p1="http://www.gallio.org/">
      <Execution id="ef35a397-41ab-46a6-a217-bedace151a88" />
      <Properties>
        <Property>
          <Key>TestKind</Key>
          <Value>Test</Value>
        </Property>
      </Properties>
    </GallioTestElement>
    <GallioTestElement name="Retorna_o_campo_chave_de_tabela_do_banco_Northwind" storage="D:\GeradorDeCodigoTDD\GeradorDeCodigo\GeradorDeCodigo.Teste\bin\Debug\GeradorDeCodigo.Teste.dll" id="37333238-6662-3239-6636-353265313730" d3p1:Gallio.TestId="8237bf92f652e170" d3p1:Gallio.AssemblyName="GeradorDeCodigo.Teste, Version=1.0.0.0, Culture=neutral, PublicKeyToken=null" d3p1:Gallio.NamespaceName="GeradorDeCodigo.Teste.Infra.MetadadosTeste" d3p1:Gallio.TypeName="GeradorDeCodigo.Teste.Infra.MetadadosTeste.TabelasECamposSqlServerTeste" d3p1:Gallio.MemberName="Retorna_o_campo_chave_de_tabela_do_banco_Northwind" d3p1:Gallio.ParameterName="" d3p1:Gallio.Path="D:\GeradorDeCodigoTDD\GeradorDeCodigo\GeradorDeCodigo.Teste\Infra\MetadadosTeste\TabelasECamposSqlServerTeste.cs" d3p1:Gallio.Line="131" d3p1:Gallio.Column="0" xmlns:d3p1="http://www.gallio.org/">
      <Execution id="be131623-4fdb-44dc-a3ec-571c0384b555" />
      <Properties>
        <Property>
          <Key>TestKind</Key>
          <Value>Test</Value>
        </Property>
      </Properties>
    </GallioTestElement>
    <GallioTestElement name="Retorna_uma_exception_GetSqlServer_se_passa_source_vazio" storage="D:\GeradorDeCodigoTDD\GeradorDeCodigo\GeradorDeCodigo.Teste\bin\Debug\GeradorDeCodigo.Teste.dll" id="63343133-3130-6230-6661-333762386137" d3p1:Gallio.TestId="314c010bfa37b8a7" d3p1:Gallio.AssemblyName="GeradorDeCodigo.Teste, Version=1.0.0.0, Culture=neutral, PublicKeyToken=null" d3p1:Gallio.NamespaceName="GeradorDeCodigo.Infra.Conexao" d3p1:Gallio.TypeName="GeradorDeCodigo.Infra.Conexao.StringConexaoTeste" d3p1:Gallio.MemberName="Retorna_uma_exception_GetSqlServer_se_passa_source_vazio" d3p1:Gallio.ParameterName="" d3p1:Gallio.Path="D:\GeradorDeCodigoTDD\GeradorDeCodigo\GeradorDeCodigo.Teste\Infra\Conexao\StringConexaoTeste.cs" d3p1:Gallio.Line="57" d3p1:Gallio.Column="0" xmlns:d3p1="http://www.gallio.org/">
      <Execution id="289d20e3-2970-490e-8437-4da55bdd717d" />
      <Properties>
        <Property>
          <Key>TestKind</Key>
          <Value>Test</Value>
        </Property>
      </Properties>
    </GallioTestElement>
    <GallioTestElement name="passando_lista_campos_ele_retorna_StringBilderpropetyAutomaticas_true" storage="D:\GeradorDeCodigoTDD\GeradorDeCodigo\GeradorDeCodigo.Teste\bin\Debug\GeradorDeCodigo.Teste.dll" id="61653331-3838-3561-3966-653338316466" d3p1:Gallio.TestId="13ea88a59fe381df" d3p1:Gallio.AssemblyName="GeradorDeCodigo.Teste, Version=1.0.0.0, Culture=neutral, PublicKeyToken=null" d3p1:Gallio.NamespaceName="GeradorDeCodigo.Teste.Domino.GeraArquivo" d3p1:Gallio.TypeName="GeradorDeCodigo.Teste.Domino.GeraArquivo.GeraArquivoTeste" d3p1:Gallio.MemberName="passando_lista_campos_ele_retorna_StringBilderpropetyAutomaticas_true" d3p1:Gallio.ParameterName="" d3p1:Gallio.Path="D:\GeradorDeCodigoTDD\GeradorDeCodigo\GeradorDeCodigo.Teste\Domino\GeraArquivo\GeraArquivoTeste.cs" d3p1:Gallio.Line="129" d3p1:Gallio.Column="0" xmlns:d3p1="http://www.gallio.org/">
      <Execution id="324a10f4-5314-4749-a164-b25b5111cdc3" />
      <Properties>
        <Property>
          <Key>TestKind</Key>
          <Value>Test</Value>
        </Property>
      </Properties>
    </GallioTestElement>
    <GallioTestElement name="Retorna_os_campos_chaves_de_uma_tabelas_do_banco_Northwind" storage="D:\GeradorDeCodigoTDD\GeradorDeCodigo\GeradorDeCodigo.Teste\bin\Debug\GeradorDeCodigo.Teste.dll" id="31393633-3835-6539-6163-653036333566" d3p1:Gallio.TestId="3691589eace0635f" d3p1:Gallio.AssemblyName="GeradorDeCodigo.Teste, Version=1.0.0.0, Culture=neutral, PublicKeyToken=null" d3p1:Gallio.NamespaceName="GeradorDeCodigo.Teste.Infra.MetadadosTeste" d3p1:Gallio.TypeName="GeradorDeCodigo.Teste.Infra.MetadadosTeste.TabelasECamposSqlServerTeste" d3p1:Gallio.MemberName="Retorna_os_campos_chaves_de_uma_tabelas_do_banco_Northwind" d3p1:Gallio.ParameterName="" d3p1:Gallio.Path="D:\GeradorDeCodigoTDD\GeradorDeCodigo\GeradorDeCodigo.Teste\Infra\MetadadosTeste\TabelasECamposSqlServerTeste.cs" d3p1:Gallio.Line="16707566" d3p1:Gallio.Column="0" xmlns:d3p1="http://www.gallio.org/">
      <Execution id="648fe8ec-1633-43be-bda3-41f441760d03" />
      <Properties>
        <Property>
          <Key>TestKind</Key>
          <Value>Test</Value>
        </Property>
      </Properties>
    </GallioTestElement>
    <GallioTestElement name="Retorana_falso_se_a_conexao_nao_estiver_aberta" storage="D:\GeradorDeCodigoTDD\GeradorDeCodigo\GeradorDeCodigo.Teste\bin\Debug\GeradorDeCodigo.Teste.dll" id="36353738-3464-3563-3864-643561306662" d3p1:Gallio.TestId="8756d4c58dd5a0fb" d3p1:Gallio.AssemblyName="GeradorDeCodigo.Teste, Version=1.0.0.0, Culture=neutral, PublicKeyToken=null" d3p1:Gallio.NamespaceName="GeradorDeCodigo.Teste.Infra.Conexao" d3p1:Gallio.TypeName="GeradorDeCodigo.Teste.Infra.Conexao.ConexaoSqlServerTeste" d3p1:Gallio.MemberName="Retorana_falso_se_a_conexao_nao_estiver_aberta" d3p1:Gallio.ParameterName="" d3p1:Gallio.Path="D:\GeradorDeCodigoTDD\GeradorDeCodigo\GeradorDeCodigo.Teste\Infra\Conexao\ConexaoSqlServerTeste.cs" d3p1:Gallio.Line="41" d3p1:Gallio.Column="0" xmlns:d3p1="http://www.gallio.org/">
      <Execution id="72db8675-ebb0-48b4-be65-53f16a94badc" />
      <Properties>
        <Property>
          <Key>TestKind</Key>
          <Value>Test</Value>
        </Property>
      </Properties>
    </GallioTestElement>
    <GallioTestElement name="Retorna_uma_exception_se_passado_nome_vazio_converte_para_maiusculo" storage="D:\GeradorDeCodigoTDD\GeradorDeCodigo\GeradorDeCodigo.Teste\bin\Debug\GeradorDeCodigo.Teste.dll" id="36313038-3666-6132-3733-303535356333" d3p1:Gallio.TestId="8016f62a730555c3" d3p1:Gallio.AssemblyName="GeradorDeCodigo.Teste, Version=1.0.0.0, Culture=neutral, PublicKeyToken=null" d3p1:Gallio.NamespaceName="GeradorDeCodigo.Teste.Domino.TrataNomeTeste" d3p1:Gallio.TypeName="GeradorDeCodigo.Teste.Domino.TrataNomeTeste.TrataNomeTeste" d3p1:Gallio.MemberName="Retorna_uma_exception_se_passado_nome_vazio_converte_para_maiusculo" d3p1:Gallio.ParameterName="" d3p1:Gallio.Path="D:\GeradorDeCodigoTDD\GeradorDeCodigo\GeradorDeCodigo.Teste\Domino\TrataNomeTeste\TrataNomeTeste.cs" d3p1:Gallio.Line="16707566" d3p1:Gallio.Column="0" xmlns:d3p1="http://www.gallio.org/">
      <Execution id="45fd07bf-19ad-4f0b-8a87-95c3de88d4bc" />
      <Properties>
        <Property>
          <Key>TestKind</Key>
          <Value>Test</Value>
        </Property>
      </Properties>
    </GallioTestElement>
    <GallioTestElement name="Retorna_a_quantidade_de_tabelas_do_banco_Northwind" storage="D:\GeradorDeCodigoTDD\GeradorDeCodigo\GeradorDeCodigo.Teste\bin\Debug\GeradorDeCodigo.Teste.dll" id="38356166-3934-3365-6438-633061663333" d3p1:Gallio.TestId="fa5849e3d8c0af33" d3p1:Gallio.AssemblyName="GeradorDeCodigo.Teste, Version=1.0.0.0, Culture=neutral, PublicKeyToken=null" d3p1:Gallio.NamespaceName="GeradorDeCodigo.Teste.Infra.MetadadosTeste" d3p1:Gallio.TypeName="GeradorDeCodigo.Teste.Infra.MetadadosTeste.TabelasECamposSqlServerTeste" d3p1:Gallio.MemberName="Retorna_a_quantidade_de_tabelas_do_banco_Northwind" d3p1:Gallio.ParameterName="" d3p1:Gallio.Path="D:\GeradorDeCodigoTDD\GeradorDeCodigo\GeradorDeCodigo.Teste\Infra\MetadadosTeste\TabelasECamposSqlServerTeste.cs" d3p1:Gallio.Line="52" d3p1:Gallio.Column="0" xmlns:d3p1="http://www.gallio.org/">
      <Execution id="9c9d3e93-7f84-42ce-850a-94b4db4663fe" />
      <Properties>
        <Property>
          <Key>TestKind</Key>
          <Value>Test</Value>
        </Property>
      </Properties>
    </GallioTestElement>
    <GallioTestElement name="nao_passando_source_e_base_ele_retorna_uma_null" storage="D:\GeradorDeCodigoTDD\GeradorDeCodigo\GeradorDeCodigo.Teste\bin\Debug\GeradorDeCodigo.Teste.dll" id="66336664-3136-3463-6432-333162663537" d3p1:Gallio.TestId="df3f61c4d231bf57" d3p1:Gallio.AssemblyName="GeradorDeCodigo.Teste, Version=1.0.0.0, Culture=neutral, PublicKeyToken=null" d3p1:Gallio.NamespaceName="GeradorDeCodigo.Teste.Infra.Conexao" d3p1:Gallio.TypeName="GeradorDeCodigo.Teste.Infra.Conexao.ConexaoSqlServerTeste" d3p1:Gallio.MemberName="nao_passando_source_e_base_ele_retorna_uma_null" d3p1:Gallio.ParameterName="" d3p1:Gallio.Path="D:\GeradorDeCodigoTDD\GeradorDeCodigo\GeradorDeCodigo.Teste\Infra\Conexao\ConexaoSqlServerTeste.cs" d3p1:Gallio.Line="53" d3p1:Gallio.Column="0" xmlns:d3p1="http://www.gallio.org/">
      <Execution id="c5c90124-fe1c-4a27-9a2b-7558772692c2" />
      <Properties>
        <Property>
          <Key>TestKind</Key>
          <Value>Test</Value>
        </Property>
      </Properties>
    </GallioTestElement>
    <GallioTestElement name="Retorna_uma_class_ConexaoOracle" storage="D:\GeradorDeCodigoTDD\GeradorDeCodigo\GeradorDeCodigo.Teste\bin\Debug\GeradorDeCodigo.Teste.dll" id="63343766-3562-3532-3861-336536613932" d3p1:Gallio.TestId="f74cb5258a3e6a92" d3p1:Gallio.AssemblyName="GeradorDeCodigo.Teste, Version=1.0.0.0, Culture=neutral, PublicKeyToken=null" d3p1:Gallio.NamespaceName="GeradorDeCodigo.Teste.Infra.Conexao" d3p1:Gallio.TypeName="GeradorDeCodigo.Teste.Infra.Conexao.FactoryConexaoTeste" d3p1:Gallio.MemberName="Retorna_uma_class_ConexaoOracle" d3p1:Gallio.ParameterName="" d3p1:Gallio.Path="D:\GeradorDeCodigoTDD\GeradorDeCodigo\GeradorDeCodigo.Teste\Infra\Conexao\FactoryConexaoTeste.cs" d3p1:Gallio.Line="24" d3p1:Gallio.Column="0" xmlns:d3p1="http://www.gallio.org/">
      <Execution id="4c52cd11-9499-4461-a96a-256e38f144a2" />
      <Properties>
        <Property>
          <Key>TestKind</Key>
          <Value>Test</Value>
        </Property>
      </Properties>
    </GallioTestElement>
    <GallioTestElement name="Passando_o_nome_de_uma_tabela_ele_retorna_verdadeiro" storage="D:\GeradorDeCodigoTDD\GeradorDeCodigo\GeradorDeCodigo.Teste\bin\Debug\GeradorDeCodigo.Teste.dll" id="39326533-3265-6566-6339-346636626361" d3p1:Gallio.TestId="3e29e2fec94f6bca" d3p1:Gallio.AssemblyName="GeradorDeCodigo.Teste, Version=1.0.0.0, Culture=neutral, PublicKeyToken=null" d3p1:Gallio.NamespaceName="GeradorDeCodigo.Teste.Infra.MetadadosTeste" d3p1:Gallio.TypeName="GeradorDeCodigo.Teste.Infra.MetadadosTeste.TabelasECamposSqlServerTeste" d3p1:Gallio.MemberName="Passando_o_nome_de_uma_tabela_ele_retorna_verdadeiro" d3p1:Gallio.ParameterName="" d3p1:Gallio.Path="D:\GeradorDeCodigoTDD\GeradorDeCodigo\GeradorDeCodigo.Teste\Infra\MetadadosTeste\TabelasECamposSqlServerTeste.cs" d3p1:Gallio.Line="25" d3p1:Gallio.Column="0" xmlns:d3p1="http://www.gallio.org/">
      <Execution id="8ac1ce66-47f1-4cf5-8e7d-42ee27b3fcc9" />
      <Properties>
        <Property>
          <Key>TestKind</Key>
          <Value>Test</Value>
        </Property>
      </Properties>
    </GallioTestElement>
  </TestDefinitions>
  <TestLists>
    <TestList name="Results Not in a List" id="8c84fa94-04c1-424b-9868-57a2d4851a1d" />
    <TestList name="All Loaded Results" id="19431567-8539-422a-85d7-44ee4e166bda" />
  </TestLists>
  <TestEntries>
    <TestEntry testId="30303034-3130-6563-6235-666430613839" executionId="5258858a-313d-4304-9820-2e1872b99045" testListId="8c84fa94-04c1-424b-9868-57a2d4851a1d" />
    <TestEntry testId="30623638-3332-3839-3437-616239626262" executionId="0e194711-8712-4814-abd9-dd624c7426db" testListId="8c84fa94-04c1-424b-9868-57a2d4851a1d" />
    <TestEntry testId="30646463-3332-3237-3639-353335666438" executionId="57d4fa0c-ea4e-4142-83d6-7b40ae90c754" testListId="8c84fa94-04c1-424b-9868-57a2d4851a1d" />
    <TestEntry testId="31356639-6364-6132-3266-626465343463" executionId="8af5dc9c-38bd-4572-9728-71eb9fd9da9b" testListId="8c84fa94-04c1-424b-9868-57a2d4851a1d" />
    <TestEntry testId="31383335-3837-3834-3536-393065333832" executionId="eafcb72c-eb3b-4a90-83c7-bd9ccea3cab7" testListId="8c84fa94-04c1-424b-9868-57a2d4851a1d" />
    <TestEntry testId="31393633-3835-6539-6163-653036333566" executionId="648fe8ec-1633-43be-bda3-41f441760d03" testListId="8c84fa94-04c1-424b-9868-57a2d4851a1d" />
    <TestEntry testId="31633565-6630-3663-3234-376564316565" executionId="c2b53fce-8ad9-4e8e-8018-d66232c04513" testListId="8c84fa94-04c1-424b-9868-57a2d4851a1d" />
    <TestEntry testId="32313866-6134-6638-3634-393538643264" executionId="c1358ad6-a50b-40b2-a573-4292f93b3b8c" testListId="8c84fa94-04c1-424b-9868-57a2d4851a1d" />
    <TestEntry testId="32353762-3334-6634-3034-373765316530" executionId="505e36b7-d83c-4323-8cce-2fdc308c52fc" testListId="8c84fa94-04c1-424b-9868-57a2d4851a1d" />
    <TestEntry testId="32356131-3233-3933-3764-333938396464" executionId="c14ee249-7894-49f1-8c7e-34904a1eb79c" testListId="8c84fa94-04c1-424b-9868-57a2d4851a1d" />
    <TestEntry testId="32363435-3064-6563-3535-633439346265" executionId="c4a480cf-bca3-4998-b02d-08e28f308d59" testListId="8c84fa94-04c1-424b-9868-57a2d4851a1d" />
    <TestEntry testId="33303038-3937-3165-6439-623831643137" executionId="440d0ad8-f2fa-44ec-8d77-c1d80ad02322" testListId="8c84fa94-04c1-424b-9868-57a2d4851a1d" />
    <TestEntry testId="33303765-3366-6532-6537-363564393161" executionId="7b03a086-de17-4a33-85ba-54d13abcf566" testListId="8c84fa94-04c1-424b-9868-57a2d4851a1d" />
    <TestEntry testId="33356139-6264-6635-3862-663733633462" executionId="853b5014-b65e-4a60-97e5-d865b0ab36fa" testListId="8c84fa94-04c1-424b-9868-57a2d4851a1d" />
    <TestEntry testId="33363532-3534-6439-6466-653133383535" executionId="e4f78169-49b5-47ad-bedb-3056a0fd03f7" testListId="8c84fa94-04c1-424b-9868-57a2d4851a1d" />
    <TestEntry testId="33636638-6462-6364-6233-373632623964" executionId="d7bfa018-84df-4837-9195-f9ff5f2dbc0b" testListId="8c84fa94-04c1-424b-9868-57a2d4851a1d" />
    <TestEntry testId="33653234-6331-3335-6633-343339646265" executionId="0f7e8f40-9b91-4324-a500-d773cd0d4c70" testListId="8c84fa94-04c1-424b-9868-57a2d4851a1d" />
    <TestEntry testId="34643835-6264-6130-3934-653539313033" executionId="9d1912be-3af1-444a-99ce-40f34793f123" testListId="8c84fa94-04c1-424b-9868-57a2d4851a1d" />
    <TestEntry testId="35363263-3639-3962-3266-383839666362" executionId="44bd5c72-96d7-4fe5-8371-2d97afb6c77b" testListId="8c84fa94-04c1-424b-9868-57a2d4851a1d" />
    <TestEntry testId="35383833-6536-3038-3939-626363323833" executionId="23c76a90-7e34-4994-92ec-c07d066f0bd7" testListId="8c84fa94-04c1-424b-9868-57a2d4851a1d" />
    <TestEntry testId="35653164-3166-3563-3265-616139653366" executionId="297226e6-d87d-43c8-be66-780bb44a8c10" testListId="8c84fa94-04c1-424b-9868-57a2d4851a1d" />
    <TestEntry testId="36313038-3666-6132-3733-303535356333" executionId="45fd07bf-19ad-4f0b-8a87-95c3de88d4bc" testListId="8c84fa94-04c1-424b-9868-57a2d4851a1d" />
    <TestEntry testId="36353738-3464-3563-3864-643561306662" executionId="72db8675-ebb0-48b4-be65-53f16a94badc" testListId="8c84fa94-04c1-424b-9868-57a2d4851a1d" />
    <TestEntry testId="37333238-6662-3239-6636-353265313730" executionId="be131623-4fdb-44dc-a3ec-571c0384b555" testListId="8c84fa94-04c1-424b-9868-57a2d4851a1d" />
    <TestEntry testId="37616638-3633-3638-6464-306665353237" executionId="34593d2f-36ec-45a4-af0b-064a3bd4e15e" testListId="8c84fa94-04c1-424b-9868-57a2d4851a1d" />
    <TestEntry testId="37643537-6664-6630-3234-393466356520" executionId="d70720b6-b0ef-4471-a89e-88690c4f688a" testListId="8c84fa94-04c1-424b-9868-57a2d4851a1d" />
    <TestEntry testId="38333435-3866-3130-3162-616430326336" executionId="201d612c-07e7-455c-94b3-51716601732d" testListId="8c84fa94-04c1-424b-9868-57a2d4851a1d" />
    <TestEntry testId="38356166-3934-3365-6438-633061663333" executionId="9c9d3e93-7f84-42ce-850a-94b4db4663fe" testListId="8c84fa94-04c1-424b-9868-57a2d4851a1d" />
    <TestEntry testId="39316539-3932-3531-6432-326266373663" executionId="56b7365d-3931-4e74-996d-2d3ba0b99202" testListId="8c84fa94-04c1-424b-9868-57a2d4851a1d" />
    <TestEntry testId="39326533-3265-6566-6339-346636626361" executionId="8ac1ce66-47f1-4cf5-8e7d-42ee27b3fcc9" testListId="8c84fa94-04c1-424b-9868-57a2d4851a1d" />
    <TestEntry testId="39373233-6331-6336-3039-616236303065" executionId="96ac14e6-9c89-4db5-8fa2-aab6bb332c1a" testListId="8c84fa94-04c1-424b-9868-57a2d4851a1d" />
    <TestEntry testId="39613033-3837-6161-6335-616539643436" executionId="d9766c14-2db9-458b-b438-19940b320261" testListId="8c84fa94-04c1-424b-9868-57a2d4851a1d" />
    <TestEntry testId="39633232-6234-6166-3237-333439303663" executionId="c72baec8-7072-42e9-85b5-c82cf9e79e2a" testListId="8c84fa94-04c1-424b-9868-57a2d4851a1d" />
    <TestEntry testId="39633632-3239-3862-6363-303537303936" executionId="11c6fe19-d801-482e-9602-73c00036ac03" testListId="8c84fa94-04c1-424b-9868-57a2d4851a1d" />
    <TestEntry testId="61336661-3136-3139-6236-643537363934" executionId="a811b69f-09da-45e7-ade0-648679f7ea5b" testListId="8c84fa94-04c1-424b-9868-57a2d4851a1d" />
    <TestEntry testId="61646461-6230-6264-3531-643634303530" executionId="6728d88e-f88b-4ce9-a085-3920d67d4115" testListId="8c84fa94-04c1-424b-9868-57a2d4851a1d" />
    <TestEntry testId="61653331-3838-3561-3966-653338316466" executionId="324a10f4-5314-4749-a164-b25b5111cdc3" testListId="8c84fa94-04c1-424b-9868-57a2d4851a1d" />
    <TestEntry testId="62303138-3631-3537-3931-376332376261" executionId="43c48453-24b4-4e98-a3c2-4880dc92cefb" testListId="8c84fa94-04c1-424b-9868-57a2d4851a1d" />
    <TestEntry testId="62303737-3831-3730-3964-653033633038" executionId="d0fb0c35-bf51-4148-994c-3a117bb66fdd" testListId="8c84fa94-04c1-424b-9868-57a2d4851a1d" />
    <TestEntry testId="62373335-3032-6364-6234-613763376320" executionId="cb9b718b-4e6f-49b7-98ff-86aaebc79d23" testListId="8c84fa94-04c1-424b-9868-57a2d4851a1d" />
    <TestEntry testId="62376364-3761-6633-6261-616133653666" executionId="ef35a397-41ab-46a6-a217-bedace151a88" testListId="8c84fa94-04c1-424b-9868-57a2d4851a1d" />
    <TestEntry testId="62393162-3532-3465-3430-376630313932" executionId="af2bcbf9-2a87-4ab6-b76d-7405e4d2f650" testListId="8c84fa94-04c1-424b-9868-57a2d4851a1d" />
    <TestEntry testId="62623361-6230-3536-6364-333337666265" executionId="b9dec848-c00f-424f-b18d-b4c6ebc08bbc" testListId="8c84fa94-04c1-424b-9868-57a2d4851a1d" />
    <TestEntry testId="63343133-3130-6230-6661-333762386137" executionId="289d20e3-2970-490e-8437-4da55bdd717d" testListId="8c84fa94-04c1-424b-9868-57a2d4851a1d" />
    <TestEntry testId="63343766-3562-3532-3861-336536613932" executionId="4c52cd11-9499-4461-a96a-256e38f144a2" testListId="8c84fa94-04c1-424b-9868-57a2d4851a1d" />
    <TestEntry testId="63373332-6164-3935-6536-616337316435" executionId="70e4ae4f-f420-42f0-b58f-8721c1eac282" testListId="8c84fa94-04c1-424b-9868-57a2d4851a1d" />
    <TestEntry testId="63373763-3439-3966-3330-633433653937" executionId="9fc163c5-32b9-4eaa-ba2b-1f93a1ae0802" testListId="8c84fa94-04c1-424b-9868-57a2d4851a1d" />
    <TestEntry testId="64323338-6433-3038-3732-333061323061" executionId="9cd28eca-5d0e-4fdf-babb-e17dc944315a" testListId="8c84fa94-04c1-424b-9868-57a2d4851a1d" />
    <TestEntry testId="64356466-3863-3837-3766-313038303435" executionId="09777d17-b807-497b-90f4-466fd09efc95" testListId="8c84fa94-04c1-424b-9868-57a2d4851a1d" />
    <TestEntry testId="64363634-3431-3561-3264-633432323233" executionId="a0297e65-0247-4e93-9d64-ee3735cd48d2" testListId="8c84fa94-04c1-424b-9868-57a2d4851a1d" />
    <TestEntry testId="64383266-3736-3338-3533-383166353939" executionId="b92189da-311d-427e-965d-b609a968f9a5" testListId="8c84fa94-04c1-424b-9868-57a2d4851a1d" />
    <TestEntry testId="64663762-3535-3766-3130-386538623232" executionId="75dc7ca1-1943-4364-91b9-13397b3afb84" testListId="8c84fa94-04c1-424b-9868-57a2d4851a1d" />
    <TestEntry testId="65316534-3033-6337-3634-346562616333" executionId="860e85c3-fc7f-42ea-b525-f202abecb192" testListId="8c84fa94-04c1-424b-9868-57a2d4851a1d" />
    <TestEntry testId="65373936-3430-3764-3363-653437323639" executionId="70b261ae-f605-48dd-806f-09d0e445a59b" testListId="8c84fa94-04c1-424b-9868-57a2d4851a1d" />
    <TestEntry testId="65386532-6261-6366-3930-393439336562" executionId="5d1a7204-282d-4537-9769-3ddfc86507ef" testListId="8c84fa94-04c1-424b-9868-57a2d4851a1d" />
    <TestEntry testId="65663261-3262-3739-3832-306437396632" executionId="9bfa4e89-9ae1-4565-bd10-6df4a738c579" testListId="8c84fa94-04c1-424b-9868-57a2d4851a1d" />
    <TestEntry testId="66303835-6263-6664-3137-353133326431" executionId="93b74d11-1b37-4b3a-b84c-14a1ffc675c8" testListId="8c84fa94-04c1-424b-9868-57a2d4851a1d" />
    <TestEntry testId="66336664-3136-3463-6432-333162663537" executionId="c5c90124-fe1c-4a27-9a2b-7558772692c2" testListId="8c84fa94-04c1-424b-9868-57a2d4851a1d" />
    <TestEntry testId="66663865-3532-6431-3139-323232356631" executionId="de2ea7c7-d200-4843-b7ae-7a391a5fa133" testListId="8c84fa94-04c1-424b-9868-57a2d4851a1d" />
  </TestEntries>
  <Results>
    <GallioTestResult executionId="5258858a-313d-4304-9820-2e1872b99045" testId="30303034-3130-6563-6235-666430613839" testName="Retorna_uma_exception_se_passado_nome_vazio" computerName="DESENVOLVIMENTO" startTime="2010-11-10T17:04:59.0271122-02:00" endTime="2010-11-10T17:05:21.6064036-02:00" testType="f3589083-259c-4054-87f7-75cdad4b08e5" outcome="Aborted" testListId="8c84fa94-04c1-424b-9868-57a2d4851a1d" relativeResultsDirectory="5258858a-313d-4304-9820-2e1872b99045">
    </GallioTestResult>
    <GallioTestResult executionId="0e194711-8712-4814-abd9-dd624c7426db" testId="30623638-3332-3839-3437-616239626262" testName="Retorna_uma_exception_para_tipo_vazinho" computerName="DESENVOLVIMENTO" duration="00:00:22.3262770" startTime="2010-11-10T17:04:59.3021279-02:00" endTime="2010-11-10T17:05:21.6284049-02:00" testType="f3589083-259c-4054-87f7-75cdad4b08e5" outcome="Aborted" testListId="8c84fa94-04c1-424b-9868-57a2d4851a1d" relativeResultsDirectory="0e194711-8712-4814-abd9-dd624c7426db">
    </GallioTestResult>
    <GallioTestResult executionId="57d4fa0c-ea4e-4142-83d6-7b40ae90c754" testId="30646463-3332-3237-3639-353335666438" testName="Retorna_se_um_campo_e_obrigatorio_de_tabela_do_banco_Northwind" computerName="DESENVOLVIMENTO" duration="00:00:22.2982754" startTime="2010-11-10T17:04:59.3301295-02:00" endTime="2010-11-10T17:05:21.6284049-02:00" testType="f3589083-259c-4054-87f7-75cdad4b08e5" outcome="Aborted" testListId="8c84fa94-04c1-424b-9868-57a2d4851a1d" relativeResultsDirectory="57d4fa0c-ea4e-4142-83d6-7b40ae90c754">
    </GallioTestResult>
    <GallioTestResult executionId="8af5dc9c-38bd-4572-9728-71eb9fd9da9b" testId="31356639-6364-6132-3266-626465343463" testName="Retorna_verdadeiro_se_campo_for_chave_de_uma_tabelas_do_banco_Northwind" computerName="DESENVOLVIMENTO" duration="00:00:22.2722739" startTime="2010-11-10T17:04:59.3561310-02:00" endTime="2010-11-10T17:05:21.6284049-02:00" testType="f3589083-259c-4054-87f7-75cdad4b08e5" outcome="Aborted" testListId="8c84fa94-04c1-424b-9868-57a2d4851a1d" relativeResultsDirectory="8af5dc9c-38bd-4572-9728-71eb9fd9da9b">
    </GallioTestResult>
    <GallioTestResult executionId="eafcb72c-eb3b-4a90-83c7-bd9ccea3cab7" testId="31383335-3837-3834-3536-393065333832" testName="passado_uma_lista_string_cria_os_arquivos" computerName="DESENVOLVIMENTO" duration="00:00:22.2482726" startTime="2010-11-10T17:04:59.3801323-02:00" endTime="2010-11-10T17:05:21.6284049-02:00" testType="f3589083-259c-4054-87f7-75cdad4b08e5" outcome="Aborted" testListId="8c84fa94-04c1-424b-9868-57a2d4851a1d" relativeResultsDirectory="eafcb72c-eb3b-4a90-83c7-bd9ccea3cab7">
    </GallioTestResult>
    <GallioTestResult executionId="648fe8ec-1633-43be-bda3-41f441760d03" testId="31393633-3835-6539-6163-653036333566" testName="Retorna_os_campos_chaves_de_uma_tabelas_do_banco_Northwind" computerName="DESENVOLVIMENTO" duration="00:00:22.2232711" startTime="2010-11-10T17:04:59.4051338-02:00" endTime="2010-11-10T17:05:21.6284049-02:00" testType="f3589083-259c-4054-87f7-75cdad4b08e5" outcome="Aborted" testListId="8c84fa94-04c1-424b-9868-57a2d4851a1d" relativeResultsDirectory="648fe8ec-1633-43be-bda3-41f441760d03">
    </GallioTestResult>
    <GallioTestResult executionId="c2b53fce-8ad9-4e8e-8018-d66232c04513" testId="31633565-6630-3663-3234-376564316565" testName="Retorna_uma_exeption_caso_passe_Oracle_e_retorna_Sqlserver" computerName="DESENVOLVIMENTO" duration="00:00:22.1992697" startTime="2010-11-10T17:04:59.4291352-02:00" endTime="2010-11-10T17:05:21.6284049-02:00" testType="f3589083-259c-4054-87f7-75cdad4b08e5" outcome="Aborted" testListId="8c84fa94-04c1-424b-9868-57a2d4851a1d" relativeResultsDirectory="c2b53fce-8ad9-4e8e-8018-d66232c04513">
    </GallioTestResult>
    <GallioTestResult executionId="c1358ad6-a50b-40b2-a573-4292f93b3b8c" testId="32313866-6134-6638-3634-393538643264" testName="Retorna_uma_exception_GetSqlServer_se_passa_source_id_password_vazio" computerName="DESENVOLVIMENTO" duration="00:00:22.1722682" startTime="2010-11-10T17:04:59.4561367-02:00" endTime="2010-11-10T17:05:21.6284049-02:00" testType="f3589083-259c-4054-87f7-75cdad4b08e5" outcome="Aborted" testListId="8c84fa94-04c1-424b-9868-57a2d4851a1d" relativeResultsDirectory="c1358ad6-a50b-40b2-a573-4292f93b3b8c">
    </GallioTestResult>
    <GallioTestResult executionId="505e36b7-d83c-4323-8cce-2fdc308c52fc" testId="32353762-3334-6634-3034-373765316530" testName="Passando_o_nome_de_uma_tabela_que_nao_existe_ele_retorna_falso" computerName="DESENVOLVIMENTO" duration="00:00:22.1462667" startTime="2010-11-10T17:04:59.4831382-02:00" endTime="2010-11-10T17:05:21.6294049-02:00" testType="f3589083-259c-4054-87f7-75cdad4b08e5" outcome="Aborted" testListId="8c84fa94-04c1-424b-9868-57a2d4851a1d" relativeResultsDirectory="505e36b7-d83c-4323-8cce-2fdc308c52fc">
    </GallioTestResult>
    <GallioTestResult executionId="c14ee249-7894-49f1-8c7e-34904a1eb79c" testId="32356131-3233-3933-3764-333938396464" testName="Passado_so_Souce_Tem_que_retorna_string_conexao" computerName="DESENVOLVIMENTO" duration="00:00:22.1212652" startTime="2010-11-10T17:04:59.5081397-02:00" endTime="2010-11-10T17:05:21.6294049-02:00" testType="f3589083-259c-4054-87f7-75cdad4b08e5" outcome="Aborted" testListId="8c84fa94-04c1-424b-9868-57a2d4851a1d" relativeResultsDirectory="c14ee249-7894-49f1-8c7e-34904a1eb79c">
    </GallioTestResult>
[...]
    </GallioTestResult>
    <GallioTestResult executionId="be131623-4fdb-44dc-a3ec-571c0384b555" testId="37333238-6662-3239-6636-353265313730" testName="Retorna_o_campo_chave_de_tabela_do_banco_Northwind" computerName="DESENVOLVIMENTO" duration="00:00:21.7652449" startTime="2010-11-10T17:04:59.8661601-02:00" endTime="2010-11-10T17:05:21.6314050-02:00" testType="f3589083-259c-4054-87f7-75cdad4b08e5" outcome="Aborted" testListId="8c84fa94-04c1-424b-9868-57a2d4851a1d" relativeResultsDirectory="be131623-4fdb-44dc-a3ec-571c0384b555">
    </GallioTestResult>
    <GallioTestResult executionId="34593d2f-36ec-45a4-af0b-064a3bd4e15e" testId="37616638-3633-3638-6464-306665353237" testName="Retorna_uma_exception_para_cria_arquivo_se_caminho_vazinho" computerName="DESENVOLVIMENTO" duration="00:00:21.7432436" startTime="2010-11-10T17:04:59.8881614-02:00" endTime="2010-11-10T17:05:21.6314050-02:00" testType="f3589083-259c-4054-87f7-75cdad4b08e5" outcome="Aborted" testListId="8c84fa94-04c1-424b-9868-57a2d4851a1d" relativeResultsDirectory="34593d2f-36ec-45a4-af0b-064a3bd4e15e">
    </GallioTestResult>
    <GallioTestResult executionId="d70720b6-b0ef-4471-a89e-88690c4f688a" testId="37643537-6664-6630-3234-393466356520" testName="Retorana_verdadeiro_se_a_conexao_estiver_aberta" computerName="DESENVOLVIMENTO" duration="00:00:21.7202423" startTime="2010-11-10T17:04:59.9111627-02:00" endTime="2010-11-10T17:05:21.6314050-02:00" testType="f3589083-259c-4054-87f7-75cdad4b08e5" outcome="Aborted" testListId="8c84fa94-04c1-424b-9868-57a2d4851a1d" relativeResultsDirectory="d70720b6-b0ef-4471-a89e-88690c4f688a">
    </GallioTestResult>
    <GallioTestResult executionId="201d612c-07e7-455c-94b3-51716601732d" testId="38333435-3866-3130-3162-616430326336" testName="Retorna_o_drive_a_ser_usado_pelo_NHibernate" computerName="DESENVOLVIMENTO" duration="00:00:21.6982410" startTime="2010-11-10T17:04:59.9331640-02:00" endTime="2010-11-10T17:05:21.6314050-02:00" testType="f3589083-259c-4054-87f7-75cdad4b08e5" outcome="Aborted" testListId="8c84fa94-04c1-424b-9868-57a2d4851a1d" relativeResultsDirectory="201d612c-07e7-455c-94b3-51716601732d">
    </GallioTestResult>
    <GallioTestResult executionId="9c9d3e93-7f84-42ce-850a-94b4db4663fe" testId="38356166-3934-3365-6438-633061663333" testName="Retorna_a_quantidade_de_tabelas_do_banco_Northwind" computerName="DESENVOLVIMENTO" duration="00:00:21.6742396" startTime="2010-11-10T17:04:59.9571654-02:00" endTime="2010-11-10T17:05:21.6314050-02:00" testType="f3589083-259c-4054-87f7-75cdad4b08e5" outcome="Aborted" testListId="8c84fa94-04c1-424b-9868-57a2d4851a1d" relativeResultsDirectory="9c9d3e93-7f84-42ce-850a-94b4db4663fe">
    </GallioTestResult>
    <GallioTestResult executionId="56b7365d-3931-4e74-996d-2d3ba0b99202" testId="39316539-3932-3531-6432-326266373663" testName="Passado_uma_string_Passa_so_a_primeira_letra_para_maisculo_e_retiro_o_uderline_e_o_S" computerName="DESENVOLVIMENTO" duration="00:00:21.6492382" startTime="2010-11-10T17:04:59.9821668-02:00" endTime="2010-11-10T17:05:21.6314050-02:00" testType="f3589083-259c-4054-87f7-75cdad4b08e5" outcome="Aborted" testListId="8c84fa94-04c1-424b-9868-57a2d4851a1d" relativeResultsDirectory="56b7365d-3931-4e74-996d-2d3ba0b99202">
    </GallioTestResult>
    <GallioTestResult executionId="8ac1ce66-47f1-4cf5-8e7d-42ee27b3fcc9" testId="39326533-3265-6566-6339-346636626361" testName="Passando_o_nome_de_uma_tabela_ele_retorna_verdadeiro" computerName="DESENVOLVIMENTO" duration="00:00:21.6252369" startTime="2010-11-10T17:05:00.0071682-02:00" endTime="2010-11-10T17:05:21.6324051-02:00" testType="f3589083-259c-4054-87f7-75cdad4b08e5" outcome="Aborted" testListId="8c84fa94-04c1-424b-9868-57a2d4851a1d" relativeResultsDirectory="8ac1ce66-47f1-4cf5-8e7d-42ee27b3fcc9">
    </GallioTestResult>
    <GallioTestResult executionId="96ac14e6-9c89-4db5-8fa2-aab6bb332c1a" testId="39373233-6331-6336-3039-616236303065" testName="Retorna_uma_exception_GetSqlServer_se_passa_source_catalog_vazio" computerName="DESENVOLVIMENTO" duration="00:00:21.5962352" startTime="2010-11-10T17:05:00.0361699-02:00" endTime="2010-11-10T17:05:21.6324051-02:00" testType="f3589083-259c-4054-87f7-75cdad4b08e5" outcome="Aborted" testListId="8c84fa94-04c1-424b-9868-57a2d4851a1d" relativeResultsDirectory="96ac14e6-9c89-4db5-8fa2-aab6bb332c1a">
    </GallioTestResult>
    <GallioTestResult executionId="d9766c14-2db9-458b-b438-19940b320261" testId="39613033-3837-6161-6335-616539643436" testName="Retorna_a_tabela_do_campo_chaveEstrageira_de_tabela_do_banco_Northwind" computerName="DESENVOLVIMENTO" duration="00:00:21.5732339" startTime="2010-11-10T17:05:00.0591712-02:00" endTime="2010-11-10T17:05:21.6324051-02:00" testType="f3589083-259c-4054-87f7-75cdad4b08e5" outcome="Aborted" testListId="8c84fa94-04c1-424b-9868-57a2d4851a1d" relativeResultsDirectory="d9766c14-2db9-458b-b438-19940b320261">
    </GallioTestResult>
    <GallioTestResult executionId="c72baec8-7072-42e9-85b5-c82cf9e79e2a" testId="39633232-6234-6166-3237-333439303663" testName="Retorna_a_quantidade_de_campos_de_uma_tabelas_do_banco_Northwind" computerName="DESENVOLVIMENTO" duration="00:00:21.5502326" startTime="2010-11-10T17:05:00.0821725-02:00" endTime="2010-11-10T17:05:21.6324051-02:00" testType="f3589083-259c-4054-87f7-75cdad4b08e5" outcome="Aborted" testListId="8c84fa94-04c1-424b-9868-57a2d4851a1d" relativeResultsDirectory="c72baec8-7072-42e9-85b5-c82cf9e79e2a">
    </GallioTestResult>
    <GallioTestResult executionId="11c6fe19-d801-482e-9602-73c00036ac03" testId="39633632-3239-3862-6363-303537303936" testName="Retorna_uma_class_tipo_ConexaoOracle" computerName="DESENVOLVIMENTO" duration="00:00:21.5282313" startTime="2010-11-10T17:05:00.1041738-02:00" endTime="2010-11-10T17:05:21.6324051-02:00" testType="f3589083-259c-4054-87f7-75cdad4b08e5" outcome="Aborted" testListId="8c84fa94-04c1-424b-9868-57a2d4851a1d" relativeResultsDirectory="11c6fe19-d801-482e-9602-73c00036ac03">
    </GallioTestResult>
    <GallioTestResult executionId="a811b69f-09da-45e7-ade0-648679f7ea5b" testId="61336661-3136-3139-6236-643537363934" testName="Passado_uma_string_para_minisculo" computerName="DESENVOLVIMENTO" duration="00:00:21.5052300" startTime="2010-11-10T17:05:00.1271751-02:00" endTime="2010-11-10T17:05:21.6324051-02:00" testType="f3589083-259c-4054-87f7-75cdad4b08e5" outcome="Aborted" testListId="8c84fa94-04c1-424b-9868-57a2d4851a1d" relativeResultsDirectory="a811b69f-09da-45e7-ade0-648679f7ea5b">
    </GallioTestResult>
    <GallioTestResult executionId="6728d88e-f88b-4ce9-a085-3920d67d4115" testId="61646461-6230-6264-3531-643634303530" testName="passado_uma_lista_string_cria_as_interface" computerName="DESENVOLVIMENTO" duration="00:00:21.4782285" startTime="2010-11-10T17:05:00.1541766-02:00" endTime="2010-11-10T17:05:21.6324051-02:00" testType="f3589083-259c-4054-87f7-75cdad4b08e5" outcome="Aborted" testListId="8c84fa94-04c1-424b-9868-57a2d4851a1d" relativeResultsDirectory="6728d88e-f88b-4ce9-a085-3920d67d4115">
    </GallioTestResult>
    <GallioTestResult executionId="324a10f4-5314-4749-a164-b25b5111cdc3" testId="61653331-3838-3561-3966-653338316466" testName="passando_lista_campos_ele_retorna_StringBilderpropetyAutomaticas_true" computerName="DESENVOLVIMENTO" duration="00:00:21.4532271" startTime="2010-11-10T17:05:00.1801781-02:00" endTime="2010-11-10T17:05:21.6334052-02:00" testType="f3589083-259c-4054-87f7-75cdad4b08e5" outcome="Aborted" testListId="8c84fa94-04c1-424b-9868-57a2d4851a1d" relativeResultsDirectory="324a10f4-5314-4749-a164-b25b5111cdc3">
    </GallioTestResult>
    <GallioTestResult executionId="43c48453-24b4-4e98-a3c2-4880dc92cefb" testId="62303138-3631-3537-3931-376332376261" testName="Retorna_a_quantidade_de_campos_chaves_de_uma_tabelas_do_banco_Northwind" computerName="DESENVOLVIMENTO" duration="00:00:21.4232254" startTime="2010-11-10T17:05:00.2101798-02:00" endTime="2010-11-10T17:05:21.6334052-02:00" testType="f3589083-259c-4054-87f7-75cdad4b08e5" outcome="Aborted" testListId="8c84fa94-04c1-424b-9868-57a2d4851a1d" relativeResultsDirectory="43c48453-24b4-4e98-a3c2-4880dc92cefb">
    </GallioTestResult>
    <GallioTestResult executionId="d0fb0c35-bf51-4148-994c-3a117bb66fdd" testId="62303737-3831-3730-3964-653033633038" testName="Retorna_o_tipo_dado_do_campo_de_acordo_com_banco_Northwind" computerName="DESENVOLVIMENTO" duration="00:00:21.3982239" startTime="2010-11-10T17:05:00.2351813-02:00" endTime="2010-11-10T17:05:21.6334052-02:00" testType="f3589083-259c-4054-87f7-75cdad4b08e5" outcome="Aborted" testListId="8c84fa94-04c1-424b-9868-57a2d4851a1d" relativeResultsDirectory="d0fb0c35-bf51-4148-994c-3a117bb66fdd">
    </GallioTestResult>
    <GallioTestResult executionId="cb9b718b-4e6f-49b7-98ff-86aaebc79d23" testId="62373335-3032-6364-6234-613763376320" testName="Retorna_o_tanho_de_um_campo_string_tabelas_do_banco_Northwind" computerName="DESENVOLVIMENTO" duration="00:00:21.3752226" startTime="2010-11-10T17:05:00.2581826-02:00" endTime="2010-11-10T17:05:21.6334052-02:00" testType="f3589083-259c-4054-87f7-75cdad4b08e5" outcome="Aborted" testListId="8c84fa94-04c1-424b-9868-57a2d4851a1d" relativeResultsDirectory="cb9b718b-4e6f-49b7-98ff-86aaebc79d23">
    </GallioTestResult>
    <GallioTestResult executionId="ef35a397-41ab-46a6-a217-bedace151a88" testId="62376364-3761-6633-6261-616133653666" testName="Retorna_uma_exception_passando_uma_string_vazia" computerName="DESENVOLVIMENTO" duration="00:00:21.3462210" startTime="2010-11-10T17:05:00.2871842-02:00" endTime="2010-11-10T17:05:21.6334052-02:00" testType="f3589083-259c-4054-87f7-75cdad4b08e5" outcome="Aborted" testListId="8c84fa94-04c1-424b-9868-57a2d4851a1d" relativeResultsDirectory="ef35a397-41ab-46a6-a217-bedace151a88">
    </GallioTestResult>
    <GallioTestResult executionId="af2bcbf9-2a87-4ab6-b76d-7405e4d2f650" testId="62393162-3532-3465-3430-376630313932" testName="Retorna_uma_class_ConexaoSqlServer" computerName="DESENVOLVIMENTO" duration="00:00:21.3232197" startTime="2010-11-10T17:05:00.3101855-02:00" endTime="2010-11-10T17:05:21.6334052-02:00" testType="f3589083-259c-4054-87f7-75cdad4b08e5" outcome="Aborted" testListId="8c84fa94-04c1-424b-9868-57a2d4851a1d" relativeResultsDirectory="af2bcbf9-2a87-4ab6-b76d-7405e4d2f650">
    </GallioTestResult>
    <GallioTestResult executionId="b9dec848-c00f-424f-b18d-b4c6ebc08bbc" testId="62623361-6230-3536-6364-333337666265" testName="Passando_source_e_base_ele_retrona_uma_conexao" computerName="DESENVOLVIMENTO" duration="00:00:04.9450000" startTime="2010-11-10T17:05:16.7011231-02:00" endTime="2010-11-10T17:05:21.5454001-02:00" testType="f3589083-259c-4054-87f7-75cdad4b08e5" outcome="Aborted" testListId="8c84fa94-04c1-424b-9868-57a2d4851a1d" relativeResultsDirectory="b9dec848-c00f-424f-b18d-b4c6ebc08bbc">
      <Output>
        <ErrorInfo>
          <Message>Execute
The user canceled the test run.
</Message>
        </ErrorInfo>
      </Output>
    </GallioTestResult>
    <GallioTestResult executionId="289d20e3-2970-490e-8437-4da55bdd717d" testId="63343133-3130-6230-6661-333762386137" testName="Retorna_uma_exception_GetSqlServer_se_passa_source_vazio" computerName="DESENVOLVIMENTO" duration="00:00:21.2782171" startTime="2010-11-10T17:05:00.3551881-02:00" endTime="2010-11-10T17:05:21.6334052-02:00" testType="f3589083-259c-4054-87f7-75cdad4b08e5" outcome="Aborted" testListId="8c84fa94-04c1-424b-9868-57a2d4851a1d" relativeResultsDirectory="289d20e3-2970-490e-8437-4da55bdd717d">
    </GallioTestResult>
    <GallioTestResult executionId="4c52cd11-9499-4461-a96a-256e38f144a2" testId="63343766-3562-3532-3861-336536613932" testName="Retorna_uma_class_ConexaoOracle" computerName="DESENVOLVIMENTO" duration="00:00:21.2562158" startTime="2010-11-10T17:05:00.3781894-02:00" endTime="2010-11-10T17:05:21.6344052-02:00" testType="f3589083-259c-4054-87f7-75cdad4b08e5" outcome="Aborted" testListId="8c84fa94-04c1-424b-9868-57a2d4851a1d" relativeResultsDirectory="4c52cd11-9499-4461-a96a-256e38f144a2">
    </GallioTestResult>
    <GallioTestResult executionId="70e4ae4f-f420-42f0-b58f-8721c1eac282" testId="63373332-6164-3935-6536-616337316435" testName="Retorna_uma_exception_se_passado_nome_vazio_e_retira_s" computerName="DESENVOLVIMENTO" duration="00:00:21.2332145" startTime="2010-11-10T17:05:00.4011907-02:00" endTime="2010-11-10T17:05:21.6344052-02:00" testType="f3589083-259c-4054-87f7-75cdad4b08e5" outcome="Aborted" testListId="8c84fa94-04c1-424b-9868-57a2d4851a1d" relativeResultsDirectory="70e4ae4f-f420-42f0-b58f-8721c1eac282">
    </GallioTestResult>
    <GallioTestResult executionId="9fc163c5-32b9-4eaa-ba2b-1f93a1ae0802" testId="63373763-3439-3966-3330-633433653937" testName="Retorna_o_campo_chaveEstrageira_de_tabela_do_banco_Northwind" computerName="DESENVOLVIMENTO" duration="00:00:21.2112132" startTime="2010-11-10T17:05:00.4231920-02:00" endTime="2010-11-10T17:05:21.6344052-02:00" testType="f3589083-259c-4054-87f7-75cdad4b08e5" outcome="Aborted" testListId="8c84fa94-04c1-424b-9868-57a2d4851a1d" relativeResultsDirectory="9fc163c5-32b9-4eaa-ba2b-1f93a1ae0802">
    </GallioTestResult>
    <GallioTestResult executionId="9cd28eca-5d0e-4fdf-babb-e17dc944315a" testId="64323338-6433-3038-3732-333061323061" testName="dado_uma_lista_string_cria_arquivo_no_diretorio" computerName="DESENVOLVIMENTO" duration="00:00:21.1882119" startTime="2010-11-10T17:05:00.4461933-02:00" endTime="2010-11-10T17:05:21.6344052-02:00" testType="f3589083-259c-4054-87f7-75cdad4b08e5" outcome="Aborted" testListId="8c84fa94-04c1-424b-9868-57a2d4851a1d" relativeResultsDirectory="9cd28eca-5d0e-4fdf-babb-e17dc944315a">
    </GallioTestResult>
    <GallioTestResult executionId="09777d17-b807-497b-90f4-466fd09efc95" testId="64356466-3863-3837-3766-313038303435" testName="Passado_um_campo_e_uma_tabela_do_banco_Northwind_ele_retorna_se_e_Identity" computerName="DESENVOLVIMENTO" duration="00:00:21.1382090" startTime="2010-11-10T17:05:00.4961962-02:00" endTime="2010-11-10T17:05:21.6344052-02:00" testType="f3589083-259c-4054-87f7-75cdad4b08e5" outcome="Aborted" testListId="8c84fa94-04c1-424b-9868-57a2d4851a1d" relativeResultsDirectory="09777d17-b807-497b-90f4-466fd09efc95">
    </GallioTestResult>
    <GallioTestResult executionId="a0297e65-0247-4e93-9d64-ee3735cd48d2" testId="64363634-3431-3561-3264-633432323233" testName="Retorna_uma_exception_para_cria_diretorio_se_caminho_vazinho" computerName="DESENVOLVIMENTO" duration="00:00:21.1152077" startTime="2010-11-10T17:05:00.5191975-02:00" endTime="2010-11-10T17:05:21.6344052-02:00" testType="f3589083-259c-4054-87f7-75cdad4b08e5" outcome="Aborted" testListId="8c84fa94-04c1-424b-9868-57a2d4851a1d" relativeResultsDirectory="a0297e65-0247-4e93-9d64-ee3735cd48d2">
    </GallioTestResult>
    <GallioTestResult executionId="b92189da-311d-427e-965d-b609a968f9a5" testId="64383266-3736-3338-3533-383166353939" testName="Passado_so_Souce_Catalog_Tem_que_retorna_string_conexao" computerName="DESENVOLVIMENTO" duration="00:00:21.0942065" startTime="2010-11-10T17:05:00.5411988-02:00" endTime="2010-11-10T17:05:21.6354053-02:00" testType="f3589083-259c-4054-87f7-75cdad4b08e5" outcome="Aborted" testListId="8c84fa94-04c1-424b-9868-57a2d4851a1d" relativeResultsDirectory="b92189da-311d-427e-965d-b609a968f9a5">
    </GallioTestResult>
    <GallioTestResult executionId="75dc7ca1-1943-4364-91b9-13397b3afb84" testId="64663762-3535-3766-3130-386538623232" testName="Retorna_uma_class_tipo_ConexaoSqlServe" computerName="DESENVOLVIMENTO" duration="00:00:21.0712052" startTime="2010-11-10T17:05:00.5642001-02:00" endTime="2010-11-10T17:05:21.6354053-02:00" testType="f3589083-259c-4054-87f7-75cdad4b08e5" outcome="Aborted" testListId="8c84fa94-04c1-424b-9868-57a2d4851a1d" relativeResultsDirectory="75dc7ca1-1943-4364-91b9-13397b3afb84">
    </GallioTestResult>
    <GallioTestResult executionId="860e85c3-fc7f-42ea-b525-f202abecb192" testId="65316534-3033-6337-3634-346562616333" testName="Retorna_uma_exception_GetOracle_se_passa_source_Catalog_id_password_vazio" computerName="DESENVOLVIMENTO" duration="00:00:21.0482039" startTime="2010-11-10T17:05:00.5872014-02:00" endTime="2010-11-10T17:05:21.6354053-02:00" testType="f3589083-259c-4054-87f7-75cdad4b08e5" outcome="Aborted" testListId="8c84fa94-04c1-424b-9868-57a2d4851a1d" relativeResultsDirectory="860e85c3-fc7f-42ea-b525-f202abecb192">
    </GallioTestResult>
    <GallioTestResult executionId="70b261ae-f605-48dd-806f-09d0e445a59b" testId="65373936-3430-3764-3363-653437323639" testName="Passado_uma_tabela_do_banco_Northwind_ele_retorna_seus_relacionamentos" computerName="DESENVOLVIMENTO" duration="00:00:21.0262027" startTime="2010-11-10T17:05:00.6092026-02:00" endTime="2010-11-10T17:05:21.6354053-02:00" testType="f3589083-259c-4054-87f7-75cdad4b08e5" outcome="Aborted" testListId="8c84fa94-04c1-424b-9868-57a2d4851a1d" relativeResultsDirectory="70b261ae-f605-48dd-806f-09d0e445a59b">
    </GallioTestResult>
    <GallioTestResult executionId="5d1a7204-282d-4537-9769-3ddfc86507ef" testId="65386532-6261-6366-3930-393439336562" testName="Passado_uma_string_para_minisculo_e_retira_uderline_e_S_no_fim" computerName="DESENVOLVIMENTO" duration="00:00:20.9982011" startTime="2010-11-10T17:05:00.6372042-02:00" endTime="2010-11-10T17:05:21.6354053-02:00" testType="f3589083-259c-4054-87f7-75cdad4b08e5" outcome="Aborted" testListId="8c84fa94-04c1-424b-9868-57a2d4851a1d" relativeResultsDirectory="5d1a7204-282d-4537-9769-3ddfc86507ef">
    </GallioTestResult>
    <GallioTestResult executionId="9bfa4e89-9ae1-4565-bd10-6df4a738c579" testId="65663261-3262-3739-3832-306437396632" testName="passando_lista_campos_ele_retorna_StringBilder_propetyAutomaticas_false" computerName="DESENVOLVIMENTO" duration="00:00:20.9751997" startTime="2010-11-10T17:05:00.6602056-02:00" endTime="2010-11-10T17:05:21.6354053-02:00" testType="f3589083-259c-4054-87f7-75cdad4b08e5" outcome="Aborted" testListId="8c84fa94-04c1-424b-9868-57a2d4851a1d" relativeResultsDirectory="9bfa4e89-9ae1-4565-bd10-6df4a738c579">
    </GallioTestResult>
    <GallioTestResult executionId="93b74d11-1b37-4b3a-b84c-14a1ffc675c8" testId="66303835-6263-6664-3137-353133326431" testName="verifica_se_existe_diretorio" computerName="DESENVOLVIMENTO" duration="00:00:20.9521984" startTime="2010-11-10T17:05:00.6832069-02:00" endTime="2010-11-10T17:05:21.6354053-02:00" testType="f3589083-259c-4054-87f7-75cdad4b08e5" outcome="Aborted" testListId="8c84fa94-04c1-424b-9868-57a2d4851a1d" relativeResultsDirectory="93b74d11-1b37-4b3a-b84c-14a1ffc675c8">
    </GallioTestResult>
    <GallioTestResult executionId="c5c90124-fe1c-4a27-9a2b-7558772692c2" testId="66336664-3136-3463-6432-333162663537" testName="nao_passando_source_e_base_ele_retorna_uma_null" computerName="DESENVOLVIMENTO" duration="00:00:15.0070000" startTime="2010-11-10T17:05:01.5812582-02:00" endTime="2010-11-10T17:05:16.5901167-02:00" testType="f3589083-259c-4054-87f7-75cdad4b08e5" outcome="PassedButRunAborted" testListId="8c84fa94-04c1-424b-9868-57a2d4851a1d" relativeResultsDirectory="c5c90124-fe1c-4a27-9a2b-7558772692c2">
    </GallioTestResult>
    <GallioTestResult executionId="de2ea7c7-d200-4843-b7ae-7a391a5fa133" testId="66663865-3532-6431-3139-323232356631" testName="passa_um_tipo_do_banco_de_dados_retorna_um_tipo_do_CShap" computerName="DESENVOLVIMENTO" duration="00:00:20.9081958" startTime="2010-11-10T17:05:00.7282095-02:00" endTime="2010-11-10T17:05:21.6364053-02:00" testType="f3589083-259c-4054-87f7-75cdad4b08e5" outcome="Aborted" testListId="8c84fa94-04c1-424b-9868-57a2d4851a1d" relativeResultsDirectory="de2ea7c7-d200-4843-b7ae-7a391a5fa133">
    </GallioTestResult>
  </Results>
</TestRun>