<?xml version="1.0" encoding="UTF-8"?>
<TestRun id="c76f7e4d-b1dc-4945-b2ff-eff0d39d7df8" name="julierme@VGA-DES 2010-09-23 18:09:44" runUser="D_VGA\julierme" xmlns="http://microsoft.com/schemas/VisualStudio/TeamTest/2010">
  <TestSettings name="Local" id="ea351624-5c13-458c-b8cd-d92029f9404a">
    <Description>These are default test settings for a local test run.</Description>
    <Deployment enabled="false" runDeploymentRoot="julierme_VGA-DES 2010-09-23 18_09_44">
      <DeploymentItem filename="C:\Documents and Settings\julierme\meus documentos\visual studio 2010\Projects\GeradorDeCodigo\GeradorDeCodigo.Dominio\bin\Debug\GeradorDeCodigo.Dominio.dll" />
      <DeploymentItem filename="C:\Arquivos de programas\Gallio\bin\MbUnit.dll" />
      <DeploymentItem filename="C:\Documents and Settings\julierme\meus documentos\visual studio 2010\Projects\GeradorDeCodigo\GeradorDeCodigo.Infra\bin\Debug\GeradorDeCodigo.Infra.dll" />
      <DeploymentItem filename="C:\Arquivos de programas\Gallio\bin\Gallio.dll" />
    </Deployment>
    <Execution>
      <TestTypeSpecific />
      <AgentRule name="Execution Agents">
      </AgentRule>
    </Execution>
  </TestSettings>
  <Times creation="2010-09-23T18:09:44.0000000-03:00" queuing="2010-09-23T18:09:44.3125000-03:00" start="2010-09-23T18:09:44.6250000-03:00" finish="2010-09-23T18:10:06.1875000-03:00" />
  <ResultSummary outcome="Failed">
    <Counters total="59" executed="59" passed="58" error="0" failed="1" timeout="0" aborted="0" inconclusive="0" passedButRunAborted="0" notRunnable="0" notExecuted="0" disconnected="0" warning="0" completed="0" inProgress="0" pending="0" />
  </ResultSummary>
  <TestDefinitions>
    <GallioTestElement name="Passado_so_Souce_ID_Passaword_Tem_que_retorna_string_conexao" storage="C:\Documents and Settings\julierme\meus documentos\visual studio 2010\Projects\GeradorDeCodigo\GeradorDeCodigo.Teste\bin\Debug\GeradorDeCodigo.Teste.dll" id="33356139-6264-6635-3862-663733633462" d3p1:Gallio.TestId="9a53db5f8bf73c4b" d3p1:Gallio.AssemblyName="GeradorDeCodigo.Teste, Version=1.0.0.0, Culture=neutral, PublicKeyToken=null" d3p1:Gallio.NamespaceName="GeradorDeCodigo.Infra.Conexao" d3p1:Gallio.TypeName="GeradorDeCodigo.Infra.Conexao.StringConexaoTeste" d3p1:Gallio.MemberName="Passado_so_Souce_ID_Passaword_Tem_que_retorna_string_conexao" d3p1:Gallio.ParameterName="" d3p1:Gallio.Path="C:\Documents and Settings\julierme\meus documentos\visual studio 2010\Projects\GeradorDeCodigo\GeradorDeCodigo.Teste\Infra\Conexao\StringConexaoTeste.cs" d3p1:Gallio.Line="36" d3p1:Gallio.Column="0" xmlns:d3p1="http://www.gallio.org/">
      <Execution id="b3c4c41a-2283-4c3a-bb99-912f5ce1d0a3" />
      <Properties>
        <Property>
          <Key>TestKind</Key>
          <Value>Test</Value>
        </Property>
      </Properties>
    </GallioTestElement>
    <GallioTestElement name="Retorna_se_um_campo_e_obrigatorio_de_tabela_do_banco_Northwind" storage="C:\Documents and Settings\julierme\meus documentos\visual studio 2010\Projects\GeradorDeCodigo\GeradorDeCodigo.Teste\bin\Debug\GeradorDeCodigo.Teste.dll" id="30646463-3332-3237-3639-353335666438" d3p1:Gallio.TestId="cdd0237269535fd8" d3p1:Gallio.AssemblyName="GeradorDeCodigo.Teste, Version=1.0.0.0, Culture=neutral, PublicKeyToken=null" d3p1:Gallio.NamespaceName="GeradorDeCodigo.Teste.Infra.MetadadosTeste" d3p1:Gallio.TypeName="GeradorDeCodigo.Teste.Infra.MetadadosTeste.TabelasECamposSqlServerTeste" d3p1:Gallio.MemberName="Retorna_se_um_campo_e_obrigatorio_de_tabela_do_banco_Northwind" d3p1:Gallio.ParameterName="" d3p1:Gallio.Path="C:\Documents and Settings\julierme\meus documentos\visual studio 2010\Projects\GeradorDeCodigo\GeradorDeCodigo.Teste\Infra\MetadadosTeste\TabelasECamposSqlServerTeste.cs" d3p1:Gallio.Line="144" d3p1:Gallio.Column="0" xmlns:d3p1="http://www.gallio.org/">
      <Execution id="586b6b62-5eac-451f-951a-7b819c0f87e6" />
      <Properties>
        <Property>
          <Key>TestKind</Key>
          <Value>Test</Value>
        </Property>
      </Properties>
    </GallioTestElement>
    <GallioTestElement name="Passando_o_nome_de_uma_tabela_que_nao_existe_ele_retorna_falso" storage="C:\Documents and Settings\julierme\meus documentos\visual studio 2010\Projects\GeradorDeCodigo\GeradorDeCodigo.Teste\bin\Debug\GeradorDeCodigo.Teste.dll" id="32353762-3334-6634-3034-373765316530" d3p1:Gallio.TestId="b752434f0477e1e0" d3p1:Gallio.AssemblyName="GeradorDeCodigo.Teste, Version=1.0.0.0, Culture=neutral, PublicKeyToken=null" d3p1:Gallio.NamespaceName="GeradorDeCodigo.Teste.Infra.MetadadosTeste" d3p1:Gallio.TypeName="GeradorDeCodigo.Teste.Infra.MetadadosTeste.TabelasECamposSqlServerTeste" d3p1:Gallio.MemberName="Passando_o_nome_de_uma_tabela_que_nao_existe_ele_retorna_falso" d3p1:Gallio.ParameterName="" d3p1:Gallio.Path="C:\Documents and Settings\julierme\meus documentos\visual studio 2010\Projects\GeradorDeCodigo\GeradorDeCodigo.Teste\Infra\MetadadosTeste\TabelasECamposSqlServerTeste.cs" d3p1:Gallio.Line="37" d3p1:Gallio.Column="0" xmlns:d3p1="http://www.gallio.org/">
      <Execution id="38ac8417-46db-468a-b3d1-e01e8c182dc2" />
      <Properties>
        <Property>
          <Key>TestKind</Key>
          <Value>Test</Value>
        </Property>
      </Properties>
    </GallioTestElement>
    <GallioTestElement name="Passando_source_e_base_ele_retrona_uma_conexao" storage="C:\Documents and Settings\julierme\meus documentos\visual studio 2010\Projects\GeradorDeCodigo\GeradorDeCodigo.Teste\bin\Debug\GeradorDeCodigo.Teste.dll" id="62623361-6230-3536-6364-333337666265" d3p1:Gallio.TestId="a3bb0b65cd337fbe" d3p1:Gallio.AssemblyName="GeradorDeCodigo.Teste, Version=1.0.0.0, Culture=neutral, PublicKeyToken=null" d3p1:Gallio.NamespaceName="GeradorDeCodigo.Teste.Infra.Conexao" d3p1:Gallio.TypeName="GeradorDeCodigo.Teste.Infra.Conexao.ConexaoSqlServerTeste" d3p1:Gallio.MemberName="Passando_source_e_base_ele_retrona_uma_conexao" d3p1:Gallio.ParameterName="" d3p1:Gallio.Path="C:\Documents and Settings\julierme\meus documentos\visual studio 2010\Projects\GeradorDeCodigo\GeradorDeCodigo.Teste\Infra\Conexao\ConexaoSqlServerTeste.cs" d3p1:Gallio.Line="19" d3p1:Gallio.Column="0" xmlns:d3p1="http://www.gallio.org/">
      <Execution id="b82dac0b-3e5a-4689-a62d-7e027bb97992" />
      <Properties>
        <Property>
          <Key>TestKind</Key>
          <Value>Test</Value>
        </Property>
      </Properties>
    </GallioTestElement>
    <GallioTestElement name="Retorna_o_tipo_de_dado_Csharp_classe_reverente" storage="C:\Documents and Settings\julierme\meus documentos\visual studio 2010\Projects\GeradorDeCodigo\GeradorDeCodigo.Teste\bin\Debug\GeradorDeCodigo.Teste.dll" id="34643835-6264-6130-3934-653539313033" d3p1:Gallio.TestId="58d4db0a94e59103" d3p1:Gallio.AssemblyName="GeradorDeCodigo.Teste, Version=1.0.0.0, Culture=neutral, PublicKeyToken=null" d3p1:Gallio.NamespaceName="GeradorDeCodigo.Teste.Domino.GeraArquivo" d3p1:Gallio.TypeName="GeradorDeCodigo.Teste.Domino.GeraArquivo.GeraArquivoTeste" d3p1:Gallio.MemberName="Retorna_o_tipo_de_dado_Csharp_classe_reverente" d3p1:Gallio.ParameterName="" d3p1:Gallio.Path="C:\Documents and Settings\julierme\meus documentos\visual studio 2010\Projects\GeradorDeCodigo\GeradorDeCodigo.Teste\Domino\GeraArquivo\GeraArquivoTeste.cs" d3p1:Gallio.Line="190" d3p1:Gallio.Column="0" xmlns:d3p1="http://www.gallio.org/">
      <Execution id="a91b1db4-1f5f-4fab-905f-7868a5398cec" />
      <Properties>
        <Property>
          <Key>TestKind</Key>
          <Value>Test</Value>
        </Property>
      </Properties>
    </GallioTestElement>
    <GallioTestElement name="Passado_uma_string_Passa_so_a_primeira_letra_para_maisculo_e_retiro_o_uderline" storage="C:\Documents and Settings\julierme\meus documentos\visual studio 2010\Projects\GeradorDeCodigo\GeradorDeCodigo.Teste\bin\Debug\GeradorDeCodigo.Teste.dll" id="35383833-6536-3038-3939-626363323833" d3p1:Gallio.TestId="38856e8099bcc283" d3p1:Gallio.AssemblyName="GeradorDeCodigo.Teste, Version=1.0.0.0, Culture=neutral, PublicKeyToken=null" d3p1:Gallio.NamespaceName="GeradorDeCodigo.Teste.Domino.TrataNomeTeste" d3p1:Gallio.TypeName="GeradorDeCodigo.Teste.Domino.TrataNomeTeste.TrataNomeTeste" d3p1:Gallio.MemberName="Passado_uma_string_Passa_so_a_primeira_letra_para_maisculo_e_retiro_o_uderline" d3p1:Gallio.ParameterName="" d3p1:Gallio.Path="C:\Documents and Settings\julierme\meus documentos\visual studio 2010\Projects\GeradorDeCodigo\GeradorDeCodigo.Teste\Domino\TrataNomeTeste\TrataNomeTeste.cs" d3p1:Gallio.Line="69" d3p1:Gallio.Column="0" xmlns:d3p1="http://www.gallio.org/">
      <Execution id="5f343f86-f34a-4cd0-a5a4-d859937f0d67" />
      <Properties>
        <Property>
          <Key>TestKind</Key>
          <Value>Test</Value>
        </Property>
      </Properties>
    </GallioTestElement>
    <GallioTestElement name="Retorna_o_drive_a_ser_usado_pelo_NHibernate" storage="C:\Documents and Settings\julierme\meus documentos\visual studio 2010\Projects\GeradorDeCodigo\GeradorDeCodigo.Teste\bin\Debug\GeradorDeCodigo.Teste.dll" id="38333435-3866-3130-3162-616430326336" d3p1:Gallio.TestId="5438f8011bad02c6" d3p1:Gallio.AssemblyName="GeradorDeCodigo.Teste, Version=1.0.0.0, Culture=neutral, PublicKeyToken=null" d3p1:Gallio.NamespaceName="GeradorDeCodigo.Teste.Infra.MetadadosTeste" d3p1:Gallio.TypeName="GeradorDeCodigo.Teste.Infra.MetadadosTeste.TabelasECamposSqlServerTeste" d3p1:Gallio.MemberName="Retorna_o_drive_a_ser_usado_pelo_NHibernate" d3p1:Gallio.ParameterName="" d3p1:Gallio.Path="C:\Documents and Settings\julierme\meus documentos\visual studio 2010\Projects\GeradorDeCodigo\GeradorDeCodigo.Teste\Infra\MetadadosTeste\TabelasECamposSqlServerTeste.cs" d3p1:Gallio.Line="117" d3p1:Gallio.Column="0" xmlns:d3p1="http://www.gallio.org/">
      <Execution id="faffa992-305b-495c-9088-e3fc7f0570a5" />
      <Properties>
        <Property>
          <Key>TestKind</Key>
          <Value>Test</Value>
        </Property>
      </Properties>
    </GallioTestElement>
    <GallioTestElement name="Retorna_o_campo_chaveEstrageira_de_tabela_do_banco_Northwind" storage="C:\Documents and Settings\julierme\meus documentos\visual studio 2010\Projects\GeradorDeCodigo\GeradorDeCodigo.Teste\bin\Debug\GeradorDeCodigo.Teste.dll" id="63373763-3439-3966-3330-633433653937" d3p1:Gallio.TestId="c77c94f930c43e97" d3p1:Gallio.AssemblyName="GeradorDeCodigo.Teste, Version=1.0.0.0, Culture=neutral, PublicKeyToken=null" d3p1:Gallio.NamespaceName="GeradorDeCodigo.Teste.Infra.MetadadosTeste" d3p1:Gallio.TypeName="GeradorDeCodigo.Teste.Infra.MetadadosTeste.TabelasECamposSqlServerTeste" d3p1:Gallio.MemberName="Retorna_o_campo_chaveEstrageira_de_tabela_do_banco_Northwind" d3p1:Gallio.ParameterName="" d3p1:Gallio.Path="C:\Documents and Settings\julierme\meus documentos\visual studio 2010\Projects\GeradorDeCodigo\GeradorDeCodigo.Teste\Infra\MetadadosTeste\TabelasECamposSqlServerTeste.cs" d3p1:Gallio.Line="182" d3p1:Gallio.Column="0" xmlns:d3p1="http://www.gallio.org/">
      <Execution id="56f74ff5-a47e-49f2-a142-8dc496b67704" />
      <Properties>
        <Property>
          <Key>TestKind</Key>
          <Value>Test</Value>
        </Property>
      </Properties>
    </GallioTestElement>
    <GallioTestElement name="Passado_uma_string_para_minisculo_e_retira_uderline" storage="C:\Documents and Settings\julierme\meus documentos\visual studio 2010\Projects\GeradorDeCodigo\GeradorDeCodigo.Teste\bin\Debug\GeradorDeCodigo.Teste.dll" id="33363532-3534-6439-6466-653133383535" d3p1:Gallio.TestId="2563459ddfe13855" d3p1:Gallio.AssemblyName="GeradorDeCodigo.Teste, Version=1.0.0.0, Culture=neutral, PublicKeyToken=null" d3p1:Gallio.NamespaceName="GeradorDeCodigo.Teste.Domino.TrataNomeTeste" d3p1:Gallio.TypeName="GeradorDeCodigo.Teste.Domino.TrataNomeTeste.TrataNomeTeste" d3p1:Gallio.MemberName="Passado_uma_string_para_minisculo_e_retira_uderline" d3p1:Gallio.ParameterName="" d3p1:Gallio.Path="C:\Documents and Settings\julierme\meus documentos\visual studio 2010\Projects\GeradorDeCodigo\GeradorDeCodigo.Teste\Domino\TrataNomeTeste\TrataNomeTeste.cs" d3p1:Gallio.Line="21" d3p1:Gallio.Column="0" xmlns:d3p1="http://www.gallio.org/">
      <Execution id="930f5f67-91b5-4ec9-a93f-940e8d3032b3" />
      <Properties>
        <Property>
          <Key>TestKind</Key>
          <Value>Test</Value>
        </Property>
      </Properties>
    </GallioTestElement>
    <GallioTestElement name="Retorna_uma_exception_GetOracle_se_passa_source_Catalog_id_password_vazio" storage="C:\Documents and Settings\julierme\meus documentos\visual studio 2010\Projects\GeradorDeCodigo\GeradorDeCodigo.Teste\bin\Debug\GeradorDeCodigo.Teste.dll" id="65316534-3033-6337-3634-346562616333" d3p1:Gallio.TestId="4e1e307c644ebac3" d3p1:Gallio.AssemblyName="GeradorDeCodigo.Teste, Version=1.0.0.0, Culture=neutral, PublicKeyToken=null" d3p1:Gallio.NamespaceName="GeradorDeCodigo.Infra.Conexao" d3p1:Gallio.TypeName="GeradorDeCodigo.Infra.Conexao.StringConexaoTeste" d3p1:Gallio.MemberName="Retorna_uma_exception_GetOracle_se_passa_source_Catalog_id_password_vazio" d3p1:Gallio.ParameterName="" d3p1:Gallio.Path="C:\Documents and Settings\julierme\meus documentos\visual studio 2010\Projects\GeradorDeCodigo\GeradorDeCodigo.Teste\Infra\Conexao\StringConexaoTeste.cs" d3p1:Gallio.Line="85" d3p1:Gallio.Column="0" xmlns:d3p1="http://www.gallio.org/">
      <Execution id="9cf076b8-98a7-432b-80d7-e5576a14c883" />
      <Properties>
        <Property>
          <Key>TestKind</Key>
          <Value>Test</Value>
        </Property>
      </Properties>
    </GallioTestElement>
    <GallioTestElement name="verifica_se_existe_diretorio" storage="C:\Documents and Settings\julierme\meus documentos\visual studio 2010\Projects\GeradorDeCodigo\GeradorDeCodigo.Teste\bin\Debug\GeradorDeCodigo.Teste.dll" id="66303835-6263-6664-3137-353133326431" d3p1:Gallio.TestId="580fcbdf175132d1" d3p1:Gallio.AssemblyName="GeradorDeCodigo.Teste, Version=1.0.0.0, Culture=neutral, PublicKeyToken=null" d3p1:Gallio.NamespaceName="GeradorDeCodigo.Teste.Domino.GeraArquivo" d3p1:Gallio.TypeName="GeradorDeCodigo.Teste.Domino.GeraArquivo.GeraArquivoTeste" d3p1:Gallio.MemberName="verifica_se_existe_diretorio" d3p1:Gallio.ParameterName="" d3p1:Gallio.Path="C:\Documents and Settings\julierme\meus documentos\visual studio 2010\Projects\GeradorDeCodigo\GeradorDeCodigo.Teste\Domino\GeraArquivo\GeraArquivoTeste.cs" d3p1:Gallio.Line="25" d3p1:Gallio.Column="0" xmlns:d3p1="http://www.gallio.org/">
      <Execution id="9ea091cb-e6d3-4b34-810b-a24bf8741643" />
      <Properties>
        <Property>
          <Key>TestKind</Key>
          <Value>Test</Value>
        </Property>
      </Properties>
    </GallioTestElement>
    <GallioTestElement name="Passado_uma_string_para_minisculo_e_retira_uderline_e_nao_retira_S_no_fim" storage="C:\Documents and Settings\julierme\meus documentos\visual studio 2010\Projects\GeradorDeCodigo\GeradorDeCodigo.Teste\bin\Debug\GeradorDeCodigo.Teste.dll" id="33303765-3366-6532-6537-363564393161" d3p1:Gallio.TestId="e703f32ee765d91a" d3p1:Gallio.AssemblyName="GeradorDeCodigo.Teste, Version=1.0.0.0, Culture=neutral, PublicKeyToken=null" d3p1:Gallio.NamespaceName="GeradorDeCodigo.Teste.Domino.TrataNomeTeste" d3p1:Gallio.TypeName="GeradorDeCodigo.Teste.Domino.TrataNomeTeste.TrataNomeTeste" d3p1:Gallio.MemberName="Passado_uma_string_para_minisculo_e_retira_uderline_e_nao_retira_S_no_fim" d3p1:Gallio.ParameterName="" d3p1:Gallio.Path="C:\Documents and Settings\julierme\meus documentos\visual studio 2010\Projects\GeradorDeCodigo\GeradorDeCodigo.Teste\Domino\TrataNomeTeste\TrataNomeTeste.cs" d3p1:Gallio.Line="39" d3p1:Gallio.Column="0" xmlns:d3p1="http://www.gallio.org/">
      <Execution id="3188734b-038b-4a19-97e3-e38b4004f0bb" />
      <Properties>
        <Property>
          <Key>TestKind</Key>
          <Value>Test</Value>
        </Property>
      </Properties>
    </GallioTestElement>
    <GallioTestElement name="Passado_so_Souce_Catalog_ID_Passaword_Tem_que_retorna_string_conexao" storage="C:\Documents and Settings\julierme\meus documentos\visual studio 2010\Projects\GeradorDeCodigo\GeradorDeCodigo.Teste\bin\Debug\GeradorDeCodigo.Teste.dll" id="35363263-3639-3962-3266-383839666362" d3p1:Gallio.TestId="c26596b92f889fcb" d3p1:Gallio.AssemblyName="GeradorDeCodigo.Teste, Version=1.0.0.0, Culture=neutral, PublicKeyToken=null" d3p1:Gallio.NamespaceName="GeradorDeCodigo.Infra.Conexao" d3p1:Gallio.TypeName="GeradorDeCodigo.Infra.Conexao.StringConexaoTeste" d3p1:Gallio.MemberName="Passado_so_Souce_Catalog_ID_Passaword_Tem_que_retorna_string_conexao" d3p1:Gallio.ParameterName="" d3p1:Gallio.Path="C:\Documents and Settings\julierme\meus documentos\visual studio 2010\Projects\GeradorDeCodigo\GeradorDeCodigo.Teste\Infra\Conexao\StringConexaoTeste.cs" d3p1:Gallio.Line="49" d3p1:Gallio.Column="0" xmlns:d3p1="http://www.gallio.org/">
      <Execution id="fdf40f1c-6caf-4943-9b65-31f03e0e30bc" />
      <Properties>
        <Property>
          <Key>TestKind</Key>
          <Value>Test</Value>
        </Property>
      </Properties>
    </GallioTestElement>
    <GallioTestElement name="passado_uma_lista_string_cria_os_arquivos" storage="C:\Documents and Settings\julierme\meus documentos\visual studio 2010\Projects\GeradorDeCodigo\GeradorDeCodigo.Teste\bin\Debug\GeradorDeCodigo.Teste.dll" id="31383335-3837-3834-3536-393065333832" d3p1:Gallio.TestId="538178485690e382" d3p1:Gallio.AssemblyName="GeradorDeCodigo.Teste, Version=1.0.0.0, Culture=neutral, PublicKeyToken=null" d3p1:Gallio.NamespaceName="GeradorDeCodigo.Teste.Domino.GeraArquivo" d3p1:Gallio.TypeName="GeradorDeCodigo.Teste.Domino.GeraArquivo.GeraArquivoTeste" d3p1:Gallio.MemberName="passado_uma_lista_string_cria_os_arquivos" d3p1:Gallio.ParameterName="" d3p1:Gallio.Path="C:\Documents and Settings\julierme\meus documentos\visual studio 2010\Projects\GeradorDeCodigo\GeradorDeCodigo.Teste\Domino\GeraArquivo\GeraArquivoTeste.cs" d3p1:Gallio.Line="57" d3p1:Gallio.Column="0" xmlns:d3p1="http://www.gallio.org/">
      <Execution id="b7b3b082-a7da-4548-917a-13e958c99945" />
      <Properties>
        <Property>
          <Key>TestKind</Key>
          <Value>Test</Value>
        </Property>
      </Properties>
    </GallioTestElement>
    <GallioTestElement name="passa_um_tipo_do_banco_de_dados_retorna_um_tipo_do_CShap" storage="C:\Documents and Settings\julierme\meus documentos\visual studio 2010\Projects\GeradorDeCodigo\GeradorDeCodigo.Teste\bin\Debug\GeradorDeCodigo.Teste.dll" id="66663865-3532-6431-3139-323232356631" d3p1:Gallio.TestId="e8ff251d192225f1" d3p1:Gallio.AssemblyName="GeradorDeCodigo.Teste, Version=1.0.0.0, Culture=neutral, PublicKeyToken=null" d3p1:Gallio.NamespaceName="GeradorDeCodigo.Teste.Domino.GeraArquivo" d3p1:Gallio.TypeName="GeradorDeCodigo.Teste.Domino.GeraArquivo.GeraArquivoTeste" d3p1:Gallio.MemberName="passa_um_tipo_do_banco_de_dados_retorna_um_tipo_do_CShap" d3p1:Gallio.ParameterName="" d3p1:Gallio.Path="C:\Documents and Settings\julierme\meus documentos\visual studio 2010\Projects\GeradorDeCodigo\GeradorDeCodigo.Teste\Domino\GeraArquivo\GeraArquivoTeste.cs" d3p1:Gallio.Line="158" d3p1:Gallio.Column="0" xmlns:d3p1="http://www.gallio.org/">
      <Execution id="f1a7d3e6-2f19-4509-b63d-9a0ccd584a82" />
      <Properties>
        <Property>
          <Key>TestKind</Key>
          <Value>Test</Value>
        </Property>
      </Properties>
    </GallioTestElement>
    <GallioTestElement name="Retorna_o_tipo_dado_do_campo_de_acordo_com_banco_Northwind" storage="C:\Documents and Settings\julierme\meus documentos\visual studio 2010\Projects\GeradorDeCodigo\GeradorDeCodigo.Teste\bin\Debug\GeradorDeCodigo.Teste.dll" id="62303737-3831-3730-3964-653033633038" d3p1:Gallio.TestId="770b18079de03c08" d3p1:Gallio.AssemblyName="GeradorDeCodigo.Teste, Version=1.0.0.0, Culture=neutral, PublicKeyToken=null" d3p1:Gallio.NamespaceName="GeradorDeCodigo.Teste.Infra.MetadadosTeste" d3p1:Gallio.TypeName="GeradorDeCodigo.Teste.Infra.MetadadosTeste.TabelasECamposSqlServerTeste" d3p1:Gallio.MemberName="Retorna_o_tipo_dado_do_campo_de_acordo_com_banco_Northwind" d3p1:Gallio.ParameterName="" d3p1:Gallio.Path="C:\Documents and Settings\julierme\meus documentos\visual studio 2010\Projects\GeradorDeCodigo\GeradorDeCodigo.Teste\Infra\MetadadosTeste\TabelasECamposSqlServerTeste.cs" d3p1:Gallio.Line="213" d3p1:Gallio.Column="0" xmlns:d3p1="http://www.gallio.org/">
      <Execution id="1f452e1d-cdfa-4208-8b3a-bd65cd734c59" />
      <Properties>
        <Property>
          <Key>TestKind</Key>
          <Value>Test</Value>
        </Property>
      </Properties>
    </GallioTestElement>
    <GallioTestElement name="Passado_so_Souce_Tem_que_retorna_string_conexao" storage="C:\Documents and Settings\julierme\meus documentos\visual studio 2010\Projects\GeradorDeCodigo\GeradorDeCodigo.Teste\bin\Debug\GeradorDeCodigo.Teste.dll" id="32356131-3233-3933-3764-333938396464" d3p1:Gallio.TestId="1a5232397d3989dd" d3p1:Gallio.AssemblyName="GeradorDeCodigo.Teste, Version=1.0.0.0, Culture=neutral, PublicKeyToken=null" d3p1:Gallio.NamespaceName="GeradorDeCodigo.Infra.Conexao" d3p1:Gallio.TypeName="GeradorDeCodigo.Infra.Conexao.StringConexaoTeste" d3p1:Gallio.MemberName="Passado_so_Souce_Tem_que_retorna_string_conexao" d3p1:Gallio.ParameterName="" d3p1:Gallio.Path="C:\Documents and Settings\julierme\meus documentos\visual studio 2010\Projects\GeradorDeCodigo\GeradorDeCodigo.Teste\Infra\Conexao\StringConexaoTeste.cs" d3p1:Gallio.Line="16" d3p1:Gallio.Column="0" xmlns:d3p1="http://www.gallio.org/">
      <Execution id="0fdd5505-64e2-484f-9134-f59779998c84" />
      <Properties>
        <Property>
          <Key>TestKind</Key>
          <Value>Test</Value>
        </Property>
      </Properties>
    </GallioTestElement>
    <GallioTestElement name="verifica_se_existe_diretorio_e_cria" storage="C:\Documents and Settings\julierme\meus documentos\visual studio 2010\Projects\GeradorDeCodigo\GeradorDeCodigo.Teste\bin\Debug\GeradorDeCodigo.Teste.dll" id="33653234-6331-3335-6633-343339646265" d3p1:Gallio.TestId="42e31c53f3439dbe" d3p1:Gallio.AssemblyName="GeradorDeCodigo.Teste, Version=1.0.0.0, Culture=neutral, PublicKeyToken=null" d3p1:Gallio.NamespaceName="GeradorDeCodigo.Teste.Domino.GeraArquivo" d3p1:Gallio.TypeName="GeradorDeCodigo.Teste.Domino.GeraArquivo.GeraArquivoTeste" d3p1:Gallio.MemberName="verifica_se_existe_diretorio_e_cria" d3p1:Gallio.ParameterName="" d3p1:Gallio.Path="C:\Documents and Settings\julierme\meus documentos\visual studio 2010\Projects\GeradorDeCodigo\GeradorDeCodigo.Teste\Domino\GeraArquivo\GeraArquivoTeste.cs" d3p1:Gallio.Line="33" d3p1:Gallio.Column="0" xmlns:d3p1="http://www.gallio.org/">
      <Execution id="230d92c1-f238-4d51-a45a-c73218728a47" />
      <Properties>
        <Property>
          <Key>TestKind</Key>
          <Value>Test</Value>
        </Property>
      </Properties>
    </GallioTestElement>
    <GallioTestElement name="Retorna_o_dialeto_do_Banco_de_dados" storage="C:\Documents and Settings\julierme\meus documentos\visual studio 2010\Projects\GeradorDeCodigo\GeradorDeCodigo.Teste\bin\Debug\GeradorDeCodigo.Teste.dll" id="33636638-6462-6364-6233-373632623964" d3p1:Gallio.TestId="8fc3bddcb3762b9d" d3p1:Gallio.AssemblyName="GeradorDeCodigo.Teste, Version=1.0.0.0, Culture=neutral, PublicKeyToken=null" d3p1:Gallio.NamespaceName="GeradorDeCodigo.Teste.Infra.MetadadosTeste" d3p1:Gallio.TypeName="GeradorDeCodigo.Teste.Infra.MetadadosTeste.TabelasECamposSqlServerTeste" d3p1:Gallio.MemberName="Retorna_o_dialeto_do_Banco_de_dados" d3p1:Gallio.ParameterName="" d3p1:Gallio.Path="C:\Documents and Settings\julierme\meus documentos\visual studio 2010\Projects\GeradorDeCodigo\GeradorDeCodigo.Teste\Infra\MetadadosTeste\TabelasECamposSqlServerTeste.cs" d3p1:Gallio.Line="110" d3p1:Gallio.Column="0" xmlns:d3p1="http://www.gallio.org/">
      <Execution id="9088d21b-3571-4735-904b-078de96c30bd" />
      <Properties>
        <Property>
          <Key>TestKind</Key>
          <Value>Test</Value>
        </Property>
      </Properties>
    </GallioTestElement>
    <GallioTestElement name="Passado_uma_string_para_minisculo_e_retira_uderline_e_S_no_fim" storage="C:\Documents and Settings\julierme\meus documentos\visual studio 2010\Projects\GeradorDeCodigo\GeradorDeCodigo.Teste\bin\Debug\GeradorDeCodigo.Teste.dll" id="65386532-6261-6366-3930-393439336562" d3p1:Gallio.TestId="2e8eabfc909493eb" d3p1:Gallio.AssemblyName="GeradorDeCodigo.Teste, Version=1.0.0.0, Culture=neutral, PublicKeyToken=null" d3p1:Gallio.NamespaceName="GeradorDeCodigo.Teste.Domino.TrataNomeTeste" d3p1:Gallio.TypeName="GeradorDeCodigo.Teste.Domino.TrataNomeTeste.TrataNomeTeste" d3p1:Gallio.MemberName="Passado_uma_string_para_minisculo_e_retira_uderline_e_S_no_fim" d3p1:Gallio.ParameterName="" d3p1:Gallio.Path="C:\Documents and Settings\julierme\meus documentos\visual studio 2010\Projects\GeradorDeCodigo\GeradorDeCodigo.Teste\Domino\TrataNomeTeste\TrataNomeTeste.cs" d3p1:Gallio.Line="30" d3p1:Gallio.Column="0" xmlns:d3p1="http://www.gallio.org/">
      <Execution id="c54f70e5-3a6f-4966-b29b-55f140183509" />
      <Properties>
        <Property>
          <Key>TestKind</Key>
          <Value>Test</Value>
        </Property>
      </Properties>
    </GallioTestElement>
    <GallioTestElement name="Passado_uma_string_Passa_so_a_primeira_letra_para_maisculo_e_retiro_o_uderline_e_o_S" storage="C:\Documents and Settings\julierme\meus documentos\visual studio 2010\Projects\GeradorDeCodigo\GeradorDeCodigo.Teste\bin\Debug\GeradorDeCodigo.Teste.dll" id="39316539-3932-3531-6432-326266373663" d3p1:Gallio.TestId="9e192915d22bf76c" d3p1:Gallio.AssemblyName="GeradorDeCodigo.Teste, Version=1.0.0.0, Culture=neutral, PublicKeyToken=null" d3p1:Gallio.NamespaceName="GeradorDeCodigo.Teste.Domino.TrataNomeTeste" d3p1:Gallio.TypeName="GeradorDeCodigo.Teste.Domino.TrataNomeTeste.TrataNomeTeste" d3p1:Gallio.MemberName="Passado_uma_string_Passa_so_a_primeira_letra_para_maisculo_e_retiro_o_uderline_e_o_S" d3p1:Gallio.ParameterName="" d3p1:Gallio.Path="C:\Documents and Settings\julierme\meus documentos\visual studio 2010\Projects\GeradorDeCodigo\GeradorDeCodigo.Teste\Domino\TrataNomeTeste\TrataNomeTeste.cs" d3p1:Gallio.Line="77" d3p1:Gallio.Column="0" xmlns:d3p1="http://www.gallio.org/">
      <Execution id="b65ce505-0b8d-489b-b2a8-3d78544b5cf1" />
      <Properties>
        <Property>
          <Key>TestKind</Key>
          <Value>Test</Value>
        </Property>
      </Properties>
    </GallioTestElement>
    <GallioTestElement name="Retorna_uma_exception_se_passado_nome_vazio_e_retira_s" storage="C:\Documents and Settings\julierme\meus documentos\visual studio 2010\Projects\GeradorDeCodigo\GeradorDeCodigo.Teste\bin\Debug\GeradorDeCodigo.Teste.dll" id="63373332-6164-3935-6536-616337316435" d3p1:Gallio.TestId="237cda59e6ac71d5" d3p1:Gallio.AssemblyName="GeradorDeCodigo.Teste, Version=1.0.0.0, Culture=neutral, PublicKeyToken=null" d3p1:Gallio.NamespaceName="GeradorDeCodigo.Teste.Domino.TrataNomeTeste" d3p1:Gallio.TypeName="GeradorDeCodigo.Teste.Domino.TrataNomeTeste.TrataNomeTeste" d3p1:Gallio.MemberName="Retorna_uma_exception_se_passado_nome_vazio_e_retira_s" d3p1:Gallio.ParameterName="" d3p1:Gallio.Path="C:\Documents and Settings\julierme\meus documentos\visual studio 2010\Projects\GeradorDeCodigo\GeradorDeCodigo.Teste\Domino\TrataNomeTeste\TrataNomeTeste.cs" d3p1:Gallio.Line="59" d3p1:Gallio.Column="0" xmlns:d3p1="http://www.gallio.org/">
      <Execution id="37b62da6-f296-472d-bc41-184fec670f11" />
      <Properties>
        <Property>
          <Key>TestKind</Key>
          <Value>Test</Value>
        </Property>
      </Properties>
    </GallioTestElement>
    <GallioTestElement name="Retorna_uma_class_tipo_ConexaoSqlServe" storage="C:\Documents and Settings\julierme\meus documentos\visual studio 2010\Projects\GeradorDeCodigo\GeradorDeCodigo.Teste\bin\Debug\GeradorDeCodigo.Teste.dll" id="64663762-3535-3766-3130-386538623232" d3p1:Gallio.TestId="b7fd55f7108e8b22" d3p1:Gallio.AssemblyName="GeradorDeCodigo.Teste, Version=1.0.0.0, Culture=neutral, PublicKeyToken=null" d3p1:Gallio.NamespaceName="GeradorDeCodigo.Teste.Infra.Conexao" d3p1:Gallio.TypeName="GeradorDeCodigo.Teste.Infra.Conexao.FactoryConexaoTeste" d3p1:Gallio.MemberName="Retorna_uma_class_tipo_ConexaoSqlServe" d3p1:Gallio.ParameterName="" d3p1:Gallio.Path="C:\Documents and Settings\julierme\meus documentos\visual studio 2010\Projects\GeradorDeCodigo\GeradorDeCodigo.Teste\Infra\Conexao\FactoryConexaoTeste.cs" d3p1:Gallio.Line="45" d3p1:Gallio.Column="0" xmlns:d3p1="http://www.gallio.org/">
      <Execution id="39134369-448f-4eb4-ac50-bd218d00ec72" />
      <Properties>
        <Property>
          <Key>TestKind</Key>
          <Value>Test</Value>
        </Property>
      </Properties>
    </GallioTestElement>
    <GallioTestElement name="Retorna_uma_exception_GetSqlServer_se_passa_source_id_password_vazio" storage="C:\Documents and Settings\julierme\meus documentos\visual studio 2010\Projects\GeradorDeCodigo\GeradorDeCodigo.Teste\bin\Debug\GeradorDeCodigo.Teste.dll" id="32313866-6134-6638-3634-393538643264" d3p1:Gallio.TestId="f8124a8f64958d2d" d3p1:Gallio.AssemblyName="GeradorDeCodigo.Teste, Version=1.0.0.0, Culture=neutral, PublicKeyToken=null" d3p1:Gallio.NamespaceName="GeradorDeCodigo.Infra.Conexao" d3p1:Gallio.TypeName="GeradorDeCodigo.Infra.Conexao.StringConexaoTeste" d3p1:Gallio.MemberName="Retorna_uma_exception_GetSqlServer_se_passa_source_id_password_vazio" d3p1:Gallio.ParameterName="" d3p1:Gallio.Path="C:\Documents and Settings\julierme\meus documentos\visual studio 2010\Projects\GeradorDeCodigo\GeradorDeCodigo.Teste\Infra\Conexao\StringConexaoTeste.cs" d3p1:Gallio.Line="76" d3p1:Gallio.Column="0" xmlns:d3p1="http://www.gallio.org/">
      <Execution id="566d5e59-ff2d-4261-8ce4-50b8665d8314" />
      <Properties>
        <Property>
          <Key>TestKind</Key>
          <Value>Test</Value>
        </Property>
      </Properties>
    </GallioTestElement>
    <GallioTestElement name="Retorna_verdadeiro_se_campo_for_chave_de_uma_tabelas_do_banco_Northwind" storage="C:\Documents and Settings\julierme\meus documentos\visual studio 2010\Projects\GeradorDeCodigo\GeradorDeCodigo.Teste\bin\Debug\GeradorDeCodigo.Teste.dll" id="31356639-6364-6132-3266-626465343463" d3p1:Gallio.TestId="9f51dc2a2fbde44c" d3p1:Gallio.AssemblyName="GeradorDeCodigo.Teste, Version=1.0.0.0, Culture=neutral, PublicKeyToken=null" d3p1:Gallio.NamespaceName="GeradorDeCodigo.Teste.Infra.MetadadosTeste" d3p1:Gallio.TypeName="GeradorDeCodigo.Teste.Infra.MetadadosTeste.TabelasECamposSqlServerTeste" d3p1:Gallio.MemberName="Retorna_verdadeiro_se_campo_for_chave_de_uma_tabelas_do_banco_Northwind" d3p1:Gallio.ParameterName="" d3p1:Gallio.Path="C:\Documents and Settings\julierme\meus documentos\visual studio 2010\Projects\GeradorDeCodigo\GeradorDeCodigo.Teste\Infra\MetadadosTeste\TabelasECamposSqlServerTeste.cs" d3p1:Gallio.Line="88" d3p1:Gallio.Column="0" xmlns:d3p1="http://www.gallio.org/">
      <Execution id="4ec38193-cca3-4c6f-b3fc-2eaa598db85a" />
      <Properties>
        <Property>
          <Key>TestKind</Key>
          <Value>Test</Value>
        </Property>
      </Properties>
    </GallioTestElement>
    <GallioTestElement name="Passado_um_campo_e_uma_tabela_do_banco_Northwind_ele_retorna_se_e_Identity" storage="C:\Documents and Settings\julierme\meus documentos\visual studio 2010\Projects\GeradorDeCodigo\GeradorDeCodigo.Teste\bin\Debug\GeradorDeCodigo.Teste.dll" id="64356466-3863-3837-3766-313038303435" d3p1:Gallio.TestId="fd5dc8787f108045" d3p1:Gallio.AssemblyName="GeradorDeCodigo.Teste, Version=1.0.0.0, Culture=neutral, PublicKeyToken=null" d3p1:Gallio.NamespaceName="GeradorDeCodigo.Teste.Infra.MetadadosTeste" d3p1:Gallio.TypeName="GeradorDeCodigo.Teste.Infra.MetadadosTeste.TabelasECamposSqlServerTeste" d3p1:Gallio.MemberName="Passado_um_campo_e_uma_tabela_do_banco_Northwind_ele_retorna_se_e_Identity" d3p1:Gallio.ParameterName="" d3p1:Gallio.Path="C:\Documents and Settings\julierme\meus documentos\visual studio 2010\Projects\GeradorDeCodigo\GeradorDeCodigo.Teste\Infra\MetadadosTeste\TabelasECamposSqlServerTeste.cs" d3p1:Gallio.Line="171" d3p1:Gallio.Column="0" xmlns:d3p1="http://www.gallio.org/">
      <Execution id="f06e06a6-c653-4658-b61c-0d7348c7616f" />
      <Properties>
        <Property>
          <Key>TestKind</Key>
          <Value>Test</Value>
        </Property>
      </Properties>
    </GallioTestElement>
    <GallioTestElement name="Retorna_uma_exception_para_tipo_vazinho" storage="C:\Documents and Settings\julierme\meus documentos\visual studio 2010\Projects\GeradorDeCodigo\GeradorDeCodigo.Teste\bin\Debug\GeradorDeCodigo.Teste.dll" id="30623638-3332-3839-3437-616239626262" d3p1:Gallio.TestId="86b0239847ab9bbb" d3p1:Gallio.AssemblyName="GeradorDeCodigo.Teste, Version=1.0.0.0, Culture=neutral, PublicKeyToken=null" d3p1:Gallio.NamespaceName="GeradorDeCodigo.Teste.Domino.GeraArquivo" d3p1:Gallio.TypeName="GeradorDeCodigo.Teste.Domino.GeraArquivo.GeraArquivoTeste" d3p1:Gallio.MemberName="Retorna_uma_exception_para_tipo_vazinho" d3p1:Gallio.ParameterName="" d3p1:Gallio.Path="C:\Documents and Settings\julierme\meus documentos\visual studio 2010\Projects\GeradorDeCodigo\GeradorDeCodigo.Teste\Domino\GeraArquivo\GeraArquivoTeste.cs" d3p1:Gallio.Line="170" d3p1:Gallio.Column="0" xmlns:d3p1="http://www.gallio.org/">
      <Execution id="fee38db2-9209-404f-82e6-130dfcce624c" />
      <Properties>
        <Property>
          <Key>TestKind</Key>
          <Value>Test</Value>
        </Property>
      </Properties>
    </GallioTestElement>
    <GallioTestElement name="Retorna_uma_exception_para_cria_diretorio_se_caminho_vazinho" storage="C:\Documents and Settings\julierme\meus documentos\visual studio 2010\Projects\GeradorDeCodigo\GeradorDeCodigo.Teste\bin\Debug\GeradorDeCodigo.Teste.dll" id="64363634-3431-3561-3264-633432323233" d3p1:Gallio.TestId="466d14a52dc42223" d3p1:Gallio.AssemblyName="GeradorDeCodigo.Teste, Version=1.0.0.0, Culture=neutral, PublicKeyToken=null" d3p1:Gallio.NamespaceName="GeradorDeCodigo.Teste.Domino.GeraArquivo" d3p1:Gallio.TypeName="GeradorDeCodigo.Teste.Domino.GeraArquivo.GeraArquivoTeste" d3p1:Gallio.MemberName="Retorna_uma_exception_para_cria_diretorio_se_caminho_vazinho" d3p1:Gallio.ParameterName="" d3p1:Gallio.Path="C:\Documents and Settings\julierme\meus documentos\visual studio 2010\Projects\GeradorDeCodigo\GeradorDeCodigo.Teste\Domino\GeraArquivo\GeraArquivoTeste.cs" d3p1:Gallio.Line="90" d3p1:Gallio.Column="0" xmlns:d3p1="http://www.gallio.org/">
      <Execution id="ae684d2c-2a8d-46ee-abd1-ff098478519a" />
      <Properties>
        <Property>
          <Key>TestKind</Key>
          <Value>Test</Value>
        </Property>
      </Properties>
    </GallioTestElement>
    <GallioTestElement name="passado_um_arquivo_e_uma_StringBild_ele_escreve_no_arquivo" storage="C:\Documents and Settings\julierme\meus documentos\visual studio 2010\Projects\GeradorDeCodigo\GeradorDeCodigo.Teste\bin\Debug\GeradorDeCodigo.Teste.dll" id="32363435-3064-6563-3535-633439346265" d3p1:Gallio.TestId="5462d0ce55c494be" d3p1:Gallio.AssemblyName="GeradorDeCodigo.Teste, Version=1.0.0.0, Culture=neutral, PublicKeyToken=null" d3p1:Gallio.NamespaceName="GeradorDeCodigo.Teste.Domino.GeraArquivo" d3p1:Gallio.TypeName="GeradorDeCodigo.Teste.Domino.GeraArquivo.GeraArquivoTeste" d3p1:Gallio.MemberName="passado_um_arquivo_e_uma_StringBild_ele_escreve_no_arquivo" d3p1:Gallio.ParameterName="" d3p1:Gallio.Path="C:\Documents and Settings\julierme\meus documentos\visual studio 2010\Projects\GeradorDeCodigo\GeradorDeCodigo.Teste\Domino\GeraArquivo\GeraArquivoTeste.cs" d3p1:Gallio.Line="98" d3p1:Gallio.Column="0" xmlns:d3p1="http://www.gallio.org/">
      <Execution id="aa653e66-19f4-4bee-805d-813db5c78e5f" />
      <Properties>
        <Property>
          <Key>TestKind</Key>
          <Value>Test</Value>
        </Property>
      </Properties>
    </GallioTestElement>
    <GallioTestElement name="Retorana_verdadeiro_se_a_conexao_estiver_aberta" storage="C:\Documents and Settings\julierme\meus documentos\visual studio 2010\Projects\GeradorDeCodigo\GeradorDeCodigo.Teste\bin\Debug\GeradorDeCodigo.Teste.dll" id="37643537-6664-6630-3234-393466356520" d3p1:Gallio.TestId="75d7df0f2494f5e" d3p1:Gallio.AssemblyName="GeradorDeCodigo.Teste, Version=1.0.0.0, Culture=neutral, PublicKeyToken=null" d3p1:Gallio.NamespaceName="GeradorDeCodigo.Teste.Infra.Conexao" d3p1:Gallio.TypeName="GeradorDeCodigo.Teste.Infra.Conexao.ConexaoSqlServerTeste" d3p1:Gallio.MemberName="Retorana_verdadeiro_se_a_conexao_estiver_aberta" d3p1:Gallio.ParameterName="" d3p1:Gallio.Path="C:\Documents and Settings\julierme\meus documentos\visual studio 2010\Projects\GeradorDeCodigo\GeradorDeCodigo.Teste\Infra\Conexao\ConexaoSqlServerTeste.cs" d3p1:Gallio.Line="35" d3p1:Gallio.Column="0" xmlns:d3p1="http://www.gallio.org/">
      <Execution id="47caabcd-ad8b-4efe-b02c-4bfa87dffa72" />
      <Properties>
        <Property>
          <Key>TestKind</Key>
          <Value>Test</Value>
        </Property>
      </Properties>
    </GallioTestElement>
    <GallioTestElement name="passando_lista_campos_ele_retorna_StringBilder_propetyAutomaticas_false" storage="C:\Documents and Settings\julierme\meus documentos\visual studio 2010\Projects\GeradorDeCodigo\GeradorDeCodigo.Teste\bin\Debug\GeradorDeCodigo.Teste.dll" id="65663261-3262-3739-3832-306437396632" d3p1:Gallio.TestId="a2feb297820d79f2" d3p1:Gallio.AssemblyName="GeradorDeCodigo.Teste, Version=1.0.0.0, Culture=neutral, PublicKeyToken=null" d3p1:Gallio.NamespaceName="GeradorDeCodigo.Teste.Domino.GeraArquivo" d3p1:Gallio.TypeName="GeradorDeCodigo.Teste.Domino.GeraArquivo.GeraArquivoTeste" d3p1:Gallio.MemberName="passando_lista_campos_ele_retorna_StringBilder_propetyAutomaticas_false" d3p1:Gallio.ParameterName="" d3p1:Gallio.Path="C:\Documents and Settings\julierme\meus documentos\visual studio 2010\Projects\GeradorDeCodigo\GeradorDeCodigo.Teste\Domino\GeraArquivo\GeraArquivoTeste.cs" d3p1:Gallio.Line="145" d3p1:Gallio.Column="0" xmlns:d3p1="http://www.gallio.org/">
      <Execution id="53f637af-8624-40d8-bdc6-4ac4ccbe208d" />
      <Properties>
        <Property>
          <Key>TestKind</Key>
          <Value>Test</Value>
        </Property>
      </Properties>
    </GallioTestElement>
    <GallioTestElement name="Retorna_o_tanho_de_um_campo_string_tabelas_do_banco_Northwind" storage="C:\Documents and Settings\julierme\meus documentos\visual studio 2010\Projects\GeradorDeCodigo\GeradorDeCodigo.Teste\bin\Debug\GeradorDeCodigo.Teste.dll" id="62373335-3032-6364-6234-613763376320" d3p1:Gallio.TestId="537b20dcb4a7c7c" d3p1:Gallio.AssemblyName="GeradorDeCodigo.Teste, Version=1.0.0.0, Culture=neutral, PublicKeyToken=null" d3p1:Gallio.NamespaceName="GeradorDeCodigo.Teste.Infra.MetadadosTeste" d3p1:Gallio.TypeName="GeradorDeCodigo.Teste.Infra.MetadadosTeste.TabelasECamposSqlServerTeste" d3p1:Gallio.MemberName="Retorna_o_tanho_de_um_campo_string_tabelas_do_banco_Northwind" d3p1:Gallio.ParameterName="" d3p1:Gallio.Path="C:\Documents and Settings\julierme\meus documentos\visual studio 2010\Projects\GeradorDeCodigo\GeradorDeCodigo.Teste\Infra\MetadadosTeste\TabelasECamposSqlServerTeste.cs" d3p1:Gallio.Line="124" d3p1:Gallio.Column="0" xmlns:d3p1="http://www.gallio.org/">
      <Execution id="8af52934-8e2c-4179-870e-50de7a929149" />
      <Properties>
        <Property>
          <Key>TestKind</Key>
          <Value>Test</Value>
        </Property>
      </Properties>
    </GallioTestElement>
    <GallioTestElement name="Passado_uma_string_para_minisculo" storage="C:\Documents and Settings\julierme\meus documentos\visual studio 2010\Projects\GeradorDeCodigo\GeradorDeCodigo.Teste\bin\Debug\GeradorDeCodigo.Teste.dll" id="61336661-3136-3139-6236-643537363934" d3p1:Gallio.TestId="af3a6191b6d57694" d3p1:Gallio.AssemblyName="GeradorDeCodigo.Teste, Version=1.0.0.0, Culture=neutral, PublicKeyToken=null" d3p1:Gallio.NamespaceName="GeradorDeCodigo.Teste.Domino.TrataNomeTeste" d3p1:Gallio.TypeName="GeradorDeCodigo.Teste.Domino.TrataNomeTeste.TrataNomeTeste" d3p1:Gallio.MemberName="Passado_uma_string_para_minisculo" d3p1:Gallio.ParameterName="" d3p1:Gallio.Path="C:\Documents and Settings\julierme\meus documentos\visual studio 2010\Projects\GeradorDeCodigo\GeradorDeCodigo.Teste\Domino\TrataNomeTeste\TrataNomeTeste.cs" d3p1:Gallio.Line="12" d3p1:Gallio.Column="0" xmlns:d3p1="http://www.gallio.org/">
      <Execution id="122b6eee-674c-4cdb-ae2e-0230d3e982ad" />
      <Properties>
        <Property>
          <Key>TestKind</Key>
          <Value>Test</Value>
        </Property>
      </Properties>
    </GallioTestElement>
    <GallioTestElement name="passado_uma_lista_string_cria_as_interface" storage="C:\Documents and Settings\julierme\meus documentos\visual studio 2010\Projects\GeradorDeCodigo\GeradorDeCodigo.Teste\bin\Debug\GeradorDeCodigo.Teste.dll" id="61646461-6230-6264-3531-643634303530" d3p1:Gallio.TestId="adda0bdb51d64050" d3p1:Gallio.AssemblyName="GeradorDeCodigo.Teste, Version=1.0.0.0, Culture=neutral, PublicKeyToken=null" d3p1:Gallio.NamespaceName="GeradorDeCodigo.Teste.Domino.GeraArquivo" d3p1:Gallio.TypeName="GeradorDeCodigo.Teste.Domino.GeraArquivo.GeraArquivoTeste" d3p1:Gallio.MemberName="passado_uma_lista_string_cria_as_interface" d3p1:Gallio.ParameterName="" d3p1:Gallio.Path="C:\Documents and Settings\julierme\meus documentos\visual studio 2010\Projects\GeradorDeCodigo\GeradorDeCodigo.Teste\Domino\GeraArquivo\GeraArquivoTeste.cs" d3p1:Gallio.Line="69" d3p1:Gallio.Column="0" xmlns:d3p1="http://www.gallio.org/">
      <Execution id="434415e5-3936-4b93-a7e6-18117fd6b9b3" />
      <Properties>
        <Property>
          <Key>TestKind</Key>
          <Value>Test</Value>
        </Property>
      </Properties>
    </GallioTestElement>
    <GallioTestElement name="Retorna_uma_class_tipo_ConexaoOracle" storage="C:\Documents and Settings\julierme\meus documentos\visual studio 2010\Projects\GeradorDeCodigo\GeradorDeCodigo.Teste\bin\Debug\GeradorDeCodigo.Teste.dll" id="39633632-3239-3862-6363-303537303936" d3p1:Gallio.TestId="26c992b8cc057096" d3p1:Gallio.AssemblyName="GeradorDeCodigo.Teste, Version=1.0.0.0, Culture=neutral, PublicKeyToken=null" d3p1:Gallio.NamespaceName="GeradorDeCodigo.Teste.Infra.Conexao" d3p1:Gallio.TypeName="GeradorDeCodigo.Teste.Infra.Conexao.FactoryConexaoTeste" d3p1:Gallio.MemberName="Retorna_uma_class_tipo_ConexaoOracle" d3p1:Gallio.ParameterName="" d3p1:Gallio.Path="C:\Documents and Settings\julierme\meus documentos\visual studio 2010\Projects\GeradorDeCodigo\GeradorDeCodigo.Teste\Infra\Conexao\FactoryConexaoTeste.cs" d3p1:Gallio.Line="35" d3p1:Gallio.Column="0" xmlns:d3p1="http://www.gallio.org/">
      <Execution id="1ee07084-196d-4be8-8730-480dce174437" />
      <Properties>
        <Property>
          <Key>TestKind</Key>
          <Value>Test</Value>
        </Property>
      </Properties>
    </GallioTestElement>
    <GallioTestElement name="Retorna_uma_exception_para_cria_arquivo_se_caminho_vazinho" storage="C:\Documents and Settings\julierme\meus documentos\visual studio 2010\Projects\GeradorDeCodigo\GeradorDeCodigo.Teste\bin\Debug\GeradorDeCodigo.Teste.dll" id="37616638-3633-3638-6464-306665353237" d3p1:Gallio.TestId="8fa73686dd0fe527" d3p1:Gallio.AssemblyName="GeradorDeCodigo.Teste, Version=1.0.0.0, Culture=neutral, PublicKeyToken=null" d3p1:Gallio.NamespaceName="GeradorDeCodigo.Teste.Domino.GeraArquivo" d3p1:Gallio.TypeName="GeradorDeCodigo.Teste.Domino.GeraArquivo.GeraArquivoTeste" d3p1:Gallio.MemberName="Retorna_uma_exception_para_cria_arquivo_se_caminho_vazinho" d3p1:Gallio.ParameterName="" d3p1:Gallio.Path="C:\Documents and Settings\julierme\meus documentos\visual studio 2010\Projects\GeradorDeCodigo\GeradorDeCodigo.Teste\Domino\GeraArquivo\GeraArquivoTeste.cs" d3p1:Gallio.Line="82" d3p1:Gallio.Column="0" xmlns:d3p1="http://www.gallio.org/">
      <Execution id="20cddff7-8726-4fff-86b5-9e2f09ff0b1f" />
      <Properties>
        <Property>
          <Key>TestKind</Key>
          <Value>Test</Value>
        </Property>
      </Properties>
    </GallioTestElement>
    <GallioTestElement name="Retorna_uma_exeption_caso_passe_Oracle_e_retorna_Sqlserver" storage="C:\Documents and Settings\julierme\meus documentos\visual studio 2010\Projects\GeradorDeCodigo\GeradorDeCodigo.Teste\bin\Debug\GeradorDeCodigo.Teste.dll" id="31633565-6630-3663-3234-376564316565" d3p1:Gallio.TestId="e5c10fc6247ed1ee" d3p1:Gallio.AssemblyName="GeradorDeCodigo.Teste, Version=1.0.0.0, Culture=neutral, PublicKeyToken=null" d3p1:Gallio.NamespaceName="GeradorDeCodigo.Teste.Infra.Conexao" d3p1:Gallio.TypeName="GeradorDeCodigo.Teste.Infra.Conexao.FactoryConexaoTeste" d3p1:Gallio.MemberName="Retorna_uma_exeption_caso_passe_Oracle_e_retorna_Sqlserver" d3p1:Gallio.ParameterName="" d3p1:Gallio.Path="C:\Documents and Settings\julierme\meus documentos\visual studio 2010\Projects\GeradorDeCodigo\GeradorDeCodigo.Teste\Infra\Conexao\FactoryConexaoTeste.cs" d3p1:Gallio.Line="55" d3p1:Gallio.Column="0" xmlns:d3p1="http://www.gallio.org/">
      <Execution id="6b8780bf-b4ac-4292-8334-f29e52f990db" />
      <Properties>
        <Property>
          <Key>TestKind</Key>
          <Value>Test</Value>
        </Property>
      </Properties>
    </GallioTestElement>
    <GallioTestElement name="Passado_so_Souce_Catalog_Tem_que_retorna_string_conexao" storage="C:\Documents and Settings\julierme\meus documentos\visual studio 2010\Projects\GeradorDeCodigo\GeradorDeCodigo.Teste\bin\Debug\GeradorDeCodigo.Teste.dll" id="64383266-3736-3338-3533-383166353939" d3p1:Gallio.TestId="f28d67835381f599" d3p1:Gallio.AssemblyName="GeradorDeCodigo.Teste, Version=1.0.0.0, Culture=neutral, PublicKeyToken=null" d3p1:Gallio.NamespaceName="GeradorDeCodigo.Infra.Conexao" d3p1:Gallio.TypeName="GeradorDeCodigo.Infra.Conexao.StringConexaoTeste" d3p1:Gallio.MemberName="Passado_so_Souce_Catalog_Tem_que_retorna_string_conexao" d3p1:Gallio.ParameterName="" d3p1:Gallio.Path="C:\Documents and Settings\julierme\meus documentos\visual studio 2010\Projects\GeradorDeCodigo\GeradorDeCodigo.Teste\Infra\Conexao\StringConexaoTeste.cs" d3p1:Gallio.Line="25" d3p1:Gallio.Column="0" xmlns:d3p1="http://www.gallio.org/">
      <Execution id="051764fd-8bae-4bcd-8ac0-f17e2978ab84" />
      <Properties>
        <Property>
          <Key>TestKind</Key>
          <Value>Test</Value>
        </Property>
      </Properties>
    </GallioTestElement>
    <GallioTestElement name="dado_uma_lista_string_cria_arquivo_no_diretorio" storage="C:\Documents and Settings\julierme\meus documentos\visual studio 2010\Projects\GeradorDeCodigo\GeradorDeCodigo.Teste\bin\Debug\GeradorDeCodigo.Teste.dll" id="64323338-6433-3038-3732-333061323061" d3p1:Gallio.TestId="832d3d807230a20a" d3p1:Gallio.AssemblyName="GeradorDeCodigo.Teste, Version=1.0.0.0, Culture=neutral, PublicKeyToken=null" d3p1:Gallio.NamespaceName="GeradorDeCodigo.Teste.Domino.GeraArquivo" d3p1:Gallio.TypeName="GeradorDeCodigo.Teste.Domino.GeraArquivo.GeraArquivoTeste" d3p1:Gallio.MemberName="dado_uma_lista_string_cria_arquivo_no_diretorio" d3p1:Gallio.ParameterName="" d3p1:Gallio.Path="C:\Documents and Settings\julierme\meus documentos\visual studio 2010\Projects\GeradorDeCodigo\GeradorDeCodigo.Teste\Domino\GeraArquivo\GeraArquivoTeste.cs" d3p1:Gallio.Line="45" d3p1:Gallio.Column="0" xmlns:d3p1="http://www.gallio.org/">
      <Execution id="64d61f3e-af30-48ec-a816-12c0d3410f54" />
      <Properties>
        <Property>
          <Key>TestKind</Key>
          <Value>Test</Value>
        </Property>
      </Properties>
    </GallioTestElement>
    <GallioTestElement name="Retorna_uma_exception_se_passado_nome_vazio" storage="C:\Documents and Settings\julierme\meus documentos\visual studio 2010\Projects\GeradorDeCodigo\GeradorDeCodigo.Teste\bin\Debug\GeradorDeCodigo.Teste.dll" id="30303034-3130-6563-6235-666430613839" d3p1:Gallio.TestId="400001ceb5fd0a89" d3p1:Gallio.AssemblyName="GeradorDeCodigo.Teste, Version=1.0.0.0, Culture=neutral, PublicKeyToken=null" d3p1:Gallio.NamespaceName="GeradorDeCodigo.Teste.Domino.TrataNomeTeste" d3p1:Gallio.TypeName="GeradorDeCodigo.Teste.Domino.TrataNomeTeste.TrataNomeTeste" d3p1:Gallio.MemberName="Retorna_uma_exception_se_passado_nome_vazio" d3p1:Gallio.ParameterName="" d3p1:Gallio.Path="C:\Documents and Settings\julierme\meus documentos\visual studio 2010\Projects\GeradorDeCodigo\GeradorDeCodigo.Teste\Domino\TrataNomeTeste\TrataNomeTeste.cs" d3p1:Gallio.Line="49" d3p1:Gallio.Column="0" xmlns:d3p1="http://www.gallio.org/">
      <Execution id="e5a50908-3d67-4b6e-b607-ef47df4a4d1b" />
      <Properties>
        <Property>
          <Key>TestKind</Key>
          <Value>Test</Value>
        </Property>
      </Properties>
    </GallioTestElement>
    <GallioTestElement name="Retorna_a_tabela_do_campo_chaveEstrageira_de_tabela_do_banco_Northwind" storage="C:\Documents and Settings\julierme\meus documentos\visual studio 2010\Projects\GeradorDeCodigo\GeradorDeCodigo.Teste\bin\Debug\GeradorDeCodigo.Teste.dll" id="39613033-3837-6161-6335-616539643436" d3p1:Gallio.TestId="30a978aac5ae9d46" d3p1:Gallio.AssemblyName="GeradorDeCodigo.Teste, Version=1.0.0.0, Culture=neutral, PublicKeyToken=null" d3p1:Gallio.NamespaceName="GeradorDeCodigo.Teste.Infra.MetadadosTeste" d3p1:Gallio.TypeName="GeradorDeCodigo.Teste.Infra.MetadadosTeste.TabelasECamposSqlServerTeste" d3p1:Gallio.MemberName="Retorna_a_tabela_do_campo_chaveEstrageira_de_tabela_do_banco_Northwind" d3p1:Gallio.ParameterName="" d3p1:Gallio.Path="C:\Documents and Settings\julierme\meus documentos\visual studio 2010\Projects\GeradorDeCodigo\GeradorDeCodigo.Teste\Infra\MetadadosTeste\TabelasECamposSqlServerTeste.cs" d3p1:Gallio.Line="200" d3p1:Gallio.Column="0" xmlns:d3p1="http://www.gallio.org/">
      <Execution id="fdfe42a2-06da-4f16-9f6e-c6f86201f921" />
      <Properties>
        <Property>
          <Key>TestKind</Key>
          <Value>Test</Value>
        </Property>
      </Properties>
    </GallioTestElement>
    <GallioTestElement name="Passado_uma_tabela_do_banco_Northwind_ele_retorna_seus_relacionamentos" storage="C:\Documents and Settings\julierme\meus documentos\visual studio 2010\Projects\GeradorDeCodigo\GeradorDeCodigo.Teste\bin\Debug\GeradorDeCodigo.Teste.dll" id="65373936-3430-3764-3363-653437323639" d3p1:Gallio.TestId="697e04d73ce47269" d3p1:Gallio.AssemblyName="GeradorDeCodigo.Teste, Version=1.0.0.0, Culture=neutral, PublicKeyToken=null" d3p1:Gallio.NamespaceName="GeradorDeCodigo.Teste.Infra.MetadadosTeste" d3p1:Gallio.TypeName="GeradorDeCodigo.Teste.Infra.MetadadosTeste.TabelasECamposSqlServerTeste" d3p1:Gallio.MemberName="Passado_uma_tabela_do_banco_Northwind_ele_retorna_seus_relacionamentos" d3p1:Gallio.ParameterName="" d3p1:Gallio.Path="C:\Documents and Settings\julierme\meus documentos\visual studio 2010\Projects\GeradorDeCodigo\GeradorDeCodigo.Teste\Infra\MetadadosTeste\TabelasECamposSqlServerTeste.cs" d3p1:Gallio.Line="156" d3p1:Gallio.Column="0" xmlns:d3p1="http://www.gallio.org/">
      <Execution id="08129165-4bae-4f2a-b3f0-9e818787bec2" />
      <Properties>
        <Property>
          <Key>TestKind</Key>
          <Value>Test</Value>
        </Property>
      </Properties>
    </GallioTestElement>
    <GallioTestElement name="Retorna_a_quantidade_de_campos_de_uma_tabelas_do_banco_Northwind" storage="C:\Documents and Settings\julierme\meus documentos\visual studio 2010\Projects\GeradorDeCodigo\GeradorDeCodigo.Teste\bin\Debug\GeradorDeCodigo.Teste.dll" id="39633232-6234-6166-3237-333439303663" d3p1:Gallio.TestId="22c94bfa2734906c" d3p1:Gallio.AssemblyName="GeradorDeCodigo.Teste, Version=1.0.0.0, Culture=neutral, PublicKeyToken=null" d3p1:Gallio.NamespaceName="GeradorDeCodigo.Teste.Infra.MetadadosTeste" d3p1:Gallio.TypeName="GeradorDeCodigo.Teste.Infra.MetadadosTeste.TabelasECamposSqlServerTeste" d3p1:Gallio.MemberName="Retorna_a_quantidade_de_campos_de_uma_tabelas_do_banco_Northwind" d3p1:Gallio.ParameterName="" d3p1:Gallio.Path="C:\Documents and Settings\julierme\meus documentos\visual studio 2010\Projects\GeradorDeCodigo\GeradorDeCodigo.Teste\Infra\MetadadosTeste\TabelasECamposSqlServerTeste.cs" d3p1:Gallio.Line="61" d3p1:Gallio.Column="0" xmlns:d3p1="http://www.gallio.org/">
      <Execution id="923bb8ce-dc85-44b1-b8c2-3069b7d4b08d" />
      <Properties>
        <Property>
          <Key>TestKind</Key>
          <Value>Test</Value>
        </Property>
      </Properties>
    </GallioTestElement>
    <GallioTestElement name="Retorna_uma_exception_para_tipo_que_nao_seja_bd" storage="C:\Documents and Settings\julierme\meus documentos\visual studio 2010\Projects\GeradorDeCodigo\GeradorDeCodigo.Teste\bin\Debug\GeradorDeCodigo.Teste.dll" id="33303038-3937-3165-6439-623831643137" d3p1:Gallio.TestId="800379e1d9b81d17" d3p1:Gallio.AssemblyName="GeradorDeCodigo.Teste, Version=1.0.0.0, Culture=neutral, PublicKeyToken=null" d3p1:Gallio.NamespaceName="GeradorDeCodigo.Teste.Domino.GeraArquivo" d3p1:Gallio.TypeName="GeradorDeCodigo.Teste.Domino.GeraArquivo.GeraArquivoTeste" d3p1:Gallio.MemberName="Retorna_uma_exception_para_tipo_que_nao_seja_bd" d3p1:Gallio.ParameterName="" d3p1:Gallio.Path="C:\Documents and Settings\julierme\meus documentos\visual studio 2010\Projects\GeradorDeCodigo\GeradorDeCodigo.Teste\Domino\GeraArquivo\GeraArquivoTeste.cs" d3p1:Gallio.Line="180" d3p1:Gallio.Column="0" xmlns:d3p1="http://www.gallio.org/">
      <Execution id="a4a6a3e2-ec66-431d-8bfb-1c292bfce856" />
      <Properties>
        <Property>
          <Key>TestKind</Key>
          <Value>Test</Value>
        </Property>
      </Properties>
    </GallioTestElement>
    <GallioTestElement name="Retorna_uma_class_ConexaoSqlServer" storage="C:\Documents and Settings\julierme\meus documentos\visual studio 2010\Projects\GeradorDeCodigo\GeradorDeCodigo.Teste\bin\Debug\GeradorDeCodigo.Teste.dll" id="62393162-3532-3465-3430-376630313932" d3p1:Gallio.TestId="b19b25e4407f0192" d3p1:Gallio.AssemblyName="GeradorDeCodigo.Teste, Version=1.0.0.0, Culture=neutral, PublicKeyToken=null" d3p1:Gallio.NamespaceName="GeradorDeCodigo.Teste.Infra.Conexao" d3p1:Gallio.TypeName="GeradorDeCodigo.Teste.Infra.Conexao.FactoryConexaoTeste" d3p1:Gallio.MemberName="Retorna_uma_class_ConexaoSqlServer" d3p1:Gallio.ParameterName="" d3p1:Gallio.Path="C:\Documents and Settings\julierme\meus documentos\visual studio 2010\Projects\GeradorDeCodigo\GeradorDeCodigo.Teste\Infra\Conexao\FactoryConexaoTeste.cs" d3p1:Gallio.Line="16" d3p1:Gallio.Column="0" xmlns:d3p1="http://www.gallio.org/">
      <Execution id="9176a25c-099c-48c6-9b16-8da579b0e297" />
      <Properties>
        <Property>
          <Key>TestKind</Key>
          <Value>Test</Value>
        </Property>
      </Properties>
    </GallioTestElement>
    <GallioTestElement name="Retorna_a_quantidade_de_campos_chaves_de_uma_tabelas_do_banco_Northwind" storage="C:\Documents and Settings\julierme\meus documentos\visual studio 2010\Projects\GeradorDeCodigo\GeradorDeCodigo.Teste\bin\Debug\GeradorDeCodigo.Teste.dll" id="62303138-3631-3537-3931-376332376261" d3p1:Gallio.TestId="810b1675917c27ba" d3p1:Gallio.AssemblyName="GeradorDeCodigo.Teste, Version=1.0.0.0, Culture=neutral, PublicKeyToken=null" d3p1:Gallio.NamespaceName="GeradorDeCodigo.Teste.Infra.MetadadosTeste" d3p1:Gallio.TypeName="GeradorDeCodigo.Teste.Infra.MetadadosTeste.TabelasECamposSqlServerTeste" d3p1:Gallio.MemberName="Retorna_a_quantidade_de_campos_chaves_de_uma_tabelas_do_banco_Northwind" d3p1:Gallio.ParameterName="" d3p1:Gallio.Path="C:\Documents and Settings\julierme\meus documentos\visual studio 2010\Projects\GeradorDeCodigo\GeradorDeCodigo.Teste\Infra\MetadadosTeste\TabelasECamposSqlServerTeste.cs" d3p1:Gallio.Line="68" d3p1:Gallio.Column="0" xmlns:d3p1="http://www.gallio.org/">
      <Execution id="1f1266fb-7cbb-48d3-b0ef-02fc93162cb6" />
      <Properties>
        <Property>
          <Key>TestKind</Key>
          <Value>Test</Value>
        </Property>
      </Properties>
    </GallioTestElement>
    <GallioTestElement name="Retorna_falso_se_campo_for_chave_de_uma_tabelas_do_banco_Northwind" storage="C:\Documents and Settings\julierme\meus documentos\visual studio 2010\Projects\GeradorDeCodigo\GeradorDeCodigo.Teste\bin\Debug\GeradorDeCodigo.Teste.dll" id="35653164-3166-3563-3265-616139653366" d3p1:Gallio.TestId="d1e5f1c52eaa9e3f" d3p1:Gallio.AssemblyName="GeradorDeCodigo.Teste, Version=1.0.0.0, Culture=neutral, PublicKeyToken=null" d3p1:Gallio.NamespaceName="GeradorDeCodigo.Teste.Infra.MetadadosTeste" d3p1:Gallio.TypeName="GeradorDeCodigo.Teste.Infra.MetadadosTeste.TabelasECamposSqlServerTeste" d3p1:Gallio.MemberName="Retorna_falso_se_campo_for_chave_de_uma_tabelas_do_banco_Northwind" d3p1:Gallio.ParameterName="" d3p1:Gallio.Path="C:\Documents and Settings\julierme\meus documentos\visual studio 2010\Projects\GeradorDeCodigo\GeradorDeCodigo.Teste\Infra\MetadadosTeste\TabelasECamposSqlServerTeste.cs" d3p1:Gallio.Line="99" d3p1:Gallio.Column="0" xmlns:d3p1="http://www.gallio.org/">
      <Execution id="e8d91cd8-9d0e-4478-9937-43051134936e" />
      <Properties>
        <Property>
          <Key>TestKind</Key>
          <Value>Test</Value>
        </Property>
      </Properties>
    </GallioTestElement>
    <GallioTestElement name="Retorna_uma_exception_GetSqlServer_se_passa_source_catalog_vazio" storage="C:\Documents and Settings\julierme\meus documentos\visual studio 2010\Projects\GeradorDeCodigo\GeradorDeCodigo.Teste\bin\Debug\GeradorDeCodigo.Teste.dll" id="39373233-6331-6336-3039-616236303065" d3p1:Gallio.TestId="32791c6c09ab600e" d3p1:Gallio.AssemblyName="GeradorDeCodigo.Teste, Version=1.0.0.0, Culture=neutral, PublicKeyToken=null" d3p1:Gallio.NamespaceName="GeradorDeCodigo.Infra.Conexao" d3p1:Gallio.TypeName="GeradorDeCodigo.Infra.Conexao.StringConexaoTeste" d3p1:Gallio.MemberName="Retorna_uma_exception_GetSqlServer_se_passa_source_catalog_vazio" d3p1:Gallio.ParameterName="" d3p1:Gallio.Path="C:\Documents and Settings\julierme\meus documentos\visual studio 2010\Projects\GeradorDeCodigo\GeradorDeCodigo.Teste\Infra\Conexao\StringConexaoTeste.cs" d3p1:Gallio.Line="68" d3p1:Gallio.Column="0" xmlns:d3p1="http://www.gallio.org/">
      <Execution id="41ab5123-8f49-474b-a244-9d2739a89b11" />
      <Properties>
        <Property>
          <Key>TestKind</Key>
          <Value>Test</Value>
        </Property>
      </Properties>
    </GallioTestElement>
    <GallioTestElement name="Retorna_uma_exception_passando_uma_string_vazia" storage="C:\Documents and Settings\julierme\meus documentos\visual studio 2010\Projects\GeradorDeCodigo\GeradorDeCodigo.Teste\bin\Debug\GeradorDeCodigo.Teste.dll" id="62376364-3761-6633-6261-616133653666" d3p1:Gallio.TestId="dc7ba73fbaaa3e6f" d3p1:Gallio.AssemblyName="GeradorDeCodigo.Teste, Version=1.0.0.0, Culture=neutral, PublicKeyToken=null" d3p1:Gallio.NamespaceName="GeradorDeCodigo.Teste.Infra.MetadadosTeste" d3p1:Gallio.TypeName="GeradorDeCodigo.Teste.Infra.MetadadosTeste.TabelasECamposSqlServerTeste" d3p1:Gallio.MemberName="Retorna_uma_exception_passando_uma_string_vazia" d3p1:Gallio.ParameterName="" d3p1:Gallio.Path="C:\Documents and Settings\julierme\meus documentos\visual studio 2010\Projects\GeradorDeCodigo\GeradorDeCodigo.Teste\Infra\MetadadosTeste\TabelasECamposSqlServerTeste.cs" d3p1:Gallio.Line="46" d3p1:Gallio.Column="0" xmlns:d3p1="http://www.gallio.org/">
      <Execution id="a866860e-fd6f-4c1c-bbb7-f4b26fb42717" />
      <Properties>
        <Property>
          <Key>TestKind</Key>
          <Value>Test</Value>
        </Property>
      </Properties>
    </GallioTestElement>
    <GallioTestElement name="Retorna_o_campo_chave_de_tabela_do_banco_Northwind" storage="C:\Documents and Settings\julierme\meus documentos\visual studio 2010\Projects\GeradorDeCodigo\GeradorDeCodigo.Teste\bin\Debug\GeradorDeCodigo.Teste.dll" id="37333238-6662-3239-6636-353265313730" d3p1:Gallio.TestId="8237bf92f652e170" d3p1:Gallio.AssemblyName="GeradorDeCodigo.Teste, Version=1.0.0.0, Culture=neutral, PublicKeyToken=null" d3p1:Gallio.NamespaceName="GeradorDeCodigo.Teste.Infra.MetadadosTeste" d3p1:Gallio.TypeName="GeradorDeCodigo.Teste.Infra.MetadadosTeste.TabelasECamposSqlServerTeste" d3p1:Gallio.MemberName="Retorna_o_campo_chave_de_tabela_do_banco_Northwind" d3p1:Gallio.ParameterName="" d3p1:Gallio.Path="C:\Documents and Settings\julierme\meus documentos\visual studio 2010\Projects\GeradorDeCodigo\GeradorDeCodigo.Teste\Infra\MetadadosTeste\TabelasECamposSqlServerTeste.cs" d3p1:Gallio.Line="134" d3p1:Gallio.Column="0" xmlns:d3p1="http://www.gallio.org/">
      <Execution id="838b56ac-2476-4f43-ba32-ba83644d1276" />
      <Properties>
        <Property>
          <Key>TestKind</Key>
          <Value>Test</Value>
        </Property>
      </Properties>
    </GallioTestElement>
    <GallioTestElement name="Retorna_uma_exception_GetSqlServer_se_passa_source_vazio" storage="C:\Documents and Settings\julierme\meus documentos\visual studio 2010\Projects\GeradorDeCodigo\GeradorDeCodigo.Teste\bin\Debug\GeradorDeCodigo.Teste.dll" id="63343133-3130-6230-6661-333762386137" d3p1:Gallio.TestId="314c010bfa37b8a7" d3p1:Gallio.AssemblyName="GeradorDeCodigo.Teste, Version=1.0.0.0, Culture=neutral, PublicKeyToken=null" d3p1:Gallio.NamespaceName="GeradorDeCodigo.Infra.Conexao" d3p1:Gallio.TypeName="GeradorDeCodigo.Infra.Conexao.StringConexaoTeste" d3p1:Gallio.MemberName="Retorna_uma_exception_GetSqlServer_se_passa_source_vazio" d3p1:Gallio.ParameterName="" d3p1:Gallio.Path="C:\Documents and Settings\julierme\meus documentos\visual studio 2010\Projects\GeradorDeCodigo\GeradorDeCodigo.Teste\Infra\Conexao\StringConexaoTeste.cs" d3p1:Gallio.Line="61" d3p1:Gallio.Column="0" xmlns:d3p1="http://www.gallio.org/">
      <Execution id="e1e99115-0645-4e87-ad37-b198b38ae0cb" />
      <Properties>
        <Property>
          <Key>TestKind</Key>
          <Value>Test</Value>
        </Property>
      </Properties>
    </GallioTestElement>
    <GallioTestElement name="passando_lista_campos_ele_retorna_StringBilderpropetyAutomaticas_true" storage="C:\Documents and Settings\julierme\meus documentos\visual studio 2010\Projects\GeradorDeCodigo\GeradorDeCodigo.Teste\bin\Debug\GeradorDeCodigo.Teste.dll" id="61653331-3838-3561-3966-653338316466" d3p1:Gallio.TestId="13ea88a59fe381df" d3p1:Gallio.AssemblyName="GeradorDeCodigo.Teste, Version=1.0.0.0, Culture=neutral, PublicKeyToken=null" d3p1:Gallio.NamespaceName="GeradorDeCodigo.Teste.Domino.GeraArquivo" d3p1:Gallio.TypeName="GeradorDeCodigo.Teste.Domino.GeraArquivo.GeraArquivoTeste" d3p1:Gallio.MemberName="passando_lista_campos_ele_retorna_StringBilderpropetyAutomaticas_true" d3p1:Gallio.ParameterName="" d3p1:Gallio.Path="C:\Documents and Settings\julierme\meus documentos\visual studio 2010\Projects\GeradorDeCodigo\GeradorDeCodigo.Teste\Domino\GeraArquivo\GeraArquivoTeste.cs" d3p1:Gallio.Line="130" d3p1:Gallio.Column="0" xmlns:d3p1="http://www.gallio.org/">
      <Execution id="651b83aa-ff51-4137-9af0-f9de8304b7a7" />
      <Properties>
        <Property>
          <Key>TestKind</Key>
          <Value>Test</Value>
        </Property>
      </Properties>
    </GallioTestElement>
    <GallioTestElement name="Retorna_os_campos_chaves_de_uma_tabelas_do_banco_Northwind" storage="C:\Documents and Settings\julierme\meus documentos\visual studio 2010\Projects\GeradorDeCodigo\GeradorDeCodigo.Teste\bin\Debug\GeradorDeCodigo.Teste.dll" id="31393633-3835-6539-6163-653036333566" d3p1:Gallio.TestId="3691589eace0635f" d3p1:Gallio.AssemblyName="GeradorDeCodigo.Teste, Version=1.0.0.0, Culture=neutral, PublicKeyToken=null" d3p1:Gallio.NamespaceName="GeradorDeCodigo.Teste.Infra.MetadadosTeste" d3p1:Gallio.TypeName="GeradorDeCodigo.Teste.Infra.MetadadosTeste.TabelasECamposSqlServerTeste" d3p1:Gallio.MemberName="Retorna_os_campos_chaves_de_uma_tabelas_do_banco_Northwind" d3p1:Gallio.ParameterName="" d3p1:Gallio.Path="C:\Documents and Settings\julierme\meus documentos\visual studio 2010\Projects\GeradorDeCodigo\GeradorDeCodigo.Teste\Infra\MetadadosTeste\TabelasECamposSqlServerTeste.cs" d3p1:Gallio.Line="75" d3p1:Gallio.Column="0" xmlns:d3p1="http://www.gallio.org/">
      <Execution id="b452ce6c-d1e6-4416-a7ad-9577a5aff114" />
      <Properties>
        <Property>
          <Key>TestKind</Key>
          <Value>Test</Value>
        </Property>
      </Properties>
    </GallioTestElement>
    <GallioTestElement name="Retorana_falso_se_a_conexao_nao_estiver_aberta" storage="C:\Documents and Settings\julierme\meus documentos\visual studio 2010\Projects\GeradorDeCodigo\GeradorDeCodigo.Teste\bin\Debug\GeradorDeCodigo.Teste.dll" id="36353738-3464-3563-3864-643561306662" d3p1:Gallio.TestId="8756d4c58dd5a0fb" d3p1:Gallio.AssemblyName="GeradorDeCodigo.Teste, Version=1.0.0.0, Culture=neutral, PublicKeyToken=null" d3p1:Gallio.NamespaceName="GeradorDeCodigo.Teste.Infra.Conexao" d3p1:Gallio.TypeName="GeradorDeCodigo.Teste.Infra.Conexao.ConexaoSqlServerTeste" d3p1:Gallio.MemberName="Retorana_falso_se_a_conexao_nao_estiver_aberta" d3p1:Gallio.ParameterName="" d3p1:Gallio.Path="C:\Documents and Settings\julierme\meus documentos\visual studio 2010\Projects\GeradorDeCodigo\GeradorDeCodigo.Teste\Infra\Conexao\ConexaoSqlServerTeste.cs" d3p1:Gallio.Line="46" d3p1:Gallio.Column="0" xmlns:d3p1="http://www.gallio.org/">
      <Execution id="7de590a7-8a00-47bd-9a8e-ccc6c243caed" />
      <Properties>
        <Property>
          <Key>TestKind</Key>
          <Value>Test</Value>
        </Property>
      </Properties>
    </GallioTestElement>
    <GallioTestElement name="Retorna_uma_exception_se_passado_nome_vazio_converte_para_maiusculo" storage="C:\Documents and Settings\julierme\meus documentos\visual studio 2010\Projects\GeradorDeCodigo\GeradorDeCodigo.Teste\bin\Debug\GeradorDeCodigo.Teste.dll" id="36313038-3666-6132-3733-303535356333" d3p1:Gallio.TestId="8016f62a730555c3" d3p1:Gallio.AssemblyName="GeradorDeCodigo.Teste, Version=1.0.0.0, Culture=neutral, PublicKeyToken=null" d3p1:Gallio.NamespaceName="GeradorDeCodigo.Teste.Domino.TrataNomeTeste" d3p1:Gallio.TypeName="GeradorDeCodigo.Teste.Domino.TrataNomeTeste.TrataNomeTeste" d3p1:Gallio.MemberName="Retorna_uma_exception_se_passado_nome_vazio_converte_para_maiusculo" d3p1:Gallio.ParameterName="" d3p1:Gallio.Path="C:\Documents and Settings\julierme\meus documentos\visual studio 2010\Projects\GeradorDeCodigo\GeradorDeCodigo.Teste\Domino\TrataNomeTeste\TrataNomeTeste.cs" d3p1:Gallio.Line="87" d3p1:Gallio.Column="0" xmlns:d3p1="http://www.gallio.org/">
      <Execution id="0ad58388-df47-4c06-ba68-84c933ee550f" />
      <Properties>
        <Property>
          <Key>TestKind</Key>
          <Value>Test</Value>
        </Property>
      </Properties>
    </GallioTestElement>
    <GallioTestElement name="Retorna_a_quantidade_de_tabelas_do_banco_Northwind" storage="C:\Documents and Settings\julierme\meus documentos\visual studio 2010\Projects\GeradorDeCodigo\GeradorDeCodigo.Teste\bin\Debug\GeradorDeCodigo.Teste.dll" id="38356166-3934-3365-6438-633061663333" d3p1:Gallio.TestId="fa5849e3d8c0af33" d3p1:Gallio.AssemblyName="GeradorDeCodigo.Teste, Version=1.0.0.0, Culture=neutral, PublicKeyToken=null" d3p1:Gallio.NamespaceName="GeradorDeCodigo.Teste.Infra.MetadadosTeste" d3p1:Gallio.TypeName="GeradorDeCodigo.Teste.Infra.MetadadosTeste.TabelasECamposSqlServerTeste" d3p1:Gallio.MemberName="Retorna_a_quantidade_de_tabelas_do_banco_Northwind" d3p1:Gallio.ParameterName="" d3p1:Gallio.Path="C:\Documents and Settings\julierme\meus documentos\visual studio 2010\Projects\GeradorDeCodigo\GeradorDeCodigo.Teste\Infra\MetadadosTeste\TabelasECamposSqlServerTeste.cs" d3p1:Gallio.Line="55" d3p1:Gallio.Column="0" xmlns:d3p1="http://www.gallio.org/">
      <Execution id="ac9a9e20-d33d-448e-bd83-cb123ad95f40" />
      <Properties>
        <Property>
          <Key>TestKind</Key>
          <Value>Test</Value>
        </Property>
      </Properties>
    </GallioTestElement>
    <GallioTestElement name="nao_passando_source_e_base_ele_retorna_uma_null" storage="C:\Documents and Settings\julierme\meus documentos\visual studio 2010\Projects\GeradorDeCodigo\GeradorDeCodigo.Teste\bin\Debug\GeradorDeCodigo.Teste.dll" id="66336664-3136-3463-6432-333162663537" d3p1:Gallio.TestId="df3f61c4d231bf57" d3p1:Gallio.AssemblyName="GeradorDeCodigo.Teste, Version=1.0.0.0, Culture=neutral, PublicKeyToken=null" d3p1:Gallio.NamespaceName="GeradorDeCodigo.Teste.Infra.Conexao" d3p1:Gallio.TypeName="GeradorDeCodigo.Teste.Infra.Conexao.ConexaoSqlServerTeste" d3p1:Gallio.MemberName="nao_passando_source_e_base_ele_retorna_uma_null" d3p1:Gallio.ParameterName="" d3p1:Gallio.Path="C:\Documents and Settings\julierme\meus documentos\visual studio 2010\Projects\GeradorDeCodigo\GeradorDeCodigo.Teste\Infra\Conexao\ConexaoSqlServerTeste.cs" d3p1:Gallio.Line="58" d3p1:Gallio.Column="0" xmlns:d3p1="http://www.gallio.org/">
      <Execution id="3a05433f-7de5-4e49-895b-3d4d6150ec87" />
      <Properties>
        <Property>
          <Key>TestKind</Key>
          <Value>Test</Value>
        </Property>
      </Properties>
    </GallioTestElement>
    <GallioTestElement name="Retorna_uma_class_ConexaoOracle" storage="C:\Documents and Settings\julierme\meus documentos\visual studio 2010\Projects\GeradorDeCodigo\GeradorDeCodigo.Teste\bin\Debug\GeradorDeCodigo.Teste.dll" id="63343766-3562-3532-3861-336536613932" d3p1:Gallio.TestId="f74cb5258a3e6a92" d3p1:Gallio.AssemblyName="GeradorDeCodigo.Teste, Version=1.0.0.0, Culture=neutral, PublicKeyToken=null" d3p1:Gallio.NamespaceName="GeradorDeCodigo.Teste.Infra.Conexao" d3p1:Gallio.TypeName="GeradorDeCodigo.Teste.Infra.Conexao.FactoryConexaoTeste" d3p1:Gallio.MemberName="Retorna_uma_class_ConexaoOracle" d3p1:Gallio.ParameterName="" d3p1:Gallio.Path="C:\Documents and Settings\julierme\meus documentos\visual studio 2010\Projects\GeradorDeCodigo\GeradorDeCodigo.Teste\Infra\Conexao\FactoryConexaoTeste.cs" d3p1:Gallio.Line="25" d3p1:Gallio.Column="0" xmlns:d3p1="http://www.gallio.org/">
      <Execution id="23b235e7-d6c4-49be-8127-0bab035d3e82" />
      <Properties>
        <Property>
          <Key>TestKind</Key>
          <Value>Test</Value>
        </Property>
      </Properties>
    </GallioTestElement>
    <GallioTestElement name="Passando_o_nome_de_uma_tabela_ele_retorna_verdadeiro" storage="C:\Documents and Settings\julierme\meus documentos\visual studio 2010\Projects\GeradorDeCodigo\GeradorDeCodigo.Teste\bin\Debug\GeradorDeCodigo.Teste.dll" id="39326533-3265-6566-6339-346636626361" d3p1:Gallio.TestId="3e29e2fec94f6bca" d3p1:Gallio.AssemblyName="GeradorDeCodigo.Teste, Version=1.0.0.0, Culture=neutral, PublicKeyToken=null" d3p1:Gallio.NamespaceName="GeradorDeCodigo.Teste.Infra.MetadadosTeste" d3p1:Gallio.TypeName="GeradorDeCodigo.Teste.Infra.MetadadosTeste.TabelasECamposSqlServerTeste" d3p1:Gallio.MemberName="Passando_o_nome_de_uma_tabela_ele_retorna_verdadeiro" d3p1:Gallio.ParameterName="" d3p1:Gallio.Path="C:\Documents and Settings\julierme\meus documentos\visual studio 2010\Projects\GeradorDeCodigo\GeradorDeCodigo.Teste\Infra\MetadadosTeste\TabelasECamposSqlServerTeste.cs" d3p1:Gallio.Line="28" d3p1:Gallio.Column="0" xmlns:d3p1="http://www.gallio.org/">
      <Execution id="46351109-4f1e-4ac4-89cc-1a219330193c" />
      <Properties>
        <Property>
          <Key>TestKind</Key>
          <Value>Test</Value>
        </Property>
      </Properties>
    </GallioTestElement>
  </TestDefinitions>
  <TestLists>
    <TestList name="Results Not in a List" id="8c84fa94-04c1-424b-9868-57a2d4851a1d" />
    <TestList name="All Loaded Results" id="19431567-8539-422a-85d7-44ee4e166bda" />
  </TestLists>
  <TestEntries>
    <TestEntry testId="30303034-3130-6563-6235-666430613839" executionId="e5a50908-3d67-4b6e-b607-ef47df4a4d1b" testListId="8c84fa94-04c1-424b-9868-57a2d4851a1d" />
    <TestEntry testId="30623638-3332-3839-3437-616239626262" executionId="fee38db2-9209-404f-82e6-130dfcce624c" testListId="8c84fa94-04c1-424b-9868-57a2d4851a1d" />
    <TestEntry testId="30646463-3332-3237-3639-353335666438" executionId="586b6b62-5eac-451f-951a-7b819c0f87e6" testListId="8c84fa94-04c1-424b-9868-57a2d4851a1d" />
    <TestEntry testId="31356639-6364-6132-3266-626465343463" executionId="4ec38193-cca3-4c6f-b3fc-2eaa598db85a" testListId="8c84fa94-04c1-424b-9868-57a2d4851a1d" />
    <TestEntry testId="31383335-3837-3834-3536-393065333832" executionId="b7b3b082-a7da-4548-917a-13e958c99945" testListId="8c84fa94-04c1-424b-9868-57a2d4851a1d" />
    <TestEntry testId="31393633-3835-6539-6163-653036333566" executionId="b452ce6c-d1e6-4416-a7ad-9577a5aff114" testListId="8c84fa94-04c1-424b-9868-57a2d4851a1d" />
    <TestEntry testId="31633565-6630-3663-3234-376564316565" executionId="6b8780bf-b4ac-4292-8334-f29e52f990db" testListId="8c84fa94-04c1-424b-9868-57a2d4851a1d" />
    <TestEntry testId="32313866-6134-6638-3634-393538643264" executionId="566d5e59-ff2d-4261-8ce4-50b8665d8314" testListId="8c84fa94-04c1-424b-9868-57a2d4851a1d" />
    <TestEntry testId="32353762-3334-6634-3034-373765316530" executionId="38ac8417-46db-468a-b3d1-e01e8c182dc2" testListId="8c84fa94-04c1-424b-9868-57a2d4851a1d" />
    <TestEntry testId="32356131-3233-3933-3764-333938396464" executionId="0fdd5505-64e2-484f-9134-f59779998c84" testListId="8c84fa94-04c1-424b-9868-57a2d4851a1d" />
    <TestEntry testId="32363435-3064-6563-3535-633439346265" executionId="aa653e66-19f4-4bee-805d-813db5c78e5f" testListId="8c84fa94-04c1-424b-9868-57a2d4851a1d" />
    <TestEntry testId="33303038-3937-3165-6439-623831643137" executionId="a4a6a3e2-ec66-431d-8bfb-1c292bfce856" testListId="8c84fa94-04c1-424b-9868-57a2d4851a1d" />
    <TestEntry testId="33303765-3366-6532-6537-363564393161" executionId="3188734b-038b-4a19-97e3-e38b4004f0bb" testListId="8c84fa94-04c1-424b-9868-57a2d4851a1d" />
    <TestEntry testId="33356139-6264-6635-3862-663733633462" executionId="b3c4c41a-2283-4c3a-bb99-912f5ce1d0a3" testListId="8c84fa94-04c1-424b-9868-57a2d4851a1d" />
    <TestEntry testId="33363532-3534-6439-6466-653133383535" executionId="930f5f67-91b5-4ec9-a93f-940e8d3032b3" testListId="8c84fa94-04c1-424b-9868-57a2d4851a1d" />
    <TestEntry testId="33636638-6462-6364-6233-373632623964" executionId="9088d21b-3571-4735-904b-078de96c30bd" testListId="8c84fa94-04c1-424b-9868-57a2d4851a1d" />
    <TestEntry testId="33653234-6331-3335-6633-343339646265" executionId="230d92c1-f238-4d51-a45a-c73218728a47" testListId="8c84fa94-04c1-424b-9868-57a2d4851a1d" />
    <TestEntry testId="34643835-6264-6130-3934-653539313033" executionId="a91b1db4-1f5f-4fab-905f-7868a5398cec" testListId="8c84fa94-04c1-424b-9868-57a2d4851a1d" />
    <TestEntry testId="35363263-3639-3962-3266-383839666362" executionId="fdf40f1c-6caf-4943-9b65-31f03e0e30bc" testListId="8c84fa94-04c1-424b-9868-57a2d4851a1d" />
    <TestEntry testId="35383833-6536-3038-3939-626363323833" executionId="5f343f86-f34a-4cd0-a5a4-d859937f0d67" testListId="8c84fa94-04c1-424b-9868-57a2d4851a1d" />
    <TestEntry testId="35653164-3166-3563-3265-616139653366" executionId="e8d91cd8-9d0e-4478-9937-43051134936e" testListId="8c84fa94-04c1-424b-9868-57a2d4851a1d" />
    <TestEntry testId="36313038-3666-6132-3733-303535356333" executionId="0ad58388-df47-4c06-ba68-84c933ee550f" testListId="8c84fa94-04c1-424b-9868-57a2d4851a1d" />
    <TestEntry testId="36353738-3464-3563-3864-643561306662" executionId="7de590a7-8a00-47bd-9a8e-ccc6c243caed" testListId="8c84fa94-04c1-424b-9868-57a2d4851a1d" />
    <TestEntry testId="37333238-6662-3239-6636-353265313730" executionId="838b56ac-2476-4f43-ba32-ba83644d1276" testListId="8c84fa94-04c1-424b-9868-57a2d4851a1d" />
    <TestEntry testId="37616638-3633-3638-6464-306665353237" executionId="20cddff7-8726-4fff-86b5-9e2f09ff0b1f" testListId="8c84fa94-04c1-424b-9868-57a2d4851a1d" />
    <TestEntry testId="37643537-6664-6630-3234-393466356520" executionId="47caabcd-ad8b-4efe-b02c-4bfa87dffa72" testListId="8c84fa94-04c1-424b-9868-57a2d4851a1d" />
    <TestEntry testId="38333435-3866-3130-3162-616430326336" executionId="faffa992-305b-495c-9088-e3fc7f0570a5" testListId="8c84fa94-04c1-424b-9868-57a2d4851a1d" />
    <TestEntry testId="38356166-3934-3365-6438-633061663333" executionId="ac9a9e20-d33d-448e-bd83-cb123ad95f40" testListId="8c84fa94-04c1-424b-9868-57a2d4851a1d" />
    <TestEntry testId="39316539-3932-3531-6432-326266373663" executionId="b65ce505-0b8d-489b-b2a8-3d78544b5cf1" testListId="8c84fa94-04c1-424b-9868-57a2d4851a1d" />
    <TestEntry testId="39326533-3265-6566-6339-346636626361" executionId="46351109-4f1e-4ac4-89cc-1a219330193c" testListId="8c84fa94-04c1-424b-9868-57a2d4851a1d" />
    <TestEntry testId="39373233-6331-6336-3039-616236303065" executionId="41ab5123-8f49-474b-a244-9d2739a89b11" testListId="8c84fa94-04c1-424b-9868-57a2d4851a1d" />
    <TestEntry testId="39613033-3837-6161-6335-616539643436" executionId="fdfe42a2-06da-4f16-9f6e-c6f86201f921" testListId="8c84fa94-04c1-424b-9868-57a2d4851a1d" />
    <TestEntry testId="39633232-6234-6166-3237-333439303663" executionId="923bb8ce-dc85-44b1-b8c2-3069b7d4b08d" testListId="8c84fa94-04c1-424b-9868-57a2d4851a1d" />
    <TestEntry testId="39633632-3239-3862-6363-303537303936" executionId="1ee07084-196d-4be8-8730-480dce174437" testListId="8c84fa94-04c1-424b-9868-57a2d4851a1d" />
    <TestEntry testId="61336661-3136-3139-6236-643537363934" executionId="122b6eee-674c-4cdb-ae2e-0230d3e982ad" testListId="8c84fa94-04c1-424b-9868-57a2d4851a1d" />
    <TestEntry testId="61646461-6230-6264-3531-643634303530" executionId="434415e5-3936-4b93-a7e6-18117fd6b9b3" testListId="8c84fa94-04c1-424b-9868-57a2d4851a1d" />
    <TestEntry testId="61653331-3838-3561-3966-653338316466" executionId="651b83aa-ff51-4137-9af0-f9de8304b7a7" testListId="8c84fa94-04c1-424b-9868-57a2d4851a1d" />
    <TestEntry testId="62303138-3631-3537-3931-376332376261" executionId="1f1266fb-7cbb-48d3-b0ef-02fc93162cb6" testListId="8c84fa94-04c1-424b-9868-57a2d4851a1d" />
    <TestEntry testId="62303737-3831-3730-3964-653033633038" executionId="1f452e1d-cdfa-4208-8b3a-bd65cd734c59" testListId="8c84fa94-04c1-424b-9868-57a2d4851a1d" />
    <TestEntry testId="62373335-3032-6364-6234-613763376320" executionId="8af52934-8e2c-4179-870e-50de7a929149" testListId="8c84fa94-04c1-424b-9868-57a2d4851a1d" />
    <TestEntry testId="62376364-3761-6633-6261-616133653666" executionId="a866860e-fd6f-4c1c-bbb7-f4b26fb42717" testListId="8c84fa94-04c1-424b-9868-57a2d4851a1d" />
    <TestEntry testId="62393162-3532-3465-3430-376630313932" executionId="9176a25c-099c-48c6-9b16-8da579b0e297" testListId="8c84fa94-04c1-424b-9868-57a2d4851a1d" />
    <TestEntry testId="62623361-6230-3536-6364-333337666265" executionId="b82dac0b-3e5a-4689-a62d-7e027bb97992" testListId="8c84fa94-04c1-424b-9868-57a2d4851a1d" />
    <TestEntry testId="63343133-3130-6230-6661-333762386137" executionId="e1e99115-0645-4e87-ad37-b198b38ae0cb" testListId="8c84fa94-04c1-424b-9868-57a2d4851a1d" />
    <TestEntry testId="63343766-3562-3532-3861-336536613932" executionId="23b235e7-d6c4-49be-8127-0bab035d3e82" testListId="8c84fa94-04c1-424b-9868-57a2d4851a1d" />
    <TestEntry testId="63373332-6164-3935-6536-616337316435" executionId="37b62da6-f296-472d-bc41-184fec670f11" testListId="8c84fa94-04c1-424b-9868-57a2d4851a1d" />
    <TestEntry testId="63373763-3439-3966-3330-633433653937" executionId="56f74ff5-a47e-49f2-a142-8dc496b67704" testListId="8c84fa94-04c1-424b-9868-57a2d4851a1d" />
    <TestEntry testId="64323338-6433-3038-3732-333061323061" executionId="64d61f3e-af30-48ec-a816-12c0d3410f54" testListId="8c84fa94-04c1-424b-9868-57a2d4851a1d" />
    <TestEntry testId="64356466-3863-3837-3766-313038303435" executionId="f06e06a6-c653-4658-b61c-0d7348c7616f" testListId="8c84fa94-04c1-424b-9868-57a2d4851a1d" />
    <TestEntry testId="64363634-3431-3561-3264-633432323233" executionId="ae684d2c-2a8d-46ee-abd1-ff098478519a" testListId="8c84fa94-04c1-424b-9868-57a2d4851a1d" />
[...]
    </GallioTestResult>
    <GallioTestResult executionId="7de590a7-8a00-47bd-9a8e-ccc6c243caed" testId="36353738-3464-3563-3864-643561306662" testName="Retorana_falso_se_a_conexao_nao_estiver_aberta" computerName="VGA-DES" duration="00:00:00.0020000" startTime="2010-09-23T18:10:02.1718750-03:00" endTime="2010-09-23T18:10:02.1718750-03:00" testType="f3589083-259c-4054-87f7-75cdad4b08e5" outcome="Passed" testListId="8c84fa94-04c1-424b-9868-57a2d4851a1d" relativeResultsDirectory="7de590a7-8a00-47bd-9a8e-ccc6c243caed">
    </GallioTestResult>
    <GallioTestResult executionId="838b56ac-2476-4f43-ba32-ba83644d1276" testId="37333238-6662-3239-6636-353265313730" testName="Retorna_o_campo_chave_de_tabela_do_banco_Northwind" computerName="VGA-DES" duration="00:00:00.0370000" startTime="2010-09-23T18:10:03.7500000-03:00" endTime="2010-09-23T18:10:03.7656250-03:00" testType="f3589083-259c-4054-87f7-75cdad4b08e5" outcome="Passed" testListId="8c84fa94-04c1-424b-9868-57a2d4851a1d" relativeResultsDirectory="838b56ac-2476-4f43-ba32-ba83644d1276">
    </GallioTestResult>
    <GallioTestResult executionId="20cddff7-8726-4fff-86b5-9e2f09ff0b1f" testId="37616638-3633-3638-6464-306665353237" testName="Retorna_uma_exception_para_cria_arquivo_se_caminho_vazinho" computerName="VGA-DES" duration="00:00:00.0420000" startTime="2010-09-23T18:10:02.9375000-03:00" endTime="2010-09-23T18:10:02.9531250-03:00" testType="f3589083-259c-4054-87f7-75cdad4b08e5" outcome="Passed" testListId="8c84fa94-04c1-424b-9868-57a2d4851a1d" relativeResultsDirectory="20cddff7-8726-4fff-86b5-9e2f09ff0b1f">
    </GallioTestResult>
    <GallioTestResult executionId="47caabcd-ad8b-4efe-b02c-4bfa87dffa72" testId="37643537-6664-6630-3234-393466356520" testName="Retorana_verdadeiro_se_a_conexao_estiver_aberta" computerName="VGA-DES" duration="00:00:00.0060000" startTime="2010-09-23T18:10:02.2031250-03:00" endTime="2010-09-23T18:10:02.2187500-03:00" testType="f3589083-259c-4054-87f7-75cdad4b08e5" outcome="Passed" testListId="8c84fa94-04c1-424b-9868-57a2d4851a1d" relativeResultsDirectory="47caabcd-ad8b-4efe-b02c-4bfa87dffa72">
    </GallioTestResult>
    <GallioTestResult executionId="faffa992-305b-495c-9088-e3fc7f0570a5" testId="38333435-3866-3130-3162-616430326336" testName="Retorna_o_drive_a_ser_usado_pelo_NHibernate" computerName="VGA-DES" duration="00:00:00.0300000" startTime="2010-09-23T18:10:03.8593750-03:00" endTime="2010-09-23T18:10:03.8593750-03:00" testType="f3589083-259c-4054-87f7-75cdad4b08e5" outcome="Passed" testListId="8c84fa94-04c1-424b-9868-57a2d4851a1d" relativeResultsDirectory="faffa992-305b-495c-9088-e3fc7f0570a5">
    </GallioTestResult>
    <GallioTestResult executionId="ac9a9e20-d33d-448e-bd83-cb123ad95f40" testId="38356166-3934-3365-6438-633061663333" testName="Retorna_a_quantidade_de_tabelas_do_banco_Northwind" computerName="VGA-DES" duration="00:00:00.0310000" startTime="2010-09-23T18:10:03.6562500-03:00" endTime="2010-09-23T18:10:03.6562500-03:00" testType="f3589083-259c-4054-87f7-75cdad4b08e5" outcome="Passed" testListId="8c84fa94-04c1-424b-9868-57a2d4851a1d" relativeResultsDirectory="ac9a9e20-d33d-448e-bd83-cb123ad95f40">
    </GallioTestResult>
    <GallioTestResult executionId="b65ce505-0b8d-489b-b2a8-3d78544b5cf1" testId="39316539-3932-3531-6432-326266373663" testName="Passado_uma_string_Passa_so_a_primeira_letra_para_maisculo_e_retiro_o_uderline_e_o_S" computerName="VGA-DES" duration="00:00:00.0010000" startTime="2010-09-23T18:10:04.2500000-03:00" endTime="2010-09-23T18:10:04.2656250-03:00" testType="f3589083-259c-4054-87f7-75cdad4b08e5" outcome="Passed" testListId="8c84fa94-04c1-424b-9868-57a2d4851a1d" relativeResultsDirectory="b65ce505-0b8d-489b-b2a8-3d78544b5cf1">
    </GallioTestResult>
    <GallioTestResult executionId="46351109-4f1e-4ac4-89cc-1a219330193c" testId="39326533-3265-6566-6339-346636626361" testName="Passando_o_nome_de_uma_tabela_ele_retorna_verdadeiro" computerName="VGA-DES" duration="00:00:00.0360000" startTime="2010-09-23T18:10:03.5000000-03:00" endTime="2010-09-23T18:10:03.5000000-03:00" testType="f3589083-259c-4054-87f7-75cdad4b08e5" outcome="Passed" testListId="8c84fa94-04c1-424b-9868-57a2d4851a1d" relativeResultsDirectory="46351109-4f1e-4ac4-89cc-1a219330193c">
    </GallioTestResult>
    <GallioTestResult executionId="41ab5123-8f49-474b-a244-9d2739a89b11" testId="39373233-6331-6336-3039-616236303065" testName="Retorna_uma_exception_GetSqlServer_se_passa_source_catalog_vazio" computerName="VGA-DES" duration="00:00:00.0320000" startTime="2010-09-23T18:10:03.2968750-03:00" endTime="2010-09-23T18:10:03.3125000-03:00" testType="f3589083-259c-4054-87f7-75cdad4b08e5" outcome="Passed" testListId="8c84fa94-04c1-424b-9868-57a2d4851a1d" relativeResultsDirectory="41ab5123-8f49-474b-a244-9d2739a89b11">
    </GallioTestResult>
    <GallioTestResult executionId="fdfe42a2-06da-4f16-9f6e-c6f86201f921" testId="39613033-3837-6161-6335-616539643436" testName="Retorna_a_tabela_do_campo_chaveEstrageira_de_tabela_do_banco_Northwind" computerName="VGA-DES" duration="00:00:00.0330000" startTime="2010-09-23T18:10:03.6875000-03:00" endTime="2010-09-23T18:10:03.6875000-03:00" testType="f3589083-259c-4054-87f7-75cdad4b08e5" outcome="Passed" testListId="8c84fa94-04c1-424b-9868-57a2d4851a1d" relativeResultsDirectory="fdfe42a2-06da-4f16-9f6e-c6f86201f921">
    </GallioTestResult>
    <GallioTestResult executionId="923bb8ce-dc85-44b1-b8c2-3069b7d4b08d" testId="39633232-6234-6166-3237-333439303663" testName="Retorna_a_quantidade_de_campos_de_uma_tabelas_do_banco_Northwind" computerName="VGA-DES" duration="00:00:00.0320000" startTime="2010-09-23T18:10:03.6250000-03:00" endTime="2010-09-23T18:10:03.6250000-03:00" testType="f3589083-259c-4054-87f7-75cdad4b08e5" outcome="Passed" testListId="8c84fa94-04c1-424b-9868-57a2d4851a1d" relativeResultsDirectory="923bb8ce-dc85-44b1-b8c2-3069b7d4b08d">
    </GallioTestResult>
    <GallioTestResult executionId="1ee07084-196d-4be8-8730-480dce174437" testId="39633632-3239-3862-6363-303537303936" testName="Retorna_uma_class_tipo_ConexaoOracle" computerName="VGA-DES" duration="00:00:00.0030000" startTime="2010-09-23T18:10:02.3125000-03:00" endTime="2010-09-23T18:10:02.3125000-03:00" testType="f3589083-259c-4054-87f7-75cdad4b08e5" outcome="Passed" testListId="8c84fa94-04c1-424b-9868-57a2d4851a1d" relativeResultsDirectory="1ee07084-196d-4be8-8730-480dce174437">
    </GallioTestResult>
    <GallioTestResult executionId="122b6eee-674c-4cdb-ae2e-0230d3e982ad" testId="61336661-3136-3139-6236-643537363934" testName="Passado_uma_string_para_minisculo" computerName="VGA-DES" duration="00:00:00.0010000" startTime="2010-09-23T18:10:04.0937500-03:00" endTime="2010-09-23T18:10:04.0937500-03:00" testType="f3589083-259c-4054-87f7-75cdad4b08e5" outcome="Passed" testListId="8c84fa94-04c1-424b-9868-57a2d4851a1d" relativeResultsDirectory="122b6eee-674c-4cdb-ae2e-0230d3e982ad">
    </GallioTestResult>
    <GallioTestResult executionId="434415e5-3936-4b93-a7e6-18117fd6b9b3" testId="61646461-6230-6264-3531-643634303530" testName="passado_uma_lista_string_cria_as_interface" computerName="VGA-DES" duration="00:00:00.0290000" startTime="2010-09-23T18:10:02.5625000-03:00" endTime="2010-09-23T18:10:02.5781250-03:00" testType="f3589083-259c-4054-87f7-75cdad4b08e5" outcome="Passed" testListId="8c84fa94-04c1-424b-9868-57a2d4851a1d" relativeResultsDirectory="434415e5-3936-4b93-a7e6-18117fd6b9b3">
    </GallioTestResult>
    <GallioTestResult executionId="651b83aa-ff51-4137-9af0-f9de8304b7a7" testId="61653331-3838-3561-3966-653338316466" testName="passando_lista_campos_ele_retorna_StringBilderpropetyAutomaticas_true" computerName="VGA-DES" duration="00:00:00.0310000" startTime="2010-09-23T18:10:02.6875000-03:00" endTime="2010-09-23T18:10:02.6875000-03:00" testType="f3589083-259c-4054-87f7-75cdad4b08e5" outcome="Passed" testListId="8c84fa94-04c1-424b-9868-57a2d4851a1d" relativeResultsDirectory="651b83aa-ff51-4137-9af0-f9de8304b7a7">
    </GallioTestResult>
    <GallioTestResult executionId="1f1266fb-7cbb-48d3-b0ef-02fc93162cb6" testId="62303138-3631-3537-3931-376332376261" testName="Retorna_a_quantidade_de_campos_chaves_de_uma_tabelas_do_banco_Northwind" computerName="VGA-DES" duration="00:00:00.0360000" startTime="2010-09-23T18:10:03.5781250-03:00" endTime="2010-09-23T18:10:03.5937500-03:00" testType="f3589083-259c-4054-87f7-75cdad4b08e5" outcome="Passed" testListId="8c84fa94-04c1-424b-9868-57a2d4851a1d" relativeResultsDirectory="1f1266fb-7cbb-48d3-b0ef-02fc93162cb6">
    </GallioTestResult>
    <GallioTestResult executionId="1f452e1d-cdfa-4208-8b3a-bd65cd734c59" testId="62303737-3831-3730-3964-653033633038" testName="Retorna_o_tipo_dado_do_campo_de_acordo_com_banco_Northwind" computerName="VGA-DES" duration="00:00:00.0330000" startTime="2010-09-23T18:10:03.9218750-03:00" endTime="2010-09-23T18:10:03.9375000-03:00" testType="f3589083-259c-4054-87f7-75cdad4b08e5" outcome="Passed" testListId="8c84fa94-04c1-424b-9868-57a2d4851a1d" relativeResultsDirectory="1f452e1d-cdfa-4208-8b3a-bd65cd734c59">
    </GallioTestResult>
    <GallioTestResult executionId="8af52934-8e2c-4179-870e-50de7a929149" testId="62373335-3032-6364-6234-613763376320" testName="Retorna_o_tanho_de_um_campo_string_tabelas_do_banco_Northwind" computerName="VGA-DES" duration="00:00:00.0320000" startTime="2010-09-23T18:10:03.8906250-03:00" endTime="2010-09-23T18:10:03.8906250-03:00" testType="f3589083-259c-4054-87f7-75cdad4b08e5" outcome="Passed" testListId="8c84fa94-04c1-424b-9868-57a2d4851a1d" relativeResultsDirectory="8af52934-8e2c-4179-870e-50de7a929149">
    </GallioTestResult>
    <GallioTestResult executionId="a866860e-fd6f-4c1c-bbb7-f4b26fb42717" testId="62376364-3761-6633-6261-616133653666" testName="Retorna_uma_exception_passando_uma_string_vazia" computerName="VGA-DES" duration="00:00:00.0020000" startTime="2010-09-23T18:10:04.0312500-03:00" endTime="2010-09-23T18:10:04.0312500-03:00" testType="f3589083-259c-4054-87f7-75cdad4b08e5" outcome="Passed" testListId="8c84fa94-04c1-424b-9868-57a2d4851a1d" relativeResultsDirectory="a866860e-fd6f-4c1c-bbb7-f4b26fb42717">
    </GallioTestResult>
    <GallioTestResult executionId="9176a25c-099c-48c6-9b16-8da579b0e297" testId="62393162-3532-3465-3430-376630313932" testName="Retorna_uma_class_ConexaoSqlServer" computerName="VGA-DES" duration="00:00:00.0010000" startTime="2010-09-23T18:10:02.2812500-03:00" endTime="2010-09-23T18:10:02.2812500-03:00" testType="f3589083-259c-4054-87f7-75cdad4b08e5" outcome="Passed" testListId="8c84fa94-04c1-424b-9868-57a2d4851a1d" relativeResultsDirectory="9176a25c-099c-48c6-9b16-8da579b0e297">
    </GallioTestResult>
    <GallioTestResult executionId="b82dac0b-3e5a-4689-a62d-7e027bb97992" testId="62623361-6230-3536-6364-333337666265" testName="Passando_source_e_base_ele_retrona_uma_conexao" computerName="VGA-DES" duration="00:00:00.2060000" startTime="2010-09-23T18:10:02.0781250-03:00" endTime="2010-09-23T18:10:02.1406250-03:00" testType="f3589083-259c-4054-87f7-75cdad4b08e5" outcome="Passed" testListId="8c84fa94-04c1-424b-9868-57a2d4851a1d" relativeResultsDirectory="b82dac0b-3e5a-4689-a62d-7e027bb97992">
    </GallioTestResult>
    <GallioTestResult executionId="e1e99115-0645-4e87-ad37-b198b38ae0cb" testId="63343133-3130-6230-6661-333762386137" testName="Retorna_uma_exception_GetSqlServer_se_passa_source_vazio" computerName="VGA-DES" duration="00:00:00.0290000" startTime="2010-09-23T18:10:03.3593750-03:00" endTime="2010-09-23T18:10:03.3750000-03:00" testType="f3589083-259c-4054-87f7-75cdad4b08e5" outcome="Passed" testListId="8c84fa94-04c1-424b-9868-57a2d4851a1d" relativeResultsDirectory="e1e99115-0645-4e87-ad37-b198b38ae0cb">
    </GallioTestResult>
    <GallioTestResult executionId="23b235e7-d6c4-49be-8127-0bab035d3e82" testId="63343766-3562-3532-3861-336536613932" testName="Retorna_uma_class_ConexaoOracle" computerName="VGA-DES" duration="00:00:00.0010000" startTime="2010-09-23T18:10:02.2500000-03:00" endTime="2010-09-23T18:10:02.2500000-03:00" testType="f3589083-259c-4054-87f7-75cdad4b08e5" outcome="Passed" testListId="8c84fa94-04c1-424b-9868-57a2d4851a1d" relativeResultsDirectory="23b235e7-d6c4-49be-8127-0bab035d3e82">
    </GallioTestResult>
    <GallioTestResult executionId="37b62da6-f296-472d-bc41-184fec670f11" testId="63373332-6164-3935-6536-616337316435" testName="Retorna_uma_exception_se_passado_nome_vazio_e_retira_s" computerName="VGA-DES" duration="00:00:00.0020000" startTime="2010-09-23T18:10:04.3437500-03:00" endTime="2010-09-23T18:10:04.3593750-03:00" testType="f3589083-259c-4054-87f7-75cdad4b08e5" outcome="Passed" testListId="8c84fa94-04c1-424b-9868-57a2d4851a1d" relativeResultsDirectory="37b62da6-f296-472d-bc41-184fec670f11">
    </GallioTestResult>
    <GallioTestResult executionId="56f74ff5-a47e-49f2-a142-8dc496b67704" testId="63373763-3439-3966-3330-633433653937" testName="Retorna_o_campo_chaveEstrageira_de_tabela_do_banco_Northwind" computerName="VGA-DES" duration="00:00:00.0350000" startTime="2010-09-23T18:10:03.7968750-03:00" endTime="2010-09-23T18:10:03.7968750-03:00" testType="f3589083-259c-4054-87f7-75cdad4b08e5" outcome="Passed" testListId="8c84fa94-04c1-424b-9868-57a2d4851a1d" relativeResultsDirectory="56f74ff5-a47e-49f2-a142-8dc496b67704">
    </GallioTestResult>
    <GallioTestResult executionId="64d61f3e-af30-48ec-a816-12c0d3410f54" testId="64323338-6433-3038-3732-333061323061" testName="dado_uma_lista_string_cria_arquivo_no_diretorio" computerName="VGA-DES" duration="00:00:00.0180000" startTime="2010-09-23T18:10:02.4531250-03:00" endTime="2010-09-23T18:10:02.4687500-03:00" testType="f3589083-259c-4054-87f7-75cdad4b08e5" outcome="Passed" testListId="8c84fa94-04c1-424b-9868-57a2d4851a1d" relativeResultsDirectory="64d61f3e-af30-48ec-a816-12c0d3410f54">
    </GallioTestResult>
    <GallioTestResult executionId="f06e06a6-c653-4658-b61c-0d7348c7616f" testId="64356466-3863-3837-3766-313038303435" testName="Passado_um_campo_e_uma_tabela_do_banco_Northwind_ele_retorna_se_e_Identity" computerName="VGA-DES" duration="00:00:00.0060000" startTime="2010-09-23T18:10:03.4062500-03:00" endTime="2010-09-23T18:10:03.4062500-03:00" testType="f3589083-259c-4054-87f7-75cdad4b08e5" outcome="Passed" testListId="8c84fa94-04c1-424b-9868-57a2d4851a1d" relativeResultsDirectory="f06e06a6-c653-4658-b61c-0d7348c7616f">
    </GallioTestResult>
    <GallioTestResult executionId="ae684d2c-2a8d-46ee-abd1-ff098478519a" testId="64363634-3431-3561-3264-633432323233" testName="Retorna_uma_exception_para_cria_diretorio_se_caminho_vazinho" computerName="VGA-DES" duration="00:00:00.0360000" startTime="2010-09-23T18:10:02.9843750-03:00" endTime="2010-09-23T18:10:02.9843750-03:00" testType="f3589083-259c-4054-87f7-75cdad4b08e5" outcome="Passed" testListId="8c84fa94-04c1-424b-9868-57a2d4851a1d" relativeResultsDirectory="ae684d2c-2a8d-46ee-abd1-ff098478519a">
    </GallioTestResult>
    <GallioTestResult executionId="051764fd-8bae-4bcd-8ac0-f17e2978ab84" testId="64383266-3736-3338-3533-383166353939" testName="Passado_so_Souce_Catalog_Tem_que_retorna_string_conexao" computerName="VGA-DES" duration="00:00:00.0300000" startTime="2010-09-23T18:10:03.1718750-03:00" endTime="2010-09-23T18:10:03.1718750-03:00" testType="f3589083-259c-4054-87f7-75cdad4b08e5" outcome="Passed" testListId="8c84fa94-04c1-424b-9868-57a2d4851a1d" relativeResultsDirectory="051764fd-8bae-4bcd-8ac0-f17e2978ab84">
    </GallioTestResult>
    <GallioTestResult executionId="39134369-448f-4eb4-ac50-bd218d00ec72" testId="64663762-3535-3766-3130-386538623232" testName="Retorna_uma_class_tipo_ConexaoSqlServe" computerName="VGA-DES" duration="00:00:00.0010000" startTime="2010-09-23T18:10:02.3437500-03:00" endTime="2010-09-23T18:10:02.3593750-03:00" testType="f3589083-259c-4054-87f7-75cdad4b08e5" outcome="Passed" testListId="8c84fa94-04c1-424b-9868-57a2d4851a1d" relativeResultsDirectory="39134369-448f-4eb4-ac50-bd218d00ec72">
    </GallioTestResult>
    <GallioTestResult executionId="9cf076b8-98a7-432b-80d7-e5576a14c883" testId="65316534-3033-6337-3634-346562616333" testName="Retorna_uma_exception_GetOracle_se_passa_source_Catalog_id_password_vazio" computerName="VGA-DES" duration="00:00:00.0300000" startTime="2010-09-23T18:10:03.2656250-03:00" endTime="2010-09-23T18:10:03.2656250-03:00" testType="f3589083-259c-4054-87f7-75cdad4b08e5" outcome="Passed" testListId="8c84fa94-04c1-424b-9868-57a2d4851a1d" relativeResultsDirectory="9cf076b8-98a7-432b-80d7-e5576a14c883">
    </GallioTestResult>
    <GallioTestResult executionId="08129165-4bae-4f2a-b3f0-9e818787bec2" testId="65373936-3430-3764-3363-653437323639" testName="Passado_uma_tabela_do_banco_Northwind_ele_retorna_seus_relacionamentos" computerName="VGA-DES" duration="00:00:00.0520000" startTime="2010-09-23T18:10:03.4375000-03:00" endTime="2010-09-23T18:10:03.4531250-03:00" testType="f3589083-259c-4054-87f7-75cdad4b08e5" outcome="Passed" testListId="8c84fa94-04c1-424b-9868-57a2d4851a1d" relativeResultsDirectory="08129165-4bae-4f2a-b3f0-9e818787bec2">
    </GallioTestResult>
    <GallioTestResult executionId="c54f70e5-3a6f-4966-b29b-55f140183509" testId="65386532-6261-6366-3930-393439336562" testName="Passado_uma_string_para_minisculo_e_retira_uderline_e_S_no_fim" computerName="VGA-DES" duration="00:00:00.0010000" startTime="2010-09-23T18:10:04.1875000-03:00" endTime="2010-09-23T18:10:04.1875000-03:00" testType="f3589083-259c-4054-87f7-75cdad4b08e5" outcome="Passed" testListId="8c84fa94-04c1-424b-9868-57a2d4851a1d" relativeResultsDirectory="c54f70e5-3a6f-4966-b29b-55f140183509">
    </GallioTestResult>
    <GallioTestResult executionId="53f637af-8624-40d8-bdc6-4ac4ccbe208d" testId="65663261-3262-3739-3832-306437396632" testName="passando_lista_campos_ele_retorna_StringBilder_propetyAutomaticas_false" computerName="VGA-DES" duration="00:00:00.0340000" startTime="2010-09-23T18:10:02.6562500-03:00" endTime="2010-09-23T18:10:02.6562500-03:00" testType="f3589083-259c-4054-87f7-75cdad4b08e5" outcome="Passed" testListId="8c84fa94-04c1-424b-9868-57a2d4851a1d" relativeResultsDirectory="53f637af-8624-40d8-bdc6-4ac4ccbe208d">
    </GallioTestResult>
    <GallioTestResult executionId="9ea091cb-e6d3-4b34-810b-a24bf8741643" testId="66303835-6263-6664-3137-353133326431" testName="verifica_se_existe_diretorio" computerName="VGA-DES" duration="00:00:00.0310000" startTime="2010-09-23T18:10:03.0781250-03:00" endTime="2010-09-23T18:10:03.0781250-03:00" testType="f3589083-259c-4054-87f7-75cdad4b08e5" outcome="Passed" testListId="8c84fa94-04c1-424b-9868-57a2d4851a1d" relativeResultsDirectory="9ea091cb-e6d3-4b34-810b-a24bf8741643">
    </GallioTestResult>
    <GallioTestResult executionId="3a05433f-7de5-4e49-895b-3d4d6150ec87" testId="66336664-3136-3463-6432-333162663537" testName="nao_passando_source_e_base_ele_retorna_uma_null" computerName="VGA-DES" duration="00:00:14.5670000" startTime="2010-09-23T18:09:47.3593750-03:00" endTime="2010-09-23T18:10:01.9375000-03:00" testType="f3589083-259c-4054-87f7-75cdad4b08e5" outcome="Passed" testListId="8c84fa94-04c1-424b-9868-57a2d4851a1d" relativeResultsDirectory="3a05433f-7de5-4e49-895b-3d4d6150ec87">
    </GallioTestResult>
    <GallioTestResult executionId="f1a7d3e6-2f19-4509-b63d-9a0ccd584a82" testId="66663865-3532-6431-3139-323232356631" testName="passa_um_tipo_do_banco_de_dados_retorna_um_tipo_do_CShap" computerName="VGA-DES" duration="00:00:00.0330000" startTime="2010-09-23T18:10:02.5000000-03:00" endTime="2010-09-23T18:10:02.5156250-03:00" testType="f3589083-259c-4054-87f7-75cdad4b08e5" outcome="Passed" testListId="8c84fa94-04c1-424b-9868-57a2d4851a1d" relativeResultsDirectory="f1a7d3e6-2f19-4509-b63d-9a0ccd584a82">
    </GallioTestResult>
  </Results>
</TestRun>